{"E:\\merge\\campusbazar-web\\frontend\\app\\layout.tsx": {"path":"E:\\merge\\campusbazar-web\\frontend\\app\\layout.tsx","statementMap":{"0":{"start":{"line":28,"column":24},"end":{"line":28,"column":35}},"1":{"start":{"line":10,"column":13},"end":{"line":10,"column":34}},"2":{"start":{"line":1,"column":7},"end":{"line":1,"column":null}},"3":{"start":{"line":4,"column":22},"end":{"line":4,"column":null}},"4":{"start":{"line":5,"column":24},"end":{"line":5,"column":null}},"5":{"start":{"line":6,"column":41},"end":{"line":6,"column":null}},"6":{"start":{"line":7,"column":19},"end":{"line":7,"column":null}},"7":{"start":{"line":8,"column":28},"end":{"line":8,"column":null}},"8":{"start":{"line":10,"column":34},"end":{"line":26,"column":null}}},"fnMap":{"0":{"name":"RootLayout","decl":{"start":{"line":28,"column":24},"end":{"line":28,"column":35}},"loc":{"start":{"line":28,"column":72},"end":{"line":76,"column":null}}}},"branchMap":{},"s":{"0":0,"1":0,"2":0,"3":0,"4":0,"5":0,"6":0,"7":0,"8":0},"f":{"0":0},"b":{}}
,"E:\\merge\\campusbazar-web\\frontend\\app\\page.tsx": {"path":"E:\\merge\\campusbazar-web\\frontend\\app\\page.tsx","statementMap":{"0":{"start":{"line":9,"column":24},"end":{"line":9,"column":null}},"1":{"start":{"line":3,"column":26},"end":{"line":3,"column":null}},"2":{"start":{"line":4,"column":26},"end":{"line":4,"column":null}},"3":{"start":{"line":5,"column":29},"end":{"line":5,"column":null}},"4":{"start":{"line":6,"column":17},"end":{"line":6,"column":null}},"5":{"start":{"line":7,"column":75},"end":{"line":7,"column":null}},"6":{"start":{"line":10,"column":17},"end":{"line":10,"column":null}},"7":{"start":{"line":11,"column":39},"end":{"line":11,"column":null}},"8":{"start":{"line":13,"column":2},"end":{"line":21,"column":null}},"9":{"start":{"line":14,"column":4},"end":{"line":20,"column":null}},"10":{"start":{"line":15,"column":6},"end":{"line":19,"column":null}},"11":{"start":{"line":16,"column":8},"end":{"line":16,"column":null}},"12":{"start":{"line":18,"column":8},"end":{"line":18,"column":null}},"13":{"start":{"line":23,"column":19},"end":{"line":48,"column":null}},"14":{"start":{"line":50,"column":2},"end":{"line":50,"column":null}},"15":{"start":{"line":50,"column":23},"end":{"line":50,"column":null}},"16":{"start":{"line":106,"column":12},"end":{"line":107,"column":null}}},"fnMap":{"0":{"name":"HomePage","decl":{"start":{"line":9,"column":24},"end":{"line":9,"column":null}},"loc":{"start":{"line":9,"column":24},"end":{"line":152,"column":null}}},"1":{"name":"(anonymous_3)","decl":{"start":{"line":13,"column":12},"end":{"line":13,"column":null}},"loc":{"start":{"line":13,"column":12},"end":{"line":21,"column":5}}},"2":{"name":"(anonymous_4)","decl":{"start":{"line":105,"column":24},"end":{"line":105,"column":25}},"loc":{"start":{"line":106,"column":12},"end":{"line":107,"column":null}}}},"branchMap":{"0":{"loc":{"start":{"line":14,"column":4},"end":{"line":20,"column":null}},"type":"if","locations":[{"start":{"line":14,"column":4},"end":{"line":20,"column":null}},{"start":{},"end":{}}]},"1":{"loc":{"start":{"line":15,"column":6},"end":{"line":19,"column":null}},"type":"if","locations":[{"start":{"line":15,"column":6},"end":{"line":19,"column":null}},{"start":{"line":17,"column":13},"end":{"line":19,"column":null}}]},"2":{"loc":{"start":{"line":50,"column":2},"end":{"line":50,"column":null}},"type":"if","locations":[{"start":{"line":50,"column":2},"end":{"line":50,"column":null}},{"start":{},"end":{}}]}},"s":{"0":0,"1":0,"2":0,"3":0,"4":0,"5":0,"6":0,"7":0,"8":0,"9":0,"10":0,"11":0,"12":0,"13":0,"14":0,"15":0,"16":0},"f":{"0":0,"1":0,"2":0},"b":{"0":[0,0],"1":[0,0],"2":[0,0]}}
,"E:\\merge\\campusbazar-web\\frontend\\app\\providers.tsx": {"path":"E:\\merge\\campusbazar-web\\frontend\\app\\providers.tsx","statementMap":{"0":{"start":{"line":6,"column":24},"end":{"line":6,"column":34}},"1":{"start":{"line":3,"column":49},"end":{"line":3,"column":null}},"2":{"start":{"line":4,"column":36},"end":{"line":4,"column":null}},"3":{"start":{"line":7,"column":24},"end":{"line":17,"column":null}},"4":{"start":{"line":9,"column":6},"end":{"line":17,"column":null}}},"fnMap":{"0":{"name":"Providers","decl":{"start":{"line":6,"column":24},"end":{"line":6,"column":34}},"loc":{"start":{"line":6,"column":71},"end":{"line":23,"column":null}}},"1":{"name":"(anonymous_2)","decl":{"start":{"line":8,"column":4},"end":{"line":8,"column":null}},"loc":{"start":{"line":9,"column":6},"end":{"line":17,"column":null}}}},"branchMap":{},"s":{"0":0,"1":0,"2":0,"3":0,"4":0},"f":{"0":0,"1":0},"b":{}}
,"E:\\merge\\campusbazar-web\\frontend\\app\\(public)\\layout.tsx": {"path":"E:\\merge\\campusbazar-web\\frontend\\app\\(public)\\layout.tsx","statementMap":{"0":{"start":{"line":7,"column":24},"end":{"line":7,"column":37}}},"fnMap":{"0":{"name":"PublicLayout","decl":{"start":{"line":7,"column":24},"end":{"line":7,"column":37}},"loc":{"start":{"line":7,"column":74},"end":{"line":9,"column":null}}}},"branchMap":{},"s":{"0":0},"f":{"0":0},"b":{}}
,"E:\\merge\\campusbazar-web\\frontend\\app\\(public)\\products\\metadata.ts": {"path":"E:\\merge\\campusbazar-web\\frontend\\app\\(public)\\products\\metadata.ts","statementMap":{"0":{"start":{"line":3,"column":13},"end":{"line":3,"column":34}},"1":{"start":{"line":3,"column":34},"end":{"line":10,"column":null}}},"fnMap":{},"branchMap":{},"s":{"0":0,"1":0},"f":{},"b":{}}
,"E:\\merge\\campusbazar-web\\frontend\\app\\(public)\\products\\page.tsx": {"path":"E:\\merge\\campusbazar-web\\frontend\\app\\(public)\\products\\page.tsx","statementMap":{"0":{"start":{"line":432,"column":24},"end":{"line":432,"column":null}},"1":{"start":{"line":3,"column":76},"end":{"line":3,"column":null}},"2":{"start":{"line":4,"column":43},"end":{"line":4,"column":null}},"3":{"start":{"line":5,"column":26},"end":{"line":5,"column":null}},"4":{"start":{"line":6,"column":82},"end":{"line":6,"column":null}},"5":{"start":{"line":7,"column":24},"end":{"line":7,"column":null}},"6":{"start":{"line":8,"column":36},"end":{"line":8,"column":null}},"7":{"start":{"line":9,"column":31},"end":{"line":9,"column":null}},"8":{"start":{"line":12,"column":24},"end":{"line":12,"column":null}},"9":{"start":{"line":13,"column":18},"end":{"line":13,"column":null}},"10":{"start":{"line":20,"column":7},"end":{"line":20,"column":null}},"11":{"start":{"line":23,"column":19},"end":{"line":23,"column":null}},"12":{"start":{"line":24,"column":25},"end":{"line":24,"column":null}},"13":{"start":{"line":27,"column":42},"end":{"line":27,"column":null}},"14":{"start":{"line":28,"column":42},"end":{"line":28,"column":null}},"15":{"start":{"line":30,"column":50},"end":{"line":38,"column":null}},"16":{"start":{"line":30,"column":65},"end":{"line":38,"column":8}},"17":{"start":{"line":41,"column":21},"end":{"line":53,"column":null}},"18":{"start":{"line":43,"column":27},"end":{"line":43,"column":null}},"19":{"start":{"line":44,"column":12},"end":{"line":48,"column":null}},"20":{"start":{"line":45,"column":16},"end":{"line":45,"column":null}},"21":{"start":{"line":47,"column":16},"end":{"line":47,"column":null}},"22":{"start":{"line":50,"column":12},"end":{"line":50,"column":null}},"23":{"start":{"line":51,"column":12},"end":{"line":51,"column":null}},"24":{"start":{"line":56,"column":28},"end":{"line":59,"column":null}},"25":{"start":{"line":57,"column":8},"end":{"line":57,"column":null}},"26":{"start":{"line":58,"column":8},"end":{"line":58,"column":null}},"27":{"start":{"line":61,"column":30},"end":{"line":69,"column":null}},"28":{"start":{"line":62,"column":20},"end":{"line":62,"column":null}},"29":{"start":{"line":63,"column":8},"end":{"line":63,"column":null}},"30":{"start":{"line":63,"column":28},"end":{"line":63,"column":null}},"31":{"start":{"line":64,"column":8},"end":{"line":64,"column":null}},"32":{"start":{"line":64,"column":28},"end":{"line":64,"column":null}},"33":{"start":{"line":65,"column":8},"end":{"line":65,"column":null}},"34":{"start":{"line":65,"column":31},"end":{"line":65,"column":null}},"35":{"start":{"line":66,"column":8},"end":{"line":66,"column":null}},"36":{"start":{"line":66,"column":50},"end":{"line":66,"column":null}},"37":{"start":{"line":67,"column":8},"end":{"line":67,"column":null}},"38":{"start":{"line":67,"column":30},"end":{"line":67,"column":null}},"39":{"start":{"line":68,"column":8},"end":{"line":68,"column":null}},"40":{"start":{"line":79,"column":8},"end":{"line":79,"column":null}},"41":{"start":{"line":81,"column":37},"end":{"line":81,"column":null}},"42":{"start":{"line":83,"column":28},"end":{"line":97,"column":null}},"43":{"start":{"line":84,"column":20},"end":{"line":84,"column":82}},"44":{"start":{"line":85,"column":20},"end":{"line":85,"column":null}},"45":{"start":{"line":87,"column":8},"end":{"line":94,"column":null}},"46":{"start":{"line":88,"column":23},"end":{"line":88,"column":null}},"47":{"start":{"line":89,"column":12},"end":{"line":89,"column":null}},"48":{"start":{"line":89,"column":21},"end":{"line":89,"column":null}},"49":{"start":{"line":90,"column":25},"end":{"line":90,"column":null}},"50":{"start":{"line":91,"column":12},"end":{"line":93,"column":null}},"51":{"start":{"line":92,"column":16},"end":{"line":92,"column":null}},"52":{"start":{"line":96,"column":8},"end":{"line":96,"column":null}},"53":{"start":{"line":96,"column":55},"end":{"line":96,"column":null}},"54":{"start":{"line":99,"column":21},"end":{"line":101,"column":null}},"55":{"start":{"line":100,"column":14},"end":{"line":100,"column":54}},"56":{"start":{"line":100,"column":41},"end":{"line":100,"column":47}},"57":{"start":{"line":105,"column":41},"end":{"line":105,"column":null}},"58":{"start":{"line":107,"column":4},"end":{"line":111,"column":null}},"59":{"start":{"line":108,"column":8},"end":{"line":110,"column":null}},"60":{"start":{"line":109,"column":12},"end":{"line":109,"column":null}},"61":{"start":{"line":114,"column":32},"end":{"line":114,"column":null}},"62":{"start":{"line":115,"column":35},"end":{"line":115,"column":null}},"63":{"start":{"line":116,"column":39},"end":{"line":116,"column":null}},"64":{"start":{"line":118,"column":26},"end":{"line":121,"column":null}},"65":{"start":{"line":119,"column":22},"end":{"line":119,"column":46}},"66":{"start":{"line":120,"column":8},"end":{"line":120,"column":null}},"67":{"start":{"line":120,"column":45},"end":{"line":120,"column":75}},"68":{"start":{"line":124,"column":8},"end":{"line":127,"column":null}},"69":{"start":{"line":125,"column":12},"end":{"line":125,"column":null}},"70":{"start":{"line":126,"column":12},"end":{"line":126,"column":null}},"71":{"start":{"line":128,"column":8},"end":{"line":134,"column":null}},"72":{"start":{"line":132,"column":20},"end":{"line":132,"column":null}},"73":{"start":{"line":133,"column":31},"end":{"line":133,"column":null}},"74":{"start":{"line":139,"column":40},"end":{"line":142,"column":null}},"75":{"start":{"line":143,"column":29},"end":{"line":143,"column":null}},"76":{"start":{"line":146,"column":8},"end":{"line":146,"column":null}},"77":{"start":{"line":147,"column":8},"end":{"line":147,"column":null}},"78":{"start":{"line":147,"column":38},"end":{"line":147,"column":null}},"79":{"start":{"line":148,"column":8},"end":{"line":155,"column":null}},"80":{"start":{"line":149,"column":27},"end":{"line":149,"column":null}},"81":{"start":{"line":150,"column":12},"end":{"line":151,"column":null}},"82":{"start":{"line":150,"column":25},"end":{"line":150,"column":null}},"83":{"start":{"line":151,"column":17},"end":{"line":151,"column":null}},"84":{"start":{"line":152,"column":12},"end":{"line":153,"column":null}},"85":{"start":{"line":152,"column":29},"end":{"line":152,"column":null}},"86":{"start":{"line":153,"column":17},"end":{"line":153,"column":null}},"87":{"start":{"line":154,"column":12},"end":{"line":154,"column":null}},"88":{"start":{"line":159,"column":30},"end":{"line":159,"column":null}},"89":{"start":{"line":161,"column":8},"end":{"line":161,"column":null}},"90":{"start":{"line":162,"column":8},"end":{"line":162,"column":null}},"91":{"start":{"line":162,"column":39},"end":{"line":162,"column":null}},"92":{"start":{"line":163,"column":8},"end":{"line":165,"column":null}},"93":{"start":{"line":164,"column":12},"end":{"line":164,"column":null}},"94":{"start":{"line":192,"column":45},"end":{"line":192,"column":null}},"95":{"start":{"line":197,"column":49},"end":{"line":197,"column":69}},"96":{"start":{"line":197,"column":69},"end":{"line":197,"column":100}},"97":{"start":{"line":214,"column":43},"end":{"line":214,"column":null}},"98":{"start":{"line":234,"column":49},"end":{"line":234,"column":null}},"99":{"start":{"line":238,"column":36},"end":{"line":238,"column":58}},"100":{"start":{"line":249,"column":32},"end":{"line":250,"column":null}},"101":{"start":{"line":253,"column":40},"end":{"line":253,"column":null}},"102":{"start":{"line":289,"column":53},"end":{"line":289,"column":null}},"103":{"start":{"line":294,"column":40},"end":{"line":294,"column":66}},"104":{"start":{"line":309,"column":53},"end":{"line":309,"column":null}},"105":{"start":{"line":314,"column":40},"end":{"line":314,"column":56}},"106":{"start":{"line":330,"column":53},"end":{"line":330,"column":null}},"107":{"start":{"line":346,"column":53},"end":{"line":346,"column":null}},"108":{"start":{"line":370,"column":43},"end":{"line":370,"column":null}},"109":{"start":{"line":381,"column":67},"end":{"line":381,"column":null}},"110":{"start":{"line":383,"column":28},"end":{"line":384,"column":null}},"111":{"start":{"line":387,"column":56},"end":{"line":387,"column":null}}},"fnMap":{"0":{"name":"ProductsPageContent","decl":{"start":{"line":22,"column":9},"end":{"line":22,"column":null}},"loc":{"start":{"line":22,"column":9},"end":{"line":430,"column":null}}},"1":{"name":"(anonymous_3)","decl":{"start":{"line":30,"column":58},"end":{"line":30,"column":65}},"loc":{"start":{"line":30,"column":65},"end":{"line":38,"column":8}}},"2":{"name":"(anonymous_4)","decl":{"start":{"line":42,"column":8},"end":{"line":42,"column":9}},"loc":{"start":{"line":42,"column":22},"end":{"line":52,"column":null}}},"3":{"name":"(anonymous_5)","decl":{"start":{"line":56,"column":28},"end":{"line":56,"column":null}},"loc":{"start":{"line":56,"column":28},"end":{"line":59,"column":null}}},"4":{"name":"(anonymous_6)","decl":{"start":{"line":61,"column":38},"end":{"line":61,"column":null}},"loc":{"start":{"line":61,"column":38},"end":{"line":69,"column":7}}},"5":{"name":"(anonymous_7)","decl":{"start":{"line":83,"column":36},"end":{"line":83,"column":null}},"loc":{"start":{"line":83,"column":36},"end":{"line":97,"column":7}}},"6":{"name":"(anonymous_8)","decl":{"start":{"line":96,"column":45},"end":{"line":96,"column":46}},"loc":{"start":{"line":96,"column":55},"end":{"line":96,"column":null}}},"7":{"name":"(anonymous_9)","decl":{"start":{"line":100,"column":8},"end":{"line":100,"column":14}},"loc":{"start":{"line":100,"column":14},"end":{"line":100,"column":54}}},"8":{"name":"(anonymous_10)","decl":{"start":{"line":100,"column":34},"end":{"line":100,"column":35}},"loc":{"start":{"line":100,"column":41},"end":{"line":100,"column":47}}},"9":{"name":"(anonymous_11)","decl":{"start":{"line":107,"column":14},"end":{"line":107,"column":null}},"loc":{"start":{"line":107,"column":14},"end":{"line":111,"column":7}}},"10":{"name":"(anonymous_12)","decl":{"start":{"line":118,"column":47},"end":{"line":118,"column":null}},"loc":{"start":{"line":118,"column":47},"end":{"line":121,"column":7}}},"11":{"name":"(anonymous_13)","decl":{"start":{"line":120,"column":33},"end":{"line":120,"column":34}},"loc":{"start":{"line":120,"column":45},"end":{"line":120,"column":75}}},"12":{"name":"handleWishlistToggle","decl":{"start":{"line":123,"column":13},"end":{"line":123,"column":34}},"loc":{"start":{"line":123,"column":51},"end":{"line":136,"column":null}}},"13":{"name":"(anonymous_15)","decl":{"start":{"line":131,"column":27},"end":{"line":131,"column":null}},"loc":{"start":{"line":132,"column":20},"end":{"line":132,"column":null}}},"14":{"name":"(anonymous_16)","decl":{"start":{"line":133,"column":25},"end":{"line":133,"column":31}},"loc":{"start":{"line":133,"column":31},"end":{"line":133,"column":null}}},"15":{"name":"handlePriceChange","decl":{"start":{"line":145,"column":13},"end":{"line":145,"column":31}},"loc":{"start":{"line":145,"column":55},"end":{"line":156,"column":null}}},"16":{"name":"(anonymous_18)","decl":{"start":{"line":148,"column":46},"end":{"line":148,"column":null}},"loc":{"start":{"line":148,"column":46},"end":{"line":155,"column":11}}},"17":{"name":"handleSearchChange","decl":{"start":{"line":160,"column":13},"end":{"line":160,"column":32}},"loc":{"start":{"line":160,"column":43},"end":{"line":166,"column":null}}},"18":{"name":"(anonymous_20)","decl":{"start":{"line":163,"column":47},"end":{"line":163,"column":null}},"loc":{"start":{"line":163,"column":47},"end":{"line":165,"column":11}}},"19":{"name":"(anonymous_21)","decl":{"start":{"line":192,"column":38},"end":{"line":192,"column":39}},"loc":{"start":{"line":192,"column":45},"end":{"line":192,"column":null}}},"20":{"name":"(anonymous_22)","decl":{"start":{"line":197,"column":41},"end":{"line":197,"column":49}},"loc":{"start":{"line":197,"column":41},"end":{"line":197,"column":null}}},"21":{"name":"(anonymous_23)","decl":{"start":{"line":214,"column":37},"end":{"line":214,"column":43}},"loc":{"start":{"line":214,"column":43},"end":{"line":214,"column":null}}},"22":{"name":"(anonymous_24)","decl":{"start":{"line":234,"column":42},"end":{"line":234,"column":43}},"loc":{"start":{"line":234,"column":49},"end":{"line":234,"column":null}}},"23":{"name":"(anonymous_25)","decl":{"start":{"line":237,"column":50},"end":{"line":237,"column":51}},"loc":{"start":{"line":238,"column":36},"end":{"line":238,"column":58}}},"24":{"name":"(anonymous_26)","decl":{"start":{"line":248,"column":51},"end":{"line":248,"column":52}},"loc":{"start":{"line":249,"column":32},"end":{"line":250,"column":null}}},"25":{"name":"(anonymous_27)","decl":{"start":{"line":252,"column":45},"end":{"line":252,"column":null}},"loc":{"start":{"line":253,"column":40},"end":{"line":253,"column":null}}},"26":{"name":"(anonymous_28)","decl":{"start":{"line":289,"column":46},"end":{"line":289,"column":47}},"loc":{"start":{"line":289,"column":53},"end":{"line":289,"column":null}}},"27":{"name":"(anonymous_29)","decl":{"start":{"line":293,"column":57},"end":{"line":293,"column":58}},"loc":{"start":{"line":294,"column":40},"end":{"line":294,"column":66}}},"28":{"name":"(anonymous_30)","decl":{"start":{"line":309,"column":46},"end":{"line":309,"column":47}},"loc":{"start":{"line":309,"column":53},"end":{"line":309,"column":null}}},"29":{"name":"(anonymous_31)","decl":{"start":{"line":313,"column":56},"end":{"line":313,"column":57}},"loc":{"start":{"line":314,"column":40},"end":{"line":314,"column":56}}},"30":{"name":"(anonymous_32)","decl":{"start":{"line":330,"column":46},"end":{"line":330,"column":47}},"loc":{"start":{"line":330,"column":53},"end":{"line":330,"column":null}}},"31":{"name":"(anonymous_33)","decl":{"start":{"line":346,"column":46},"end":{"line":346,"column":47}},"loc":{"start":{"line":346,"column":53},"end":{"line":346,"column":null}}},"32":{"name":"(anonymous_34)","decl":{"start":{"line":370,"column":37},"end":{"line":370,"column":43}},"loc":{"start":{"line":370,"column":43},"end":{"line":370,"column":null}}},"33":{"name":"(anonymous_35)","decl":{"start":{"line":381,"column":57},"end":{"line":381,"column":58}},"loc":{"start":{"line":381,"column":67},"end":{"line":381,"column":null}}},"34":{"name":"(anonymous_36)","decl":{"start":{"line":382,"column":39},"end":{"line":382,"column":40}},"loc":{"start":{"line":383,"column":28},"end":{"line":384,"column":null}}},"35":{"name":"(anonymous_37)","decl":{"start":{"line":387,"column":50},"end":{"line":387,"column":56}},"loc":{"start":{"line":387,"column":56},"end":{"line":387,"column":null}}},"36":{"name":"ProductsPage","decl":{"start":{"line":432,"column":24},"end":{"line":432,"column":null}},"loc":{"start":{"line":432,"column":24},"end":{"line":444,"column":null}}}},"branchMap":{"0":{"loc":{"start":{"line":27,"column":51},"end":{"line":27,"column":null}},"type":"binary-expr","locations":[{"start":{"line":27,"column":51},"end":{"line":27,"column":81}},{"start":{"line":27,"column":81},"end":{"line":27,"column":null}}]},"1":{"loc":{"start":{"line":31,"column":16},"end":{"line":31,"column":null}},"type":"binary-expr","locations":[{"start":{"line":31,"column":16},"end":{"line":31,"column":46}},{"start":{"line":31,"column":46},"end":{"line":31,"column":null}}]},"2":{"loc":{"start":{"line":32,"column":18},"end":{"line":32,"column":null}},"type":"binary-expr","locations":[{"start":{"line":32,"column":18},"end":{"line":32,"column":50}},{"start":{"line":32,"column":50},"end":{"line":32,"column":null}}]},"3":{"loc":{"start":{"line":33,"column":16},"end":{"line":33,"column":null}},"type":"binary-expr","locations":[{"start":{"line":33,"column":16},"end":{"line":33,"column":46}},{"start":{"line":33,"column":46},"end":{"line":33,"column":null}}]},"4":{"loc":{"start":{"line":34,"column":19},"end":{"line":34,"column":null}},"type":"binary-expr","locations":[{"start":{"line":34,"column":19},"end":{"line":34,"column":74}},{"start":{"line":34,"column":74},"end":{"line":34,"column":null}}]},"5":{"loc":{"start":{"line":35,"column":18},"end":{"line":35,"column":null}},"type":"cond-expr","locations":[{"start":{"line":35,"column":49},"end":{"line":35,"column":88}},{"start":{"line":35,"column":88},"end":{"line":35,"column":null}}]},"6":{"loc":{"start":{"line":36,"column":18},"end":{"line":36,"column":null}},"type":"cond-expr","locations":[{"start":{"line":36,"column":49},"end":{"line":36,"column":88}},{"start":{"line":36,"column":88},"end":{"line":36,"column":null}}]},"7":{"loc":{"start":{"line":37,"column":14},"end":{"line":37,"column":null}},"type":"binary-expr","locations":[{"start":{"line":37,"column":14},"end":{"line":37,"column":42}},{"start":{"line":37,"column":42},"end":{"line":37,"column":null}}]},"8":{"loc":{"start":{"line":44,"column":12},"end":{"line":48,"column":null}},"type":"if","locations":[{"start":{"line":44,"column":12},"end":{"line":48,"column":null}},{"start":{"line":46,"column":19},"end":{"line":48,"column":null}}]},"9":{"loc":{"start":{"line":63,"column":8},"end":{"line":63,"column":null}},"type":"if","locations":[{"start":{"line":63,"column":8},"end":{"line":63,"column":null}},{"start":{},"end":{}}]},"10":{"loc":{"start":{"line":64,"column":8},"end":{"line":64,"column":null}},"type":"if","locations":[{"start":{"line":64,"column":8},"end":{"line":64,"column":null}},{"start":{},"end":{}}]},"11":{"loc":{"start":{"line":65,"column":8},"end":{"line":65,"column":null}},"type":"if","locations":[{"start":{"line":65,"column":8},"end":{"line":65,"column":null}},{"start":{},"end":{}}]},"12":{"loc":{"start":{"line":66,"column":8},"end":{"line":66,"column":null}},"type":"if","locations":[{"start":{"line":66,"column":8},"end":{"line":66,"column":null}},{"start":{},"end":{}}]},"13":{"loc":{"start":{"line":66,"column":12},"end":{"line":66,"column":48}},"type":"binary-expr","locations":[{"start":{"line":66,"column":12},"end":{"line":66,"column":28}},{"start":{"line":66,"column":32},"end":{"line":66,"column":48}}]},"14":{"loc":{"start":{"line":67,"column":8},"end":{"line":67,"column":null}},"type":"if","locations":[{"start":{"line":67,"column":8},"end":{"line":67,"column":null}},{"start":{},"end":{}}]},"15":{"loc":{"start":{"line":84,"column":20},"end":{"line":84,"column":82}},"type":"cond-expr","locations":[{"start":{"line":84,"column":58},"end":{"line":84,"column":77}},{"start":{"line":84,"column":80},"end":{"line":84,"column":82}}]},"16":{"loc":{"start":{"line":88,"column":23},"end":{"line":88,"column":null}},"type":"binary-expr","locations":[{"start":{"line":88,"column":23},"end":{"line":88,"column":35}},{"start":{"line":88,"column":35},"end":{"line":88,"column":null}}]},"17":{"loc":{"start":{"line":89,"column":12},"end":{"line":89,"column":null}},"type":"if","locations":[{"start":{"line":89,"column":12},"end":{"line":89,"column":null}},{"start":{},"end":{}}]},"18":{"loc":{"start":{"line":90,"column":25},"end":{"line":90,"column":null}},"type":"binary-expr","locations":[{"start":{"line":90,"column":25},"end":{"line":90,"column":49}},{"start":{"line":90,"column":49},"end":{"line":90,"column":null}}]},"19":{"loc":{"start":{"line":91,"column":12},"end":{"line":93,"column":null}},"type":"if","locations":[{"start":{"line":91,"column":12},"end":{"line":93,"column":null}},{"start":{},"end":{}}]},"20":{"loc":{"start":{"line":100,"column":14},"end":{"line":100,"column":54}},"type":"binary-expr","locations":[{"start":{"line":100,"column":14},"end":{"line":100,"column":52}},{"start":{"line":100,"column":52},"end":{"line":100,"column":54}}]},"21":{"loc":{"start":{"line":108,"column":8},"end":{"line":110,"column":null}},"type":"if","locations":[{"start":{"line":108,"column":8},"end":{"line":110,"column":null}},{"start":{},"end":{}}]},"22":{"loc":{"start":{"line":108,"column":12},"end":{"line":108,"column":58}},"type":"binary-expr","locations":[{"start":{"line":108,"column":12},"end":{"line":108,"column":22}},{"start":{"line":108,"column":22},"end":{"line":108,"column":37}},{"start":{"line":108,"column":37},"end":{"line":108,"column":58}}]},"23":{"loc":{"start":{"line":119,"column":22},"end":{"line":119,"column":46}},"type":"binary-expr","locations":[{"start":{"line":119,"column":22},"end":{"line":119,"column":44}},{"start":{"line":119,"column":44},"end":{"line":119,"column":46}}]},"24":{"loc":{"start":{"line":120,"column":45},"end":{"line":120,"column":75}},"type":"binary-expr","locations":[{"start":{"line":120,"column":45},"end":{"line":120,"column":64}},{"start":{"line":120,"column":64},"end":{"line":120,"column":75}}]},"25":{"loc":{"start":{"line":124,"column":8},"end":{"line":127,"column":null}},"type":"if","locations":[{"start":{"line":124,"column":8},"end":{"line":127,"column":null}},{"start":{},"end":{}}]},"26":{"loc":{"start":{"line":132,"column":34},"end":{"line":132,"column":null}},"type":"cond-expr","locations":[{"start":{"line":132,"column":65},"end":{"line":132,"column":91}},{"start":{"line":132,"column":91},"end":{"line":132,"column":null}}]},"27":{"loc":{"start":{"line":140,"column":8},"end":{"line":140,"column":null}},"type":"binary-expr","locations":[{"start":{"line":140,"column":8},"end":{"line":140,"column":24}},{"start":{"line":140,"column":28},"end":{"line":140,"column":null}}]},"28":{"loc":{"start":{"line":141,"column":8},"end":{"line":141,"column":null}},"type":"binary-expr","locations":[{"start":{"line":141,"column":8},"end":{"line":141,"column":24}},{"start":{"line":141,"column":28},"end":{"line":141,"column":null}}]},"29":{"loc":{"start":{"line":147,"column":8},"end":{"line":147,"column":null}},"type":"if","locations":[{"start":{"line":147,"column":8},"end":{"line":147,"column":null}},{"start":{},"end":{}}]},"30":{"loc":{"start":{"line":150,"column":12},"end":{"line":151,"column":null}},"type":"if","locations":[{"start":{"line":150,"column":12},"end":{"line":151,"column":null}},{"start":{"line":151,"column":17},"end":{"line":151,"column":null}}]},"31":{"loc":{"start":{"line":152,"column":12},"end":{"line":153,"column":null}},"type":"if","locations":[{"start":{"line":152,"column":12},"end":{"line":153,"column":null}},{"start":{"line":153,"column":17},"end":{"line":153,"column":null}}]},"32":{"loc":{"start":{"line":162,"column":8},"end":{"line":162,"column":null}},"type":"if","locations":[{"start":{"line":162,"column":8},"end":{"line":162,"column":null}},{"start":{},"end":{}}]},"33":{"loc":{"start":{"line":164,"column":31},"end":{"line":164,"column":null}},"type":"binary-expr","locations":[{"start":{"line":164,"column":31},"end":{"line":164,"column":38}},{"start":{"line":164,"column":38},"end":{"line":164,"column":null}}]},"34":{"loc":{"start":{"line":179,"column":25},"end":{"line":181,"column":null}},"type":"cond-expr","locations":[{"start":{"line":180,"column":30},"end":{"line":180,"column":113}},{"start":{"line":181,"column":30},"end":{"line":181,"column":null}}]},"35":{"loc":{"start":{"line":195,"column":25},"end":{"line":195,"column":null}},"type":"binary-expr","locations":[{"start":{"line":195,"column":25},"end":{"line":195,"column":null}}]},"36":{"loc":{"start":{"line":215,"column":131},"end":{"line":217,"column":null}},"type":"cond-expr","locations":[{"start":{"line":216,"column":38},"end":{"line":216,"column":null}},{"start":{"line":217,"column":38},"end":{"line":217,"column":null}}]},"37":{"loc":{"start":{"line":215,"column":131},"end":{"line":215,"column":null}},"type":"binary-expr","locations":[{"start":{"line":215,"column":131},"end":{"line":215,"column":146}},{"start":{"line":215,"column":146},"end":{"line":215,"column":null}}]},"38":{"loc":{"start":{"line":222,"column":29},"end":{"line":222,"column":null}},"type":"binary-expr","locations":[{"start":{"line":222,"column":29},"end":{"line":222,"column":null}}]},"39":{"loc":{"start":{"line":253,"column":62},"end":{"line":253,"column":113}},"type":"cond-expr","locations":[{"start":{"line":253,"column":94},"end":{"line":253,"column":106}},{"start":{"line":253,"column":106},"end":{"line":253,"column":113}}]},"40":{"loc":{"start":{"line":255,"column":113},"end":{"line":257,"column":null}},"type":"cond-expr","locations":[{"start":{"line":256,"column":46},"end":{"line":256,"column":null}},{"start":{"line":257,"column":46},"end":{"line":257,"column":null}}]},"41":{"loc":{"start":{"line":266,"column":25},"end":{"line":266,"column":null}},"type":"binary-expr","locations":[{"start":{"line":266,"column":25},"end":{"line":266,"column":null}}]},"42":{"loc":{"start":{"line":279,"column":21},"end":{"line":279,"column":null}},"type":"binary-expr","locations":[{"start":{"line":279,"column":21},"end":{"line":279,"column":null}}]},"43":{"loc":{"start":{"line":288,"column":43},"end":{"line":288,"column":null}},"type":"binary-expr","locations":[{"start":{"line":288,"column":43},"end":{"line":288,"column":59}},{"start":{"line":288,"column":63},"end":{"line":288,"column":null}}]},"44":{"loc":{"start":{"line":289,"column":74},"end":{"line":289,"column":null}},"type":"binary-expr","locations":[{"start":{"line":289,"column":74},"end":{"line":289,"column":88}},{"start":{"line":289,"column":92},"end":{"line":289,"column":null}}]},"45":{"loc":{"start":{"line":308,"column":43},"end":{"line":308,"column":null}},"type":"binary-expr","locations":[{"start":{"line":308,"column":43},"end":{"line":308,"column":57}},{"start":{"line":308,"column":61},"end":{"line":308,"column":null}}]},"46":{"loc":{"start":{"line":309,"column":72},"end":{"line":309,"column":null}},"type":"binary-expr","locations":[{"start":{"line":309,"column":72},"end":{"line":309,"column":86}},{"start":{"line":309,"column":90},"end":{"line":309,"column":null}}]},"47":{"loc":{"start":{"line":329,"column":43},"end":{"line":329,"column":null}},"type":"binary-expr","locations":[{"start":{"line":329,"column":43},"end":{"line":329,"column":56}},{"start":{"line":329,"column":60},"end":{"line":329,"column":null}}]},"48":{"loc":{"start":{"line":330,"column":71},"end":{"line":330,"column":100}},"type":"binary-expr","locations":[{"start":{"line":330,"column":71},"end":{"line":330,"column":97}},{"start":{"line":330,"column":97},"end":{"line":330,"column":100}}]},"49":{"loc":{"start":{"line":345,"column":43},"end":{"line":345,"column":null}},"type":"cond-expr","locations":[{"start":{"line":345,"column":67},"end":{"line":345,"column":80}},{"start":{"line":345,"column":83},"end":{"line":345,"column":null}}]},"50":{"loc":{"start":{"line":346,"column":86},"end":{"line":346,"column":null}},"type":"binary-expr","locations":[{"start":{"line":346,"column":86},"end":{"line":346,"column":112}},{"start":{"line":346,"column":112},"end":{"line":346,"column":null}}]},"51":{"loc":{"start":{"line":355,"column":17},"end":{"line":355,"column":null}},"type":"binary-expr","locations":[{"start":{"line":355,"column":17},"end":{"line":355,"column":null}}]},"52":{"loc":{"start":{"line":357,"column":25},"end":{"line":359,"column":null}},"type":"cond-expr","locations":[{"start":{"line":358,"column":30},"end":{"line":358,"column":110}},{"start":{"line":359,"column":30},"end":{"line":359,"column":null}}]},"53":{"loc":{"start":{"line":358,"column":63},"end":{"line":358,"column":101}},"type":"binary-expr","locations":[{"start":{"line":358,"column":63},"end":{"line":358,"column":99}},{"start":{"line":358,"column":99},"end":{"line":358,"column":101}}]},"54":{"loc":{"start":{"line":364,"column":17},"end":{"line":364,"column":null}},"type":"binary-expr","locations":[{"start":{"line":364,"column":17},"end":{"line":364,"column":null}}]},"55":{"loc":{"start":{"line":380,"column":21},"end":{"line":384,"column":null}},"type":"cond-expr","locations":[{"start":{"line":381,"column":26},"end":{"line":381,"column":null}},{"start":{"line":382,"column":26},"end":{"line":384,"column":null}}]},"56":{"loc":{"start":{"line":393,"column":17},"end":{"line":393,"column":31}},"type":"binary-expr","locations":[{"start":{"line":393,"column":17},"end":{"line":393,"column":31}},{"start":{"line":393,"column":31},"end":{"line":393,"column":56}},{"start":{"line":393,"column":56},"end":{"line":393,"column":null}}]},"57":{"loc":{"start":{"line":398,"column":29},"end":{"line":400,"column":null}},"type":"cond-expr","locations":[{"start":{"line":399,"column":34},"end":{"line":399,"column":null}},{"start":{"line":400,"column":34},"end":{"line":400,"column":null}}]},"58":{"loc":{"start":{"line":402,"column":25},"end":{"line":402,"column":null}},"type":"binary-expr","locations":[{"start":{"line":402,"column":25},"end":{"line":402,"column":null}}]},"59":{"loc":{"start":{"line":415,"column":21},"end":{"line":415,"column":null}},"type":"binary-expr","locations":[{"start":{"line":415,"column":21},"end":{"line":415,"column":null}}]},"60":{"loc":{"start":{"line":421,"column":21},"end":{"line":421,"column":37}},"type":"binary-expr","locations":[{"start":{"line":421,"column":21},"end":{"line":421,"column":37}},{"start":{"line":421,"column":37},"end":{"line":421,"column":60}},{"start":{"line":421,"column":60},"end":{"line":421,"column":null}}]}},"s":{"0":5,"1":1,"2":1,"3":1,"4":1,"5":1,"6":1,"7":1,"8":1,"9":1,"10":1,"11":9,"12":9,"13":9,"14":9,"15":9,"16":9,"17":9,"18":1,"19":1,"20":1,"21":0,"22":1,"23":1,"24":9,"25":0,"26":0,"27":9,"28":9,"29":9,"30":0,"31":9,"32":0,"33":9,"34":0,"35":9,"36":0,"37":9,"38":0,"39":9,"40":9,"41":9,"42":9,"43":9,"44":9,"45":9,"46":0,"47":0,"48":0,"49":0,"50":0,"51":0,"52":9,"53":0,"54":9,"55":9,"56":8,"57":9,"58":9,"59":9,"60":0,"61":9,"62":9,"63":9,"64":9,"65":9,"66":9,"67":0,"68":0,"69":0,"70":0,"71":0,"72":0,"73":0,"74":9,"75":9,"76":0,"77":0,"78":0,"79":0,"80":0,"81":0,"82":0,"83":0,"84":0,"85":0,"86":0,"87":0,"88":9,"89":4,"90":4,"91":3,"92":4,"93":1,"94":4,"95":0,"96":0,"97":0,"98":0,"99":36,"100":45,"101":0,"102":0,"103":0,"104":0,"105":0,"106":0,"107":0,"108":0,"109":12,"110":7,"111":0},"f":{"0":9,"1":9,"2":1,"3":0,"4":9,"5":9,"6":0,"7":9,"8":8,"9":9,"10":9,"11":0,"12":0,"13":0,"14":0,"15":0,"16":0,"17":4,"18":1,"19":4,"20":0,"21":0,"22":0,"23":36,"24":45,"25":0,"26":0,"27":0,"28":0,"29":0,"30":0,"31":0,"32":0,"33":12,"34":7,"35":0,"36":5},"b":{"0":[9,9],"1":[9,9],"2":[9,9],"3":[9,9],"4":[9,9],"5":[0,9],"6":[0,9],"7":[9,9],"8":[1,0],"9":[0,9],"10":[0,9],"11":[0,9],"12":[0,9],"13":[9,9],"14":[0,9],"15":[9,0],"16":[0,0],"17":[0,0],"18":[0,0],"19":[0,0],"20":[9,1],"21":[0,9],"22":[9,0,0],"23":[9,0],"24":[0,0],"25":[0,0],"26":[0,0],"27":[9,9],"28":[9,9],"29":[0,0],"30":[0,0],"31":[0,0],"32":[3,1],"33":[1,0],"34":[7,2],"35":[9],"36":[0,9],"37":[9,9],"38":[9],"39":[0,0],"40":[0,45],"41":[9],"42":[9],"43":[0,0],"44":[0,0],"45":[0,0],"46":[0,0],"47":[0,0],"48":[0,0],"49":[0,0],"50":[0,0],"51":[9],"52":[7,1],"53":[7,0],"54":[9],"55":[1,8],"56":[9,8,1],"57":[0,1],"58":[1],"59":[9],"60":[9,9,7]}}
,"E:\\merge\\campusbazar-web\\frontend\\app\\(public)\\products\\[id]\\page.tsx": {"path":"E:\\merge\\campusbazar-web\\frontend\\app\\(public)\\products\\[id]\\page.tsx","statementMap":{"0":{"start":{"line":134,"column":24},"end":{"line":134,"column":42}},"1":{"start":{"line":3,"column":30},"end":{"line":3,"column":null}},"2":{"start":{"line":4,"column":17},"end":{"line":4,"column":null}},"3":{"start":{"line":5,"column":18},"end":{"line":5,"column":null}},"4":{"start":{"line":6,"column":26},"end":{"line":6,"column":null}},"5":{"start":{"line":21,"column":7},"end":{"line":21,"column":null}},"6":{"start":{"line":23,"column":82},"end":{"line":23,"column":null}},"7":{"start":{"line":24,"column":29},"end":{"line":24,"column":null}},"8":{"start":{"line":25,"column":24},"end":{"line":25,"column":null}},"9":{"start":{"line":26,"column":38},"end":{"line":26,"column":null}},"10":{"start":{"line":27,"column":24},"end":{"line":27,"column":null}},"11":{"start":{"line":28,"column":80},"end":{"line":28,"column":null}},"12":{"start":{"line":29,"column":37},"end":{"line":29,"column":null}},"13":{"start":{"line":30,"column":18},"end":{"line":30,"column":null}},"14":{"start":{"line":36,"column":34},"end":{"line":36,"column":null}},"15":{"start":{"line":38,"column":17},"end":{"line":38,"column":null}},"16":{"start":{"line":38,"column":23},"end":{"line":38,"column":null}},"17":{"start":{"line":38,"column":42},"end":{"line":38,"column":null}},"18":{"start":{"line":39,"column":17},"end":{"line":39,"column":null}},"19":{"start":{"line":39,"column":23},"end":{"line":39,"column":null}},"20":{"start":{"line":39,"column":42},"end":{"line":39,"column":null}},"21":{"start":{"line":41,"column":4},"end":{"line":47,"column":null}},"22":{"start":{"line":85,"column":32},"end":{"line":86,"column":null}},"23":{"start":{"line":87,"column":51},"end":{"line":87,"column":null}},"24":{"start":{"line":109,"column":24},"end":{"line":110,"column":null}},"25":{"start":{"line":111,"column":43},"end":{"line":111,"column":null}},"26":{"start":{"line":135,"column":19},"end":{"line":135,"column":null}},"27":{"start":{"line":136,"column":19},"end":{"line":136,"column":null}},"28":{"start":{"line":137,"column":38},"end":{"line":137,"column":null}},"29":{"start":{"line":139,"column":48},"end":{"line":139,"column":null}},"30":{"start":{"line":140,"column":20},"end":{"line":140,"column":null}},"31":{"start":{"line":143,"column":35},"end":{"line":143,"column":null}},"32":{"start":{"line":144,"column":67},"end":{"line":144,"column":null}},"33":{"start":{"line":145,"column":63},"end":{"line":145,"column":null}},"34":{"start":{"line":147,"column":26},"end":{"line":148,"column":null}},"35":{"start":{"line":148,"column":51},"end":{"line":148,"column":101}},"36":{"start":{"line":156,"column":8},"end":{"line":159,"column":null}},"37":{"start":{"line":157,"column":12},"end":{"line":157,"column":null}},"38":{"start":{"line":158,"column":12},"end":{"line":158,"column":null}},"39":{"start":{"line":160,"column":29},"end":{"line":160,"column":null}},"40":{"start":{"line":161,"column":8},"end":{"line":167,"column":null}},"41":{"start":{"line":165,"column":20},"end":{"line":165,"column":null}},"42":{"start":{"line":166,"column":31},"end":{"line":166,"column":null}},"43":{"start":{"line":172,"column":23},"end":{"line":172,"column":null}},"44":{"start":{"line":174,"column":34},"end":{"line":175,"column":null}},"45":{"start":{"line":178,"column":8},"end":{"line":181,"column":30}},"46":{"start":{"line":179,"column":28},"end":{"line":179,"column":34}},"47":{"start":{"line":180,"column":27},"end":{"line":180,"column":null}},"48":{"start":{"line":184,"column":4},"end":{"line":184,"column":null}},"49":{"start":{"line":184,"column":19},"end":{"line":184,"column":null}},"50":{"start":{"line":187,"column":4},"end":{"line":203,"column":null}},"51":{"start":{"line":205,"column":22},"end":{"line":205,"column":null}},"52":{"start":{"line":207,"column":8},"end":{"line":210,"column":null}},"53":{"start":{"line":211,"column":21},"end":{"line":215,"column":null}},"54":{"start":{"line":216,"column":27},"end":{"line":216,"column":62}},"55":{"start":{"line":217,"column":27},"end":{"line":217,"column":62}},"56":{"start":{"line":218,"column":20},"end":{"line":218,"column":null}},"57":{"start":{"line":219,"column":25},"end":{"line":219,"column":null}},"58":{"start":{"line":220,"column":27},"end":{"line":220,"column":null}},"59":{"start":{"line":221,"column":25},"end":{"line":221,"column":null}},"60":{"start":{"line":224,"column":27},"end":{"line":224,"column":null}},"61":{"start":{"line":225,"column":8},"end":{"line":230,"column":null}},"62":{"start":{"line":226,"column":12},"end":{"line":226,"column":null}},"63":{"start":{"line":228,"column":12},"end":{"line":228,"column":null}},"64":{"start":{"line":229,"column":12},"end":{"line":229,"column":null}},"65":{"start":{"line":239,"column":39},"end":{"line":239,"column":null}},"66":{"start":{"line":360,"column":44},"end":{"line":363,"column":null}},"67":{"start":{"line":361,"column":48},"end":{"line":361,"column":null}},"68":{"start":{"line":362,"column":48},"end":{"line":362,"column":null}},"69":{"start":{"line":364,"column":44},"end":{"line":364,"column":null}},"70":{"start":{"line":387,"column":59},"end":{"line":387,"column":null}},"71":{"start":{"line":517,"column":32},"end":{"line":518,"column":null}},"72":{"start":{"line":521,"column":60},"end":{"line":521,"column":null}}},"fnMap":{"0":{"name":"ImageCarousel","decl":{"start":{"line":35,"column":9},"end":{"line":35,"column":23}},"loc":{"start":{"line":35,"column":55},"end":{"line":126,"column":null}}},"1":{"name":"(anonymous_3)","decl":{"start":{"line":38,"column":17},"end":{"line":38,"column":23}},"loc":{"start":{"line":38,"column":23},"end":{"line":38,"column":null}}},"2":{"name":"(anonymous_4)","decl":{"start":{"line":38,"column":34},"end":{"line":38,"column":35}},"loc":{"start":{"line":38,"column":42},"end":{"line":38,"column":null}}},"3":{"name":"(anonymous_5)","decl":{"start":{"line":39,"column":17},"end":{"line":39,"column":23}},"loc":{"start":{"line":39,"column":23},"end":{"line":39,"column":null}}},"4":{"name":"(anonymous_6)","decl":{"start":{"line":39,"column":34},"end":{"line":39,"column":35}},"loc":{"start":{"line":39,"column":42},"end":{"line":39,"column":null}}},"5":{"name":"(anonymous_7)","decl":{"start":{"line":84,"column":40},"end":{"line":84,"column":41}},"loc":{"start":{"line":85,"column":32},"end":{"line":86,"column":null}}},"6":{"name":"(anonymous_8)","decl":{"start":{"line":87,"column":45},"end":{"line":87,"column":51}},"loc":{"start":{"line":87,"column":51},"end":{"line":87,"column":null}}},"7":{"name":"(anonymous_9)","decl":{"start":{"line":108,"column":32},"end":{"line":108,"column":33}},"loc":{"start":{"line":109,"column":24},"end":{"line":110,"column":null}}},"8":{"name":"(anonymous_10)","decl":{"start":{"line":111,"column":37},"end":{"line":111,"column":43}},"loc":{"start":{"line":111,"column":43},"end":{"line":111,"column":null}}},"9":{"name":"ProductDetailPage","decl":{"start":{"line":134,"column":24},"end":{"line":134,"column":42}},"loc":{"start":{"line":134,"column":63},"end":{"line":530,"column":null}}},"10":{"name":"(anonymous_12)","decl":{"start":{"line":148,"column":39},"end":{"line":148,"column":40}},"loc":{"start":{"line":148,"column":51},"end":{"line":148,"column":101}}},"11":{"name":"handleWishlistToggle","decl":{"start":{"line":155,"column":13},"end":{"line":155,"column":34}},"loc":{"start":{"line":155,"column":51},"end":{"line":169,"column":null}}},"12":{"name":"(anonymous_14)","decl":{"start":{"line":164,"column":27},"end":{"line":164,"column":null}},"loc":{"start":{"line":165,"column":20},"end":{"line":165,"column":null}}},"13":{"name":"(anonymous_15)","decl":{"start":{"line":166,"column":25},"end":{"line":166,"column":31}},"loc":{"start":{"line":166,"column":31},"end":{"line":166,"column":null}}},"14":{"name":"(anonymous_16)","decl":{"start":{"line":179,"column":21},"end":{"line":179,"column":22}},"loc":{"start":{"line":179,"column":28},"end":{"line":179,"column":34}}},"15":{"name":"(anonymous_17)","decl":{"start":{"line":180,"column":20},"end":{"line":180,"column":21}},"loc":{"start":{"line":180,"column":27},"end":{"line":180,"column":null}}},"16":{"name":"handleShare","decl":{"start":{"line":223,"column":13},"end":{"line":223,"column":null}},"loc":{"start":{"line":223,"column":13},"end":{"line":231,"column":null}}},"17":{"name":"(anonymous_19)","decl":{"start":{"line":239,"column":33},"end":{"line":239,"column":39}},"loc":{"start":{"line":239,"column":39},"end":{"line":239,"column":null}}},"18":{"name":"(anonymous_20)","decl":{"start":{"line":359,"column":49},"end":{"line":359,"column":null}},"loc":{"start":{"line":359,"column":49},"end":{"line":365,"column":null}}},"19":{"name":"(anonymous_21)","decl":{"start":{"line":387,"column":53},"end":{"line":387,"column":59}},"loc":{"start":{"line":387,"column":59},"end":{"line":387,"column":null}}},"20":{"name":"(anonymous_22)","decl":{"start":{"line":516,"column":49},"end":{"line":516,"column":50}},"loc":{"start":{"line":517,"column":32},"end":{"line":518,"column":null}}},"21":{"name":"(anonymous_23)","decl":{"start":{"line":521,"column":54},"end":{"line":521,"column":60}},"loc":{"start":{"line":521,"column":60},"end":{"line":521,"column":null}}}},"branchMap":{"0":{"loc":{"start":{"line":38,"column":42},"end":{"line":38,"column":null}},"type":"cond-expr","locations":[{"start":{"line":38,"column":52},"end":{"line":38,"column":72}},{"start":{"line":38,"column":72},"end":{"line":38,"column":null}}]},"1":{"loc":{"start":{"line":39,"column":42},"end":{"line":39,"column":null}},"type":"cond-expr","locations":[{"start":{"line":39,"column":68},"end":{"line":39,"column":72}},{"start":{"line":39,"column":72},"end":{"line":39,"column":null}}]},"2":{"loc":{"start":{"line":41,"column":4},"end":{"line":47,"column":null}},"type":"if","locations":[{"start":{"line":41,"column":4},"end":{"line":47,"column":null}},{"start":{},"end":{}}]},"3":{"loc":{"start":{"line":63,"column":17},"end":{"line":63,"column":null}},"type":"binary-expr","locations":[{"start":{"line":63,"column":17},"end":{"line":63,"column":null}}]},"4":{"loc":{"start":{"line":88,"column":86},"end":{"line":88,"column":null}},"type":"cond-expr","locations":[{"start":{"line":88,"column":102},"end":{"line":88,"column":123}},{"start":{"line":88,"column":123},"end":{"line":88,"column":null}}]},"5":{"loc":{"start":{"line":98,"column":17},"end":{"line":98,"column":null}},"type":"binary-expr","locations":[{"start":{"line":98,"column":17},"end":{"line":98,"column":null}}]},"6":{"loc":{"start":{"line":106,"column":13},"end":{"line":106,"column":null}},"type":"binary-expr","locations":[{"start":{"line":106,"column":13},"end":{"line":106,"column":null}}]},"7":{"loc":{"start":{"line":112,"column":121},"end":{"line":114,"column":null}},"type":"cond-expr","locations":[{"start":{"line":113,"column":34},"end":{"line":113,"column":null}},{"start":{"line":114,"column":34},"end":{"line":114,"column":null}}]},"8":{"loc":{"start":{"line":148,"column":9},"end":{"line":148,"column":33}},"type":"binary-expr","locations":[{"start":{"line":148,"column":9},"end":{"line":148,"column":31}},{"start":{"line":148,"column":31},"end":{"line":148,"column":33}}]},"9":{"loc":{"start":{"line":148,"column":51},"end":{"line":148,"column":101}},"type":"binary-expr","locations":[{"start":{"line":148,"column":51},"end":{"line":148,"column":71}},{"start":{"line":148,"column":71},"end":{"line":148,"column":90}},{"start":{"line":148,"column":90},"end":{"line":148,"column":101}}]},"10":{"loc":{"start":{"line":156,"column":8},"end":{"line":159,"column":null}},"type":"if","locations":[{"start":{"line":156,"column":8},"end":{"line":159,"column":null}},{"start":{},"end":{}}]},"11":{"loc":{"start":{"line":165,"column":34},"end":{"line":165,"column":null}},"type":"cond-expr","locations":[{"start":{"line":165,"column":49},"end":{"line":165,"column":75}},{"start":{"line":165,"column":75},"end":{"line":165,"column":null}}]},"12":{"loc":{"start":{"line":172,"column":37},"end":{"line":172,"column":null}},"type":"binary-expr","locations":[{"start":{"line":172,"column":37},"end":{"line":172,"column":58}},{"start":{"line":172,"column":58},"end":{"line":172,"column":null}}]},"13":{"loc":{"start":{"line":175,"column":8},"end":{"line":175,"column":null}},"type":"cond-expr","locations":[{"start":{"line":175,"column":21},"end":{"line":175,"column":48}},{"start":{"line":175,"column":48},"end":{"line":175,"column":null}}]},"14":{"loc":{"start":{"line":178,"column":8},"end":{"line":181,"column":30}},"type":"binary-expr","locations":[{"start":{"line":178,"column":8},"end":{"line":181,"column":28}},{"start":{"line":181,"column":28},"end":{"line":181,"column":30}}]},"15":{"loc":{"start":{"line":184,"column":4},"end":{"line":184,"column":null}},"type":"if","locations":[{"start":{"line":184,"column":4},"end":{"line":184,"column":null}},{"start":{},"end":{}}]},"16":{"loc":{"start":{"line":187,"column":4},"end":{"line":203,"column":null}},"type":"if","locations":[{"start":{"line":187,"column":4},"end":{"line":203,"column":null}},{"start":{},"end":{}}]},"17":{"loc":{"start":{"line":187,"column":8},"end":{"line":187,"column":29}},"type":"binary-expr","locations":[{"start":{"line":187,"column":8},"end":{"line":187,"column":19}},{"start":{"line":187,"column":19},"end":{"line":187,"column":29}}]},"18":{"loc":{"start":{"line":193,"column":21},"end":{"line":193,"column":null}},"type":"binary-expr","locations":[{"start":{"line":193,"column":21},"end":{"line":193,"column":39}},{"start":{"line":193,"column":39},"end":{"line":193,"column":null}}]},"19":{"loc":{"start":{"line":207,"column":8},"end":{"line":210,"column":null}},"type":"binary-expr","locations":[{"start":{"line":207,"column":8},"end":{"line":207,"column":22}},{"start":{"line":208,"column":9},"end":{"line":210,"column":17}}]},"20":{"loc":{"start":{"line":208,"column":9},"end":{"line":210,"column":17}},"type":"cond-expr","locations":[{"start":{"line":209,"column":15},"end":{"line":209,"column":30}},{"start":{"line":210,"column":14},"end":{"line":210,"column":17}}]},"21":{"loc":{"start":{"line":208,"column":9},"end":{"line":208,"column":null}},"type":"binary-expr","locations":[{"start":{"line":208,"column":9},"end":{"line":208,"column":48}},{"start":{"line":208,"column":48},"end":{"line":208,"column":null}}]},"22":{"loc":{"start":{"line":211,"column":21},"end":{"line":215,"column":null}},"type":"cond-expr","locations":[{"start":{"line":212,"column":10},"end":{"line":212,"column":26}},{"start":{"line":213,"column":10},"end":{"line":215,"column":null}}]},"23":{"loc":{"start":{"line":211,"column":21},"end":{"line":211,"column":null}},"type":"binary-expr","locations":[{"start":{"line":211,"column":21},"end":{"line":211,"column":61}},{"start":{"line":211,"column":61},"end":{"line":211,"column":null}}]},"24":{"loc":{"start":{"line":213,"column":10},"end":{"line":215,"column":null}},"type":"cond-expr","locations":[{"start":{"line":214,"column":14},"end":{"line":214,"column":32}},{"start":{"line":215,"column":14},"end":{"line":215,"column":null}}]},"25":{"loc":{"start":{"line":213,"column":10},"end":{"line":213,"column":null}},"type":"binary-expr","locations":[{"start":{"line":213,"column":10},"end":{"line":213,"column":52}},{"start":{"line":213,"column":52},"end":{"line":213,"column":null}}]},"26":{"loc":{"start":{"line":218,"column":28},"end":{"line":218,"column":77}},"type":"binary-expr","locations":[{"start":{"line":218,"column":28},"end":{"line":218,"column":40}},{"start":{"line":218,"column":40},"end":{"line":218,"column":55}},{"start":{"line":218,"column":55},"end":{"line":218,"column":77}}]},"27":{"loc":{"start":{"line":219,"column":43},"end":{"line":219,"column":null}},"type":"binary-expr","locations":[{"start":{"line":219,"column":43},"end":{"line":219,"column":56}},{"start":{"line":219,"column":56},"end":{"line":219,"column":null}}]},"28":{"loc":{"start":{"line":220,"column":46},"end":{"line":220,"column":null}},"type":"binary-expr","locations":[{"start":{"line":220,"column":46},"end":{"line":220,"column":62}},{"start":{"line":220,"column":66},"end":{"line":220,"column":null}}]},"29":{"loc":{"start":{"line":224,"column":27},"end":{"line":224,"column":null}},"type":"binary-expr","locations":[{"start":{"line":224,"column":27},"end":{"line":224,"column":45}},{"start":{"line":224,"column":45},"end":{"line":224,"column":null}}]},"30":{"loc":{"start":{"line":225,"column":8},"end":{"line":230,"column":null}},"type":"if","locations":[{"start":{"line":225,"column":8},"end":{"line":230,"column":null}},{"start":{"line":227,"column":15},"end":{"line":230,"column":null}}]},"31":{"loc":{"start":{"line":225,"column":12},"end":{"line":225,"column":63}},"type":"binary-expr","locations":[{"start":{"line":225,"column":12},"end":{"line":225,"column":48}},{"start":{"line":225,"column":48},"end":{"line":225,"column":63}}]},"32":{"loc":{"start":{"line":250,"column":21},"end":{"line":250,"column":null}},"type":"binary-expr","locations":[{"start":{"line":250,"column":21},"end":{"line":250,"column":null}}]},"33":{"loc":{"start":{"line":270,"column":47},"end":{"line":270,"column":67}},"type":"binary-expr","locations":[{"start":{"line":270,"column":47},"end":{"line":270,"column":61}},{"start":{"line":270,"column":65},"end":{"line":270,"column":67}}]},"34":{"loc":{"start":{"line":277,"column":29},"end":{"line":277,"column":43}},"type":"binary-expr","locations":[{"start":{"line":277,"column":29},"end":{"line":277,"column":43}},{"start":{"line":277,"column":47},"end":{"line":277,"column":null}}]},"35":{"loc":{"start":{"line":288,"column":29},"end":{"line":288,"column":null}},"type":"binary-expr","locations":[{"start":{"line":288,"column":29},"end":{"line":288,"column":null}}]},"36":{"loc":{"start":{"line":293,"column":29},"end":{"line":293,"column":null}},"type":"binary-expr","locations":[{"start":{"line":293,"column":29},"end":{"line":293,"column":null}}]},"37":{"loc":{"start":{"line":310,"column":29},"end":{"line":310,"column":null}},"type":"binary-expr","locations":[{"start":{"line":310,"column":29},"end":{"line":310,"column":null}}]},"38":{"loc":{"start":{"line":321,"column":33},"end":{"line":321,"column":null}},"type":"binary-expr","locations":[{"start":{"line":321,"column":33},"end":{"line":321,"column":47}},{"start":{"line":321,"column":51},"end":{"line":321,"column":null}}]},"39":{"loc":{"start":{"line":325,"column":33},"end":{"line":325,"column":52}},"type":"binary-expr","locations":[{"start":{"line":325,"column":33},"end":{"line":325,"column":46}},{"start":{"line":325,"column":50},"end":{"line":325,"column":52}}]},"40":{"loc":{"start":{"line":333,"column":33},"end":{"line":333,"column":104}},"type":"cond-expr","locations":[{"start":{"line":333,"column":48},"end":{"line":333,"column":65}},{"start":{"line":333,"column":65},"end":{"line":333,"column":104}}]},"41":{"loc":{"start":{"line":348,"column":25},"end":{"line":348,"column":42}},"type":"binary-expr","locations":[{"start":{"line":348,"column":25},"end":{"line":348,"column":42}}]},"42":{"loc":{"start":{"line":356,"column":28},"end":{"line":408,"column":29}},"type":"cond-expr","locations":[{"start":{"line":356,"column":28},"end":{"line":408,"column":29}}]},"43":{"loc":{"start":{"line":356,"column":28},"end":{"line":408,"column":29}},"type":"cond-expr","locations":[{"start":{"line":357,"column":32},"end":{"line":403,"column":33}},{"start":{"line":403,"column":32},"end":{"line":408,"column":29}}]},"44":{"loc":{"start":{"line":356,"column":28},"end":{"line":356,"column":null}},"type":"binary-expr","locations":[{"start":{"line":356,"column":28},"end":{"line":356,"column":79}},{"start":{"line":356,"column":79},"end":{"line":356,"column":null}}]},"45":{"loc":{"start":{"line":356,"column":29},"end":{"line":356,"column":57}},"type":"binary-expr","locations":[{"start":{"line":356,"column":29},"end":{"line":356,"column":43}},{"start":{"line":356,"column":47},"end":{"line":356,"column":57}}]},"46":{"loc":{"start":{"line":360,"column":44},"end":{"line":363,"column":null}},"type":"if","locations":[{"start":{"line":360,"column":44},"end":{"line":363,"column":null}},{"start":{},"end":{}}]},"47":{"loc":{"start":{"line":364,"column":67},"end":{"line":364,"column":83}},"type":"binary-expr","locations":[{"start":{"line":364,"column":67},"end":{"line":364,"column":80}},{"start":{"line":364,"column":80},"end":{"line":364,"column":83}}]},"48":{"loc":{"start":{"line":370,"column":41},"end":{"line":370,"column":null}},"type":"cond-expr","locations":[{"start":{"line":370,"column":60},"end":{"line":370,"column":74}},{"start":{"line":370,"column":74},"end":{"line":370,"column":null}}]},"49":{"loc":{"start":{"line":375,"column":48},"end":{"line":377,"column":null}},"type":"cond-expr","locations":[{"start":{"line":376,"column":54},"end":{"line":376,"column":90}},{"start":{"line":377,"column":54},"end":{"line":377,"column":null}}]},"50":{"loc":{"start":{"line":376,"column":73},"end":{"line":376,"column":90}},"type":"binary-expr","locations":[{"start":{"line":376,"column":73},"end":{"line":376,"column":86}},{"start":{"line":376,"column":86},"end":{"line":376,"column":90}}]},"51":{"loc":{"start":{"line":387,"column":80},"end":{"line":387,"column":null}},"type":"binary-expr","locations":[{"start":{"line":387,"column":80},"end":{"line":387,"column":93}},{"start":{"line":387,"column":93},"end":{"line":387,"column":null}}]},"52":{"loc":{"start":{"line":389,"column":154},"end":{"line":391,"column":null}},"type":"cond-expr","locations":[{"start":{"line":390,"column":50},"end":{"line":390,"column":null}},{"start":{"line":391,"column":50},"end":{"line":391,"column":null}}]},"53":{"loc":{"start":{"line":396,"column":54},"end":{"line":396,"column":null}},"type":"cond-expr","locations":[{"start":{"line":396,"column":69},"end":{"line":396,"column":86}},{"start":{"line":396,"column":86},"end":{"line":396,"column":null}}]},"54":{"loc":{"start":{"line":398,"column":45},"end":{"line":398,"column":null}},"type":"cond-expr","locations":[{"start":{"line":398,"column":60},"end":{"line":398,"column":75}},{"start":{"line":398,"column":75},"end":{"line":398,"column":null}}]},"55":{"loc":{"start":{"line":404,"column":37},"end":{"line":404,"column":null}},"type":"cond-expr","locations":[{"start":{"line":404,"column":52},"end":{"line":404,"column":69}},{"start":{"line":404,"column":69},"end":{"line":404,"column":null}}]},"56":{"loc":{"start":{"line":414,"column":51},"end":{"line":414,"column":67}},"type":"binary-expr","locations":[{"start":{"line":414,"column":51},"end":{"line":414,"column":64}},{"start":{"line":414,"column":64},"end":{"line":414,"column":67}}]},"57":{"loc":{"start":{"line":433,"column":29},"end":{"line":433,"column":null}},"type":"binary-expr","locations":[{"start":{"line":433,"column":29},"end":{"line":433,"column":null}}]},"58":{"loc":{"start":{"line":456,"column":17},"end":{"line":456,"column":null}},"type":"binary-expr","locations":[{"start":{"line":456,"column":17},"end":{"line":456,"column":null}}]},"59":{"loc":{"start":{"line":465,"column":36},"end":{"line":473,"column":37}},"type":"cond-expr","locations":[{"start":{"line":465,"column":36},"end":{"line":473,"column":37}}]},"60":{"loc":{"start":{"line":480,"column":33},"end":{"line":480,"column":50}},"type":"binary-expr","locations":[{"start":{"line":480,"column":33},"end":{"line":480,"column":50}}]},"61":{"loc":{"start":{"line":483,"column":33},"end":{"line":483,"column":46}},"type":"binary-expr","locations":[{"start":{"line":483,"column":33},"end":{"line":483,"column":46}}]},"62":{"loc":{"start":{"line":490,"column":29},"end":{"line":490,"column":null}},"type":"binary-expr","locations":[{"start":{"line":490,"column":29},"end":{"line":490,"column":null}}]},"63":{"loc":{"start":{"line":492,"column":42},"end":{"line":492,"column":null}},"type":"cond-expr","locations":[{"start":{"line":492,"column":60},"end":{"line":492,"column":96}},{"start":{"line":492,"column":99},"end":{"line":492,"column":null}}]},"64":{"loc":{"start":{"line":492,"column":79},"end":{"line":492,"column":96}},"type":"binary-expr","locations":[{"start":{"line":492,"column":79},"end":{"line":492,"column":92}},{"start":{"line":492,"column":92},"end":{"line":492,"column":96}}]},"65":{"loc":{"start":{"line":504,"column":17},"end":{"line":504,"column":null}},"type":"binary-expr","locations":[{"start":{"line":504,"column":17},"end":{"line":504,"column":null}}]},"66":{"loc":{"start":{"line":509,"column":38},"end":{"line":509,"column":null}},"type":"cond-expr","locations":[{"start":{"line":509,"column":51},"end":{"line":509,"column":85}},{"start":{"line":509,"column":88},"end":{"line":509,"column":null}}]}},"s":{"0":0,"1":0,"2":0,"3":0,"4":0,"5":0,"6":0,"7":0,"8":0,"9":0,"10":0,"11":0,"12":0,"13":0,"14":0,"15":0,"16":0,"17":0,"18":0,"19":0,"20":0,"21":0,"22":0,"23":0,"24":0,"25":0,"26":0,"27":0,"28":0,"29":0,"30":0,"31":0,"32":0,"33":0,"34":0,"35":0,"36":0,"37":0,"38":0,"39":0,"40":0,"41":0,"42":0,"43":0,"44":0,"45":0,"46":0,"47":0,"48":0,"49":0,"50":0,"51":0,"52":0,"53":0,"54":0,"55":0,"56":0,"57":0,"58":0,"59":0,"60":0,"61":0,"62":0,"63":0,"64":0,"65":0,"66":0,"67":0,"68":0,"69":0,"70":0,"71":0,"72":0},"f":{"0":0,"1":0,"2":0,"3":0,"4":0,"5":0,"6":0,"7":0,"8":0,"9":0,"10":0,"11":0,"12":0,"13":0,"14":0,"15":0,"16":0,"17":0,"18":0,"19":0,"20":0,"21":0},"b":{"0":[0,0],"1":[0,0],"2":[0,0],"3":[0],"4":[0,0],"5":[0],"6":[0],"7":[0,0],"8":[0,0],"9":[0,0,0],"10":[0,0],"11":[0,0],"12":[0,0],"13":[0,0],"14":[0,0],"15":[0,0],"16":[0,0],"17":[0,0],"18":[0,0],"19":[0,0],"20":[0,0],"21":[0,0],"22":[0,0],"23":[0,0],"24":[0,0],"25":[0,0],"26":[0,0,0],"27":[0,0],"28":[0,0],"29":[0,0],"30":[0,0],"31":[0,0],"32":[0],"33":[0,0],"34":[0,0],"35":[0],"36":[0],"37":[0],"38":[0,0],"39":[0,0],"40":[0,0],"41":[0],"42":[0],"43":[0,0],"44":[0,0],"45":[0,0],"46":[0,0],"47":[0,0],"48":[0,0],"49":[0,0],"50":[0,0],"51":[0,0],"52":[0,0],"53":[0,0],"54":[0,0],"55":[0,0],"56":[0,0],"57":[0],"58":[0],"59":[0],"60":[0],"61":[0],"62":[0],"63":[0,0],"64":[0,0],"65":[0],"66":[0,0]}}
,"E:\\merge\\campusbazar-web\\frontend\\app\\(student)\\layout.tsx": {"path":"E:\\merge\\campusbazar-web\\frontend\\app\\(student)\\layout.tsx","statementMap":{"0":{"start":{"line":12,"column":24},"end":{"line":12,"column":38}},"1":{"start":{"line":3,"column":37},"end":{"line":3,"column":null}},"2":{"start":{"line":4,"column":26},"end":{"line":4,"column":null}},"3":{"start":{"line":5,"column":24},"end":{"line":5,"column":null}},"4":{"start":{"line":6,"column":24},"end":{"line":6,"column":null}},"5":{"start":{"line":13,"column":43},"end":{"line":13,"column":null}},"6":{"start":{"line":14,"column":19},"end":{"line":14,"column":null}},"7":{"start":{"line":16,"column":4},"end":{"line":20,"column":null}},"8":{"start":{"line":17,"column":8},"end":{"line":19,"column":null}},"9":{"start":{"line":18,"column":12},"end":{"line":18,"column":null}},"10":{"start":{"line":22,"column":4},"end":{"line":31,"column":null}},"11":{"start":{"line":33,"column":4},"end":{"line":33,"column":null}},"12":{"start":{"line":33,"column":26},"end":{"line":33,"column":null}}},"fnMap":{"0":{"name":"StudentLayout","decl":{"start":{"line":12,"column":24},"end":{"line":12,"column":38}},"loc":{"start":{"line":12,"column":75},"end":{"line":36,"column":null}}},"1":{"name":"(anonymous_2)","decl":{"start":{"line":16,"column":14},"end":{"line":16,"column":null}},"loc":{"start":{"line":16,"column":14},"end":{"line":20,"column":7}}}},"branchMap":{"0":{"loc":{"start":{"line":17,"column":8},"end":{"line":19,"column":null}},"type":"if","locations":[{"start":{"line":17,"column":8},"end":{"line":19,"column":null}},{"start":{},"end":{}}]},"1":{"loc":{"start":{"line":17,"column":12},"end":{"line":17,"column":44}},"type":"binary-expr","locations":[{"start":{"line":17,"column":12},"end":{"line":17,"column":26}},{"start":{"line":17,"column":26},"end":{"line":17,"column":44}}]},"2":{"loc":{"start":{"line":22,"column":4},"end":{"line":31,"column":null}},"type":"if","locations":[{"start":{"line":22,"column":4},"end":{"line":31,"column":null}},{"start":{},"end":{}}]},"3":{"loc":{"start":{"line":33,"column":4},"end":{"line":33,"column":null}},"type":"if","locations":[{"start":{"line":33,"column":4},"end":{"line":33,"column":null}},{"start":{},"end":{}}]}},"s":{"0":0,"1":0,"2":0,"3":0,"4":0,"5":0,"6":0,"7":0,"8":0,"9":0,"10":0,"11":0,"12":0},"f":{"0":0,"1":0},"b":{"0":[0,0],"1":[0,0],"2":[0,0],"3":[0,0]}}
,"E:\\merge\\campusbazar-web\\frontend\\app\\(student)\\cart\\page.tsx": {"path":"E:\\merge\\campusbazar-web\\frontend\\app\\(student)\\cart\\page.tsx","statementMap":{"0":{"start":{"line":15,"column":24},"end":{"line":15,"column":null}},"1":{"start":{"line":3,"column":80},"end":{"line":3,"column":null}},"2":{"start":{"line":4,"column":28},"end":{"line":4,"column":null}},"3":{"start":{"line":5,"column":84},"end":{"line":5,"column":null}},"4":{"start":{"line":6,"column":17},"end":{"line":6,"column":null}},"5":{"start":{"line":7,"column":18},"end":{"line":7,"column":null}},"6":{"start":{"line":8,"column":25},"end":{"line":8,"column":null}},"7":{"start":{"line":9,"column":30},"end":{"line":9,"column":null}},"8":{"start":{"line":10,"column":25},"end":{"line":10,"column":null}},"9":{"start":{"line":11,"column":18},"end":{"line":11,"column":null}},"10":{"start":{"line":13,"column":24},"end":{"line":13,"column":null}},"11":{"start":{"line":16,"column":21},"end":{"line":16,"column":null}},"12":{"start":{"line":17,"column":42},"end":{"line":17,"column":null}},"13":{"start":{"line":18,"column":35},"end":{"line":18,"column":null}},"14":{"start":{"line":19,"column":39},"end":{"line":19,"column":null}},"15":{"start":{"line":20,"column":34},"end":{"line":20,"column":null}},"16":{"start":{"line":22,"column":22},"end":{"line":22,"column":42}},"17":{"start":{"line":23,"column":38},"end":{"line":23,"column":null}},"18":{"start":{"line":24,"column":46},"end":{"line":24,"column":null}},"19":{"start":{"line":25,"column":42},"end":{"line":25,"column":null}},"20":{"start":{"line":27,"column":21},"end":{"line":29,"column":null}},"21":{"start":{"line":28,"column":8},"end":{"line":28,"column":null}},"22":{"start":{"line":31,"column":32},"end":{"line":37,"column":null}},"23":{"start":{"line":33,"column":12},"end":{"line":35,"column":null}},"24":{"start":{"line":36,"column":8},"end":{"line":36,"column":null}},"25":{"start":{"line":39,"column":27},"end":{"line":59,"column":null}},"26":{"start":{"line":40,"column":8},"end":{"line":43,"column":null}},"27":{"start":{"line":41,"column":12},"end":{"line":41,"column":null}},"28":{"start":{"line":42,"column":12},"end":{"line":42,"column":null}},"29":{"start":{"line":45,"column":8},"end":{"line":58,"column":null}},"30":{"start":{"line":46,"column":12},"end":{"line":46,"column":null}},"31":{"start":{"line":47,"column":29},"end":{"line":47,"column":null}},"32":{"start":{"line":48,"column":12},"end":{"line":53,"column":null}},"33":{"start":{"line":49,"column":16},"end":{"line":49,"column":null}},"34":{"start":{"line":50,"column":16},"end":{"line":50,"column":null}},"35":{"start":{"line":52,"column":16},"end":{"line":52,"column":null}},"36":{"start":{"line":55,"column":12},"end":{"line":55,"column":null}},"37":{"start":{"line":57,"column":12},"end":{"line":57,"column":null}},"38":{"start":{"line":61,"column":4},"end":{"line":67,"column":null}},"39":{"start":{"line":69,"column":4},"end":{"line":88,"column":null}},"40":{"start":{"line":104,"column":28},"end":{"line":104,"column":41}},"41":{"start":{"line":120,"column":43},"end":{"line":120,"column":null}},"42":{"start":{"line":129,"column":28},"end":{"line":206,"column":null}},"43":{"start":{"line":130,"column":55},"end":{"line":130,"column":null}},"44":{"start":{"line":131,"column":52},"end":{"line":131,"column":null}},"45":{"start":{"line":132,"column":53},"end":{"line":132,"column":null}},"46":{"start":{"line":134,"column":32},"end":{"line":136,"column":null}},"47":{"start":{"line":165,"column":63},"end":{"line":165,"column":null}},"48":{"start":{"line":184,"column":63},"end":{"line":184,"column":null}},"49":{"start":{"line":192,"column":63},"end":{"line":192,"column":null}},"50":{"start":{"line":259,"column":36},"end":{"line":259,"column":null}},"51":{"start":{"line":260,"column":36},"end":{"line":260,"column":null}},"52":{"start":{"line":261,"column":36},"end":{"line":261,"column":null}}},"fnMap":{"0":{"name":"CartPage","decl":{"start":{"line":15,"column":24},"end":{"line":15,"column":null}},"loc":{"start":{"line":15,"column":24},"end":{"line":277,"column":null}}},"1":{"name":"(anonymous_3)","decl":{"start":{"line":27,"column":38},"end":{"line":27,"column":39}},"loc":{"start":{"line":27,"column":52},"end":{"line":29,"column":7}}},"2":{"name":"(anonymous_4)","decl":{"start":{"line":31,"column":47},"end":{"line":31,"column":48}},"loc":{"start":{"line":31,"column":48},"end":{"line":37,"column":null}}},"3":{"name":"(anonymous_5)","decl":{"start":{"line":39,"column":27},"end":{"line":39,"column":null}},"loc":{"start":{"line":39,"column":27},"end":{"line":59,"column":null}}},"4":{"name":"(anonymous_6)","decl":{"start":{"line":103,"column":39},"end":{"line":103,"column":40}},"loc":{"start":{"line":104,"column":28},"end":{"line":104,"column":41}}},"5":{"name":"(anonymous_7)","decl":{"start":{"line":120,"column":37},"end":{"line":120,"column":43}},"loc":{"start":{"line":120,"column":43},"end":{"line":120,"column":null}}},"6":{"name":"(anonymous_8)","decl":{"start":{"line":128,"column":39},"end":{"line":128,"column":40}},"loc":{"start":{"line":129,"column":28},"end":{"line":206,"column":null}}},"7":{"name":"(anonymous_9)","decl":{"start":{"line":129,"column":29},"end":{"line":129,"column":null}},"loc":{"start":{"line":129,"column":29},"end":{"line":206,"column":null}}},"8":{"name":"(anonymous_10)","decl":{"start":{"line":165,"column":57},"end":{"line":165,"column":63}},"loc":{"start":{"line":165,"column":63},"end":{"line":165,"column":null}}},"9":{"name":"(anonymous_11)","decl":{"start":{"line":184,"column":57},"end":{"line":184,"column":63}},"loc":{"start":{"line":184,"column":63},"end":{"line":184,"column":null}}},"10":{"name":"(anonymous_12)","decl":{"start":{"line":192,"column":57},"end":{"line":192,"column":63}},"loc":{"start":{"line":192,"column":63},"end":{"line":192,"column":null}}},"11":{"name":"(anonymous_13)","decl":{"start":{"line":258,"column":43},"end":{"line":258,"column":null}},"loc":{"start":{"line":258,"column":43},"end":{"line":262,"column":null}}}},"branchMap":{"0":{"loc":{"start":{"line":22,"column":22},"end":{"line":22,"column":42}},"type":"binary-expr","locations":[{"start":{"line":22,"column":22},"end":{"line":22,"column":40}},{"start":{"line":22,"column":40},"end":{"line":22,"column":42}}]},"1":{"loc":{"start":{"line":28,"column":22},"end":{"line":28,"column":52}},"type":"binary-expr","locations":[{"start":{"line":28,"column":22},"end":{"line":28,"column":47}},{"start":{"line":28,"column":47},"end":{"line":28,"column":52}}]},"2":{"loc":{"start":{"line":33,"column":12},"end":{"line":35,"column":null}},"type":"cond-expr","locations":[{"start":{"line":34,"column":18},"end":{"line":34,"column":40}},{"start":{"line":35,"column":18},"end":{"line":35,"column":null}}]},"3":{"loc":{"start":{"line":35,"column":18},"end":{"line":35,"column":null}},"type":"binary-expr","locations":[{"start":{"line":35,"column":18},"end":{"line":35,"column":51}},{"start":{"line":35,"column":51},"end":{"line":35,"column":null}}]},"4":{"loc":{"start":{"line":36,"column":23},"end":{"line":36,"column":null}},"type":"binary-expr","locations":[{"start":{"line":36,"column":23},"end":{"line":36,"column":35}},{"start":{"line":36,"column":35},"end":{"line":36,"column":46}},{"start":{"line":36,"column":46},"end":{"line":36,"column":null}}]},"5":{"loc":{"start":{"line":40,"column":8},"end":{"line":43,"column":null}},"type":"if","locations":[{"start":{"line":40,"column":8},"end":{"line":43,"column":null}},{"start":{},"end":{}}]},"6":{"loc":{"start":{"line":48,"column":12},"end":{"line":53,"column":null}},"type":"if","locations":[{"start":{"line":48,"column":12},"end":{"line":53,"column":null}},{"start":{"line":51,"column":19},"end":{"line":53,"column":null}}]},"7":{"loc":{"start":{"line":55,"column":24},"end":{"line":55,"column":null}},"type":"binary-expr","locations":[{"start":{"line":55,"column":24},"end":{"line":55,"column":58}},{"start":{"line":55,"column":58},"end":{"line":55,"column":null}}]},"8":{"loc":{"start":{"line":61,"column":4},"end":{"line":67,"column":null}},"type":"if","locations":[{"start":{"line":61,"column":4},"end":{"line":67,"column":null}},{"start":{},"end":{}}]},"9":{"loc":{"start":{"line":69,"column":4},"end":{"line":88,"column":null}},"type":"if","locations":[{"start":{"line":69,"column":4},"end":{"line":88,"column":null}},{"start":{},"end":{}}]},"10":{"loc":{"start":{"line":93,"column":13},"end":{"line":93,"column":null}},"type":"binary-expr","locations":[{"start":{"line":93,"column":13},"end":{"line":93,"column":null}}]},"11":{"loc":{"start":{"line":116,"column":52},"end":{"line":116,"column":null}},"type":"cond-expr","locations":[{"start":{"line":116,"column":77},"end":{"line":116,"column":86}},{"start":{"line":116,"column":86},"end":{"line":116,"column":null}}]},"12":{"loc":{"start":{"line":130,"column":74},"end":{"line":130,"column":null}},"type":"binary-expr","locations":[{"start":{"line":130,"column":74},"end":{"line":130,"column":102}},{"start":{"line":130,"column":102},"end":{"line":130,"column":null}}]},"13":{"loc":{"start":{"line":142,"column":40},"end":{"line":150,"column":41}},"type":"cond-expr","locations":[{"start":{"line":142,"column":40},"end":{"line":150,"column":41}}]},"14":{"loc":{"start":{"line":176,"column":84},"end":{"line":176,"column":133}},"type":"cond-expr","locations":[{"start":{"line":176,"column":99},"end":{"line":176,"column":116}},{"start":{"line":176,"column":116},"end":{"line":176,"column":133}}]},"15":{"loc":{"start":{"line":177,"column":45},"end":{"line":177,"column":116}},"type":"cond-expr","locations":[{"start":{"line":177,"column":60},"end":{"line":177,"column":77}},{"start":{"line":177,"column":77},"end":{"line":177,"column":116}}]},"16":{"loc":{"start":{"line":235,"column":38},"end":{"line":235,"column":null}},"type":"binary-expr","locations":[{"start":{"line":235,"column":38},"end":{"line":235,"column":55}},{"start":{"line":235,"column":55},"end":{"line":235,"column":81}},{"start":{"line":235,"column":81},"end":{"line":235,"column":null}}]},"17":{"loc":{"start":{"line":239,"column":32},"end":{"line":241,"column":34}},"type":"cond-expr","locations":[{"start":{"line":239,"column":32},"end":{"line":241,"column":34}}]},"18":{"loc":{"start":{"line":248,"column":25},"end":{"line":248,"column":null}},"type":"binary-expr","locations":[{"start":{"line":248,"column":25},"end":{"line":248,"column":null}}]},"19":{"loc":{"start":{"line":255,"column":25},"end":{"line":255,"column":null}},"type":"binary-expr","locations":[{"start":{"line":255,"column":25},"end":{"line":255,"column":null}}]}},"s":{"0":0,"1":0,"2":0,"3":0,"4":0,"5":0,"6":0,"7":0,"8":0,"9":0,"10":0,"11":0,"12":0,"13":0,"14":0,"15":0,"16":0,"17":0,"18":0,"19":0,"20":0,"21":0,"22":0,"23":0,"24":0,"25":0,"26":0,"27":0,"28":0,"29":0,"30":0,"31":0,"32":0,"33":0,"34":0,"35":0,"36":0,"37":0,"38":0,"39":0,"40":0,"41":0,"42":0,"43":0,"44":0,"45":0,"46":0,"47":0,"48":0,"49":0,"50":0,"51":0,"52":0},"f":{"0":0,"1":0,"2":0,"3":0,"4":0,"5":0,"6":0,"7":0,"8":0,"9":0,"10":0,"11":0},"b":{"0":[0,0],"1":[0,0],"2":[0,0],"3":[0,0],"4":[0,0,0],"5":[0,0],"6":[0,0],"7":[0,0],"8":[0,0],"9":[0,0],"10":[0],"11":[0,0],"12":[0,0],"13":[0],"14":[0,0],"15":[0,0],"16":[0,0,0],"17":[0],"18":[0],"19":[0]}}
,"E:\\merge\\campusbazar-web\\frontend\\app\\(student)\\chat\\page.tsx": {"path":"E:\\merge\\campusbazar-web\\frontend\\app\\(student)\\chat\\page.tsx","statementMap":{"0":{"start":{"line":5,"column":24},"end":{"line":5,"column":null}},"1":{"start":{"line":1,"column":25},"end":{"line":1,"column":null}},"2":{"start":{"line":2,"column":24},"end":{"line":2,"column":null}},"3":{"start":{"line":3,"column":26},"end":{"line":3,"column":null}}},"fnMap":{"0":{"name":"ChatListPage","decl":{"start":{"line":5,"column":24},"end":{"line":5,"column":null}},"loc":{"start":{"line":5,"column":24},"end":{"line":17,"column":null}}}},"branchMap":{},"s":{"0":0,"1":0,"2":0,"3":0},"f":{"0":0},"b":{}}
,"E:\\merge\\campusbazar-web\\frontend\\app\\(student)\\chat\\[chatRoomId]\\page.tsx": {"path":"E:\\merge\\campusbazar-web\\frontend\\app\\(student)\\chat\\[chatRoomId]\\page.tsx","statementMap":{"0":{"start":{"line":9,"column":30},"end":{"line":9,"column":45}},"1":{"start":{"line":1,"column":25},"end":{"line":1,"column":null}},"2":{"start":{"line":2,"column":24},"end":{"line":2,"column":null}},"3":{"start":{"line":3,"column":26},"end":{"line":3,"column":null}},"4":{"start":{"line":10,"column":27},"end":{"line":10,"column":null}}},"fnMap":{"0":{"name":"ChatDetailPage","decl":{"start":{"line":9,"column":30},"end":{"line":9,"column":45}},"loc":{"start":{"line":9,"column":76},"end":{"line":23,"column":null}}}},"branchMap":{},"s":{"0":0,"1":0,"2":0,"3":0,"4":0},"f":{"0":0},"b":{}}
,"E:\\merge\\campusbazar-web\\frontend\\app\\(student)\\checkout\\[productId]\\page.tsx": {"path":"E:\\merge\\campusbazar-web\\frontend\\app\\(student)\\checkout\\[productId]\\page.tsx","statementMap":{"0":{"start":{"line":26,"column":24},"end":{"line":26,"column":37}},"1":{"start":{"line":3,"column":30},"end":{"line":3,"column":null}},"2":{"start":{"line":4,"column":17},"end":{"line":4,"column":null}},"3":{"start":{"line":5,"column":18},"end":{"line":5,"column":null}},"4":{"start":{"line":6,"column":79},"end":{"line":6,"column":null}},"5":{"start":{"line":7,"column":22},"end":{"line":7,"column":null}},"6":{"start":{"line":9,"column":34},"end":{"line":9,"column":null}},"7":{"start":{"line":10,"column":31},"end":{"line":10,"column":null}},"8":{"start":{"line":11,"column":24},"end":{"line":11,"column":null}},"9":{"start":{"line":13,"column":30},"end":{"line":13,"column":null}},"10":{"start":{"line":14,"column":28},"end":{"line":14,"column":null}},"11":{"start":{"line":27,"column":26},"end":{"line":27,"column":null}},"12":{"start":{"line":28,"column":62},"end":{"line":28,"column":null}},"13":{"start":{"line":31,"column":42},"end":{"line":31,"column":null}},"14":{"start":{"line":32,"column":42},"end":{"line":32,"column":null}},"15":{"start":{"line":34,"column":41},"end":{"line":34,"column":null}},"16":{"start":{"line":35,"column":20},"end":{"line":35,"column":null}},"17":{"start":{"line":37,"column":64},"end":{"line":37,"column":null}},"18":{"start":{"line":40,"column":4},"end":{"line":46,"column":null}},"19":{"start":{"line":49,"column":4},"end":{"line":63,"column":null}},"20":{"start":{"line":66,"column":4},"end":{"line":76,"column":null}},"21":{"start":{"line":79,"column":19},"end":{"line":79,"column":null}},"22":{"start":{"line":80,"column":20},"end":{"line":80,"column":null}},"23":{"start":{"line":82,"column":4},"end":{"line":93,"column":null}},"24":{"start":{"line":96,"column":4},"end":{"line":109,"column":null}},"25":{"start":{"line":113,"column":24},"end":{"line":113,"column":null}},"26":{"start":{"line":114,"column":8},"end":{"line":126,"column":null}},"27":{"start":{"line":115,"column":27},"end":{"line":115,"column":null}},"28":{"start":{"line":116,"column":12},"end":{"line":116,"column":null}},"29":{"start":{"line":117,"column":12},"end":{"line":117,"column":null}},"30":{"start":{"line":118,"column":12},"end":{"line":118,"column":null}},"31":{"start":{"line":119,"column":12},"end":{"line":119,"column":null}},"32":{"start":{"line":122,"column":16},"end":{"line":124,"column":null}},"33":{"start":{"line":125,"column":12},"end":{"line":125,"column":null}},"34":{"start":{"line":130,"column":22},"end":{"line":130,"column":35}},"35":{"start":{"line":131,"column":24},"end":{"line":131,"column":27}},"36":{"start":{"line":132,"column":18},"end":{"line":132,"column":null}},"
[...]
{"start":{"line":141,"column":25},"end":{"line":141,"column":26}},"loc":{"start":{"line":141,"column":35},"end":{"line":141,"column":null}}},"10":{"name":"(anonymous_15)","decl":{"start":{"line":142,"column":28},"end":{"line":142,"column":29}},"loc":{"start":{"line":142,"column":72},"end":{"line":142,"column":null}}},"11":{"name":"(anonymous_16)","decl":{"start":{"line":150,"column":18},"end":{"line":150,"column":25}},"loc":{"start":{"line":150,"column":37},"end":{"line":156,"column":null}}},"12":{"name":"(anonymous_17)","decl":{"start":{"line":161,"column":12},"end":{"line":161,"column":19}},"loc":{"start":{"line":161,"column":19},"end":{"line":164,"column":null}}},"13":{"name":"(anonymous_18)","decl":{"start":{"line":170,"column":9},"end":{"line":170,"column":null}},"loc":{"start":{"line":170,"column":9},"end":{"line":173,"column":null}}},"14":{"name":"(anonymous_19)","decl":{"start":{"line":175,"column":9},"end":{"line":175,"column":16}},"loc":{"start":{"line":175,"column":16},"end":{"line":178,"column":null}}},"15":{"name":"(anonymous_20)","decl":{"start":{"line":180,"column":12},"end":{"line":180,"column":19}},"loc":{"start":{"line":180,"column":19},"end":{"line":183,"column":null}}},"16":{"name":"(anonymous_21)","decl":{"start":{"line":189,"column":12},"end":{"line":189,"column":null}},"loc":{"start":{"line":189,"column":12},"end":{"line":207,"column":null}}},"17":{"name":"(anonymous_22)","decl":{"start":{"line":208,"column":12},"end":{"line":208,"column":19}},"loc":{"start":{"line":208,"column":19},"end":{"line":245,"column":null}}}},"branchMap":{"0":{"loc":{"start":{"line":9,"column":36},"end":{"line":9,"column":44}},"type":"default-arg","locations":[{"start":{"line":9,"column":43},"end":{"line":9,"column":44}}]},"1":{"loc":{"start":{"line":9,"column":46},"end":{"line":9,"column":56}},"type":"default-arg","locations":[{"start":{"line":9,"column":54},"end":{"line":9,"column":56}}]},"2":{"loc":{"start":{"line":31,"column":34},"end":{"line":31,"column":null}},"type":"binary-expr","locations":[{"start":{"line":31,"column":34},"end":{"line":31,"column":52}},{"start":{"line":31,"column":52},"end":{"line":31,"column":null}}]},"3":{"loc":{"start":{"line":33,"column":12},"end":{"line":35,"column":null}},"type":"if","locations":[{"start":{"line":33,"column":12},"end":{"line":35,"column":null}},{"start":{},"end":{}}]},"4":{"loc":{"start":{"line":41,"column":10},"end":{"line":41,"column":null}},"type":"binary-expr","locations":[{"start":{"line":41,"column":10},"end":{"line":41,"column":23}},{"start":{"line":41,"column":23},"end":{"line":41,"column":null}}]},"5":{"loc":{"start":{"line":53,"column":8},"end":{"line":53,"column":null}},"type":"if","locations":[{"start":{"line":53,"column":8},"end":{"line":53,"column":null}},{"start":{},"end":{}}]},"6":{"loc":{"start":{"line":54,"column":8},"end":{"line":54,"column":null}},"type":"if","locations":[{"start":{"line":54,"column":8},"end":{"line":54,"column":null}},{"start":{},"end":{}}]},"7":{"loc":{"start":{"line":55,"column":8},"end":{"line":55,"column":null}},"type":"if","locations":[{"start":{"line":55,"column":8},"end":{"line":55,"column":null}},{"start":{},"end":{}}]},"8":{"loc":{"start":{"line":56,"column":8},"end":{"line":56,"column":null}},"type":"if","locations":[{"start":{"line":56,"column":8},"end":{"line":56,"column":null}},{"start":{},"end":{}}]},"9":{"loc":{"start":{"line":57,"column":8},"end":{"line":57,"column":null}},"type":"if","locations":[{"start":{"line":57,"column":8},"end":{"line":57,"column":null}},{"start":{},"end":{}}]},"10":{"loc":{"start":{"line":58,"column":8},"end":{"line":58,"column":null}},"type":"if","locations":[{"start":{"line":58,"column":8},"end":{"line":58,"column":null}},{"start":{},"end":{}}]},"11":{"loc":{"start":{"line":59,"column":8},"end":{"line":59,"column":null}},"type":"if","locations":[{"start":{"line":59,"column":8},"end":{"line":59,"column":null}},{"start":{},"end":{}}]},"12":{"loc":{"start":{"line":60,"column":8},"end":{"line":60,"column":null}},"type":"if","locations":[{"start":{"line":60,"column":8},"end":{"line":60,"column":null}},{"start":{},"end":{}}]},"13":{"loc":{"start":{"line":61,"column":8},"end":{"line":61,"column":null}},"type":"if","locations":[{"start":{"line":61,"column":8},"end":{"line":61,"column":null}},{"start":{},"end":{}}]},"14":{"loc":{"start":{"line":64,"column":41},"end":{"line":64,"column":67}},"type":"cond-expr","locations":[{"start":{"line":64,"column":49},"end":{"line":64,"column":60}},{"start":{"line":64,"column":63},"end":{"line":64,"column":67}}]},"15":{"loc":{"start":{"line":70,"column":32},"end":{"line":70,"column":58}},"type":"cond-expr","locations":[{"start":{"line":70,"column":40},"end":{"line":70,"column":51}},{"start":{"line":70,"column":54},"end":{"line":70,"column":58}}]},"16":{"loc":{"start":{"line":71,"column":35},"end":{"line":71,"column":61}},"type":"cond-expr","locations":[{"start":{"line":71,"column":43},"end":{"line":71,"column":54}},{"start":{"line":71,"column":57},"end":{"line":71,"column":61}}]},"17":{"loc":{"start":{"line":75,"column":12},"end":{"line":77,"column":null}},"type":"if","locations":[{"start":{"line":75,"column":12},"end":{"line":77,"column":null}},{"start":{},"end":{}}]},"18":{"loc":{"start":{"line":75,"column":16},"end":{"line":75,"column":50}},"type":"binary-expr","locations":[{"start":{"line":75,"column":16},"end":{"line":75,"column":34}},{"start":{"line":75,"column":34},"end":{"line":75,"column":50}}]},"19":{"loc":{"start":{"line":76,"column":50},"end":{"line":76,"column":69}},"type":"binary-expr","locations":[{"start":{"line":76,"column":50},"end":{"line":76,"column":62}},{"start":{"line":76,"column":66},"end":{"line":76,"column":69}}]},"20":{"loc":{"start":{"line":76,"column":69},"end":{"line":76,"column":null}},"type":"binary-expr","locations":[{"start":{"line":76,"column":69},"end":{"line":76,"column":82}},{"start":{"line":76,"column":86},"end":{"line":76,"column":null}}]},"21":{"loc":{"start":{"line":83,"column":18},"end":{"line":87,"column":20}},"type":"cond-expr","locations":[{"start":{"line":84,"column":18},"end":{"line":86,"column":null}},{"start":{"line":87,"column":18},"end":{"line":87,"column":20}}]},"22":{"loc":{"start":{"line":103,"column":16},"end":{"line":105,"column":null}},"type":"binary-expr","locations":[{"start":{"line":103,"column":16},"end":{"line":103,"column":null}},{"start":{"line":104,"column":16},"end":{"line":104,"column":null}},{"start":{"line":105,"column":16},"end":{"line":105,"column":null}}]},"23":{"loc":{"start":{"line":133,"column":26},"end":{"line":133,"column":34}},"type":"default-arg","locations":[{"start":{"line":133,"column":33},"end":{"line":133,"column":34}}]},"24":{"loc":{"start":{"line":133,"column":36},"end":{"line":133,"column":46}},"type":"default-arg","locations":[{"start":{"line":133,"column":44},"end":{"line":133,"column":46}}]},"25":{"loc":{"start":{"line":139,"column":18},"end":{"line":143,"column":20}},"type":"cond-expr","locations":[{"start":{"line":140,"column":18},"end":{"line":142,"column":null}},{"start":{"line":143,"column":18},"end":{"line":143,"column":20}}]},"26":{"loc":{"start":{"line":199,"column":38},"end":{"line":199,"column":null}},"type":"binary-expr","locations":[{"start":{"line":199,"column":38},"end":{"line":199,"column":56}},{"start":{"line":199,"column":56},"end":{"line":199,"column":null}}]},"27":{"loc":{"start":{"line":200,"column":16},"end":{"line":200,"column":null}},"type":"if","locations":[{"start":{"line":200,"column":16},"end":{"line":200,"column":null}},{"start":{},"end":{}}]},"28":{"loc":{"start":{"line":210,"column":8},"end":{"line":212,"column":null}},"type":"if","locations":[{"start":{"line":210,"column":8},"end":{"line":212,"column":null}},{"start":{},"end":{}}]},"29":{"loc":{"start":{"line":226,"column":42},"end":{"line":226,"column":null}},"type":"binary-expr","locations":[{"start":{"line":226,"column":42},"end":{"line":226,"column":60}},{"start":{"line":226,"column":60},"end":{"line":226,"column":78}},{"start":{"line":226,"column":78},"end":{"line":226,"column":null}}]},"30":{"loc":{"start":{"line":228,"column":20},"end":{"line":230,"column":null}},"type":"if","locations":[{"start":{"line":228,"column":20},"end":{"line":230,"column":null}},{"start":{},"end":{}}]},"31":{"loc":{"start":{"line":238,"column":12},"end":{"line":242,"column":null}},"type":"cond-expr","locations":[{"start":{"line":239,"column":18},"end":{"line":239,"column":null}},{"start":{"line":240,"column":18},"end":{"line":242,"column":null}}]},"32":{"loc":{"start":{"line":238,"column":12},"end":{"line":238,"column":null}},"type":"binary-expr","locations":[{"start":{"line":238,"column":12},"end":{"line":238,"column":51}},{"start":{"line":238,"column":51},"end":{"line":238,"column":null}}]},"33":{"loc":{"start":{"line":240,"column":18},"end":{"line":242,"column":null}},"type":"binary-expr","locations":[{"start":{"line":240,"column":18},"end":{"line":240,"column":null}},{"start":{"line":241,"column":18},"end":{"line":241,"column":null}},{"start":{"line":242,"column":18},"end":{"line":242,"column":null}}]}},"s":{"0":0,"1":1,"2":0,"3":1,"4":1,"5":0,"6":1,"7":1,"8":1,"9":1,"10":0,"11":0,"12":0,"13":0,"14":0,"15":0,"16":1,"17":1,"18":1,"19":1,"20":1,"21":0,"22":1,"23":0,"24":1,"25":0,"26":1,"27":0,"28":1,"29":0,"30":1,"31":0,"32":1,"33":1,"34":1,"35":1,"36":1,"37":1,"38":1,"39":1,"40":0,"41":0,"42":0,"43":0,"44":1,"45":1,"46":1,"47":0,"48":0,"49":0,"50":0,"51":0,"52":0,"53":0,"54":0,"55":0,"56":0,"57":0,"58":0,"59":0,"60":0,"61":0,"62":0,"63":0,"64":1,"65":0,"66":0,"67":0,"68":0,"69":0,"70":0,"71":1,"72":0,"73":0,"74":0,"75":0,"76":0,"77":0,"78":0,"79":0,"80":0,"81":0,"82":0,"83":0,"84":0,"85":0,"86":0,"87":0,"88":0,"89":0,"90":0,"91":0,"92":0,"93":0,"94":0,"95":0,"96":0,"97":0,"98":0,"99":0},"f":{"0":0,"1":1,"2":1,"3":1,"4":1,"5":0,"6":0,"7":0,"8":0,"9":0,"10":0,"11":0,"12":0,"13":0,"14":0,"15":0,"16":0,"17":0},"b":{"0":[0],"1":[0],"2":[0,0],"3":[0,0],"4":[0,0],"5":[1,0],"6":[0,1],"7":[0,1],"8":[0,1],"9":[0,1],"10":[0,1],"11":[0,1],"12":[1,0],"13":[1,0],"14":[1,0],"15":[1,0],"16":[1,0],"17":[0,0],"18":[0,0],"19":[0,0],"20":[0,0],"21":[1,0],"22":[0,0,0],"23":[0],"24":[0],"25":[0,0],"26":[0,0],"27":[0,0],"28":[0,0],"29":[0,0,0],"30":[0,0],"31":[0,0],"32":[0,0],"33":[0,0,0]}}
,"E:\\merge\\campusbazar-web\\frontend\\lib\\receipt.ts": {"path":"E:\\merge\\campusbazar-web\\frontend\\lib\\receipt.ts","statementMap":{"0":{"start":{"line":30,"column":22},"end":{"line":30,"column":41}},"1":{"start":{"line":1,"column":40},"end":{"line":1,"column":null}},"2":{"start":{"line":26,"column":2},"end":{"line":26,"column":null}},"3":{"start":{"line":26,"column":31},"end":{"line":26,"column":null}},"4":{"start":{"line":27,"column":2},"end":{"line":27,"column":null}},"5":{"start":{"line":31,"column":2},"end":{"line":33,"column":null}},"6":{"start":{"line":32,"column":4},"end":{"line":32,"column":null}},"7":{"start":{"line":35,"column":20},"end":{"line":35,"column":null}},"8":{"start":{"line":35,"column":26},"end":{"line":35,"column":null}},"9":{"start":{"line":36,"column":14},"end":{"line":36,"column":null}},"10":{"start":{"line":38,"column":14},"end":{"line":38,"column":null}},"11":{"start":{"line":39,"column":23},"end":{"line":39,"column":null}},"12":{"start":{"line":41,"column":2},"end":{"line":41,"column":null}},"13":{"start":{"line":42,"column":2},"end":{"line":42,"column":null}},"14":{"start":{"line":43,"column":2},"end":{"line":43,"column":null}},"15":{"start":{"line":45,"column":2},"end":{"line":45,"column":null}},"16":{"start":{"line":46,"column":2},"end":{"line":46,"column":null}},"17":{"start":{"line":47,"column":2},"end":{"line":47,"column":null}},"18":{"start":{"line":48,"column":2},"end":{"line":48,"column":null}},"19":{"start":{"line":49,"column":2},"end":{"line":49,"column":null}},"20":{"start":{"line":51,"column":2},"end":{"line":51,"column":null}},"21":{"start":{"line":52,"column":2},"end":{"line":52,"column":null}},"22":{"start":{"line":54,"column":2},"end":{"line":54,"column":null}},"23":{"start":{"line":55,"column":2},"end":{"line":55,"column":null}},"24":{"start":{"line":56,"column":2},"end":{"line":56,"column":null}},"25":{"start":{"line":58,"column":2},"end":{"line":58,"column":null}},"26":{"start":{"line":59,"column":2},"end":{"line":59,"column":null}},"27":{"start":{"line":60,"column":2},"end":{"line":60,"column":null}},"28":{"start":{"line":61,"column":2},"end":{"line":61,"column":null}},"29":{"start":{"line":62,"column":2},"end":{"line":62,"column":null}},"30":{"start":{"line":64,"column":2},"end":{"line":64,"column":null}},"31":{"start":{"line":66,"column":2},"end":{"line":66,"column":null}},"32":{"start":{"line":67,"column":2},"end":{"line":67,"column":null}},"33":{"start":{"line":68,"column":2},"end":{"line":68,"column":null}},"34":{"start":{"line":69,"column":2},"end":{"line":69,"column":null}},"35":{"start":{"line":70,"column":2},"end":{"line":70,"column":null}},"36":{"start":{"line":72,"column":2},"end":{"line":72,"column":null}},"37":{"start":{"line":74,"column":10},"end":{"line":74,"column":null}},"38":{"start":{"line":75,"column":2},"end":{"line":85,"column":null}},"39":{"start":{"line":76,"column":21},"end":{"line":76,"column":51}},"40":{"start":{"line":77,"column":23},"end":{"line":77,"column":null}},"41":{"start":{"line":79,"column":4},"end":{"line":79,"column":null}},"42":{"start":{"line":80,"column":4},"end":{"line":80,"column":null}},"43":{"start":{"line":81,"column":4},"end":{"line":81,"column":null}},"44":{"start":{"line":82,"column":4},"end":{"line":82,"column":null}},"45":{"start":{"line":84,"column":4},"end":{"line":84,"column":null}},"46":{"start":{"line":87,"column":2},"end":{"line":87,"column":null}},"47":{"start":{"line":88,"column":2},"end":{"line":88,"column":null}},"48":{"start":{"line":90,"column":2},"end":{"line":90,"column":null}},"49":{"start":{"line":91,"column":2},"end":{"line":91,"column":null}},"50":{"start":{"line":92,"column":2},"end":{"line":92,"column":null}},"51":{"start":{"line":93,"column":2},"end":{"line":93,"column":null}},"52":{"start":{"line":95,"column":2},"end":{"line":101,"column":null}},"53":{"start":{"line":96,"column":4},"end":{"line":96,"column":null}},"54":{"start":{"line":97,"column":4},"end":{"line":97,"column":null}},"55":{"start":{"line":98,"column":4},"end":{"line":98,"column":null}},"56":{"start":{"line":99,"column":18},"end":{"line":99,"column":null}},"57":{"start":{"line":100,"column":4},"end":{"line":100,"column":null}},"58":{"start":{"line":103,"column":2},"end":{"line":103,"column":null}}},"fnMap":{"0":{"name":"safeText","decl":{"start":{"line":25,"column":9},"end":{"line":25,"column":18}},"loc":{"start":{"line":25,"column":61},"end":{"line":28,"column":null}}},"1":{"name":"downloadReceiptPdf","decl":{"start":{"line":30,"column":22},"end":{"line":30,"column":41}},"loc":{"start":{"line":30,"column":64},"end":{"line":104,"column":null}}},"2":{"name":"(anonymous_6)","decl":{"start":{"line":35,"column":26},"end":{"line":35,"column":33}},"loc":{"start":{"line":35,"column":26},"end":{"line":35,"column":null}}},"3":{"name":"(anonymous_7)","decl":{"start":{"line":75,"column":24},"end":{"line":75,"column":25}},"loc":{"start":{"line":75,"column":25},"end":{"line":85,"column":null}}}},"branchMap":{"0":{"loc":{"start":{"line":25,"column":45},"end":{"line":25,"column":61}},"type":"default-arg","locations":[{"start":{"line":25,"column":56},"end":{"line":25,"column":61}}]},"1":{"loc":{"start":{"line":26,"column":2},"end":{"line":26,"column":null}},"type":"if","locations":[{"start":{"line":26,"column":2},"end":{"line":26,"column":null}},{"start":{},"end":{}}]},"2":{"loc":{"start":{"line":26,"column":6},"end":{"line":26,"column":31}},"type":"binary-expr","locations":[{"start":{"line":26,"column":6},"end":{"line":26,"column":16}},{"start":{"line":26,"column":16},"end":{"line":26,"column":31}}]},"3":{"loc":{"start":{"line":31,"column":2},"end":{"line":33,"column":null}},"type":"if","locations":[{"start":{"line":31,"column":2},"end":{"line":33,"column":null}},{"start":{},"end":{}}]},"4":{"loc":{"start":{"line":31,"column":6},"end":{"line":31,"column":67}},"type":"binary-expr","locations":[{"start":{"line":31,"column":6},"end":{"line":31,"column":39}},{"start":{"line":31,"column":39},"end":{"line":31,"column":67}}]},"5":{"loc":{"start":{"line":39,"column":23},"end":{"line":39,"column":null}},"type":"cond-expr","locations":[{"start":{"line":39,"column":43},"end":{"line":39,"column":75}},{"start":{"line":39,"column":75},"end":{"line":39,"column":null}}]},"6":{"loc":{"start":{"line":77,"column":43},"end":{"line":77,"column":65}},"type":"binary-expr","locations":[{"start":{"line":77,"column":43},"end":{"line":77,"column":53}},{"start":{"line":77,"column":57},"end":{"line":77,"column":65}}]},"7":{"loc":{"start":{"line":95,"column":2},"end":{"line":101,"column":null}},"type":"if","locations":[{"start":{"line":95,"column":2},"end":{"line":101,"column":null}},{"start":{},"end":{}}]},"8":{"loc":{"start":{"line":103,"column":22},"end":{"line":103,"column":73}},"type":"binary-expr","locations":[{"start":{"line":103,"column":22},"end":{"line":103,"column":39}},{"start":{"line":103,"column":43},"end":{"line":103,"column":58}},{"start":{"line":103,"column":62},"end":{"line":103,"column":73}}]}},"s":{"0":0,"1":0,"2":0,"3":0,"4":0,"5":0,"6":0,"7":0,"8":0,"9":0,"10":0,"11":0,"12":0,"13":0,"14":0,"15":0,"16":0,"17":0,"18":0,"19":0,"20":0,"21":0,"22":0,"23":0,"24":0,"25":0,"26":0,"27":0,"28":0,"29":0,"30":0,"31":0,"32":0,"33":0,"34":0,"35":0,"36":0,"37":0,"38":0,"39":0,"40":0,"41":0,"42":0,"43":0,"44":0,"45":0,"46":0,"47":0,"48":0,"49":0,"50":0,"51":0,"52":0,"53":0,"54":0,"55":0,"56":0,"57":0,"58":0},"f":{"0":0,"1":0,"2":0,"3":0},"b":{"0":[0],"1":[0,0],"2":[0,0],"3":[0,0],"4":[0,0],"5":[0,0],"6":[0,0],"7":[0,0],"8":[0,0,0]}}
,"E:\\merge\\campusbazar-web\\frontend\\lib\\tutorApi.ts": {"path":"E:\\merge\\campusbazar-web\\frontend\\lib\\tutorApi.ts","statementMap":{"0":{"start":{"line":41,"column":13},"end":{"line":41,"column":34}},"1":{"start":{"line":21,"column":13},"end":{"line":21,"column":34}},"2":{"start":{"line":31,"column":13},"end":{"line":31,"column":41}},"3":{"start":{"line":36,"column":13},"end":{"line":36,"column":34}},"4":{"start":{"line":1,"column":16},"end":{"line":1,"column":null}},"5":{"start":{"line":21,"column":34},"end":{"line":29,"column":null}},"6":{"start":{"line":27,"column":21},"end":{"line":27,"column":null}},"7":{"start":{"line":28,"column":4},"end":{"line":28,"column":null}},"8":{"start":{"line":31,"column":41},"end":{"line":34,"column":null}},"9":{"start":{"line":32,"column":21},"end":{"line":32,"column":null}},"10":{"start":{"line":33,"column":4},"end":{"line":33,"column":null}},"11":{"start":{"line":36,"column":34},"end":{"line":39,"column":null}},"12":{"start":{"line":37,"column":21},"end":{"line":37,"column":null}},"13":{"start":{"line":38,"column":4},"end":{"line":38,"column":null}},"14":{"start":{"line":41,"column":34},"end":{"line":44,"column":null}},"15":{"start":{"line":42,"column":21},"end":{"line":42,"column":null}},"16":{"start":{"line":43,"column":4},"end":{"line":43,"column":null}}},"fnMap":{"0":{"name":"(anonymous_6)","decl":{"start":{"line":21,"column":34},"end":{"line":21,"column":41}},"loc":{"start":{"line":21,"column":41},"end":{"line":29,"column":null}}},"1":{"name":"(anonymous_7)","decl":{"start":{"line":31,"column":41},"end":{"line":31,"column":null}},"loc":{"start":{"line":31,"column":41},"end":{"line":34,"column":null}}},"2":{"name":"(anonymous_8)","decl":{"start":{"line":36,"column":34},"end":{"line":36,"column":null}},"loc":{"start":{"line":36,"column":34},"end":{"line":39,"column":null}}},"3":{"name":"(anonymous_9)","decl":{"start":{"line":41,"column":34},"end":{"line":41,"column":41}},"loc":{"start":{"line":41,"column":41},"end":{"line":44,"column":null}}}},"branchMap":{},"s":{"0":1,"1":1,"2":0,"3":0,"4":1,"5":1,"6":1,"7":1,"8":1,"9":0,"10":0,"11":1,"12":0,"13":0,"14":1,"15":1,"16":1},"f":{"0":1,"1":0,"2":0,"3":1},"b":{}}
}
