TN:
SF:app\layout.tsx
FN:28,RootLayout
FNF:1
FNH:0
FNDA:0,RootLayout
DA:1,0
DA:4,0
DA:5,0
DA:6,0
DA:7,0
DA:8,0
DA:10,0
DA:28,0
LF:8
LH:0
BRF:0
BRH:0
end_of_record
TN:
SF:app\page.tsx
FN:9,HomePage
FN:13,(anonymous_3)
FN:105,(anonymous_4)
FNF:3
FNH:0
FNDA:0,HomePage
FNDA:0,(anonymous_3)
FNDA:0,(anonymous_4)
DA:3,0
DA:4,0
DA:5,0
DA:6,0
DA:7,0
DA:9,0
DA:10,0
DA:11,0
DA:13,0
DA:14,0
DA:15,0
DA:16,0
DA:18,0
DA:23,0
DA:50,0
DA:106,0
LF:16
LH:0
BRDA:14,0,0,0
BRDA:14,0,1,0
BRDA:15,1,0,0
BRDA:15,1,1,0
BRDA:50,2,0,0
BRDA:50,2,1,0
BRF:6
BRH:0
end_of_record
TN:
SF:app\providers.tsx
FN:6,Providers
FN:8,(anonymous_2)
FNF:2
FNH:0
FNDA:0,Providers
FNDA:0,(anonymous_2)
DA:3,0
DA:4,0
DA:6,0
DA:7,0
DA:9,0
LF:5
LH:0
BRF:0
BRH:0
end_of_record
TN:
SF:app\(public)\layout.tsx
FN:7,PublicLayout
FNF:1
FNH:0
FNDA:0,PublicLayout
DA:7,0
LF:1
LH:0
BRF:0
BRH:0
end_of_record
TN:
SF:app\(public)\products\metadata.ts
FNF:0
FNH:0
DA:3,0
LF:1
LH:0
BRF:0
BRH:0
end_of_record
TN:
SF:app\(public)\products\page.tsx
FN:22,ProductsPageContent
FN:30,(anonymous_3)
FN:42,(anonymous_4)
FN:56,(anonymous_5)
FN:61,(anonymous_6)
FN:83,(anonymous_7)
FN:96,(anonymous_8)
FN:100,(anonymous_9)
FN:100,(anonymous_10)
FN:107,(anonymous_11)
FN:118,(anonymous_12)
FN:120,(anonymous_13)
FN:123,handleWishlistToggle
FN:131,(anonymous_15)
FN:133,(anonymous_16)
FN:145,handlePriceChange
FN:148,(anonymous_18)
FN:160,handleSearchChange
FN:163,(anonymous_20)
FN:192,(anonymous_21)
FN:197,(anonymous_22)
FN:214,(anonymous_23)
FN:234,(anonymous_24)
FN:237,(anonymous_25)
FN:248,(anonymous_26)
FN:252,(anonymous_27)
FN:289,(anonymous_28)
FN:293,(anonymous_29)
FN:309,(anonymous_30)
FN:313,(anonymous_31)
FN:330,(anonymous_32)
FN:346,(anonymous_33)
FN:370,(anonymous_34)
FN:381,(anonymous_35)
FN:382,(anonymous_36)
FN:387,(anonymous_37)
FN:432,ProductsPage
FNF:37
FNH:17
FNDA:9,ProductsPageContent
FNDA:9,(anonymous_3)
FNDA:1,(anonymous_4)
FNDA:0,(anonymous_5)
FNDA:9,(anonymous_6)
FNDA:9,(anonymous_7)
FNDA:0,(anonymous_8)
FNDA:9,(anonymous_9)
FNDA:8,(anonymous_10)
FNDA:9,(anonymous_11)
FNDA:9,(anonymous_12)
FNDA:0,(anonymous_13)
FNDA:0,handleWishlistToggle
FNDA:0,(anonymous_15)
FNDA:0,(anonymous_16)
FNDA:0,handlePriceChange
FNDA:0,(anonymous_18)
FNDA:4,handleSearchChange
FNDA:1,(anonymous_20)
FNDA:4,(anonymous_21)
FNDA:0,(anonymous_22)
FNDA:0,(anonymous_23)
FNDA:0,(anonymous_24)
FNDA:36,(anonymous_25)
FNDA:45,(anonymous_26)
FNDA:0,(anonymous_27)
FNDA:0,(anonymous_28)
FNDA:0,(anonymous_29)
FNDA:0,(anonymous_30)
FNDA:0,(anonymous_31)
FNDA:0,(anonymous_32)
FNDA:0,(anonymous_33)
FNDA:0,(anonymous_34)
FNDA:12,(anonymous_35)
FNDA:7,(anonymous_36)
FNDA:0,(anonymous_37)
FNDA:5,ProductsPage
DA:3,1
DA:4,1
DA:5,1
DA:6,1
DA:7,1
DA:8,1
DA:9,1
DA:12,1
DA:13,1
DA:20,1
DA:23,9
DA:24,9
DA:27,9
DA:28,9
DA:30,9
DA:41,9
DA:43,1
DA:44,1
DA:45,1
DA:47,0
DA:50,1
DA:51,1
DA:56,9
DA:57,0
DA:58,0
DA:61,9
DA:62,9
DA:63,9
DA:64,9
DA:65,9
DA:66,9
DA:67,9
DA:68,9
DA:79,9
DA:81,9
DA:83,9
DA:84,9
DA:85,9
DA:87,9
DA:88,0
DA:89,0
DA:90,0
DA:91,0
DA:92,0
DA:96,9
DA:99,9
DA:100,9
DA:105,9
DA:107,9
DA:108,9
DA:109,0
DA:114,9
DA:115,9
DA:116,9
DA:118,9
DA:119,9
DA:120,9
DA:124,0
DA:125,0
DA:126,0
DA:128,0
DA:132,0
DA:133,0
DA:139,9
DA:143,9
DA:146,0
DA:147,0
DA:148,0
DA:149,0
DA:150,0
DA:151,0
DA:152,0
DA:153,0
DA:154,0
DA:159,9
DA:161,4
DA:162,4
DA:163,4
DA:164,1
DA:192,4
DA:197,0
DA:214,0
DA:234,0
DA:238,36
DA:249,45
DA:253,0
DA:289,0
DA:294,0
DA:309,0
DA:314,0
DA:330,0
DA:346,0
DA:370,0
DA:381,12
DA:383,7
DA:387,0
DA:432,5
LF:97
LH:61
BRDA:27,0,0,9
BRDA:27,0,1,9
BRDA:31,1,0,9
BRDA:31,1,1,9
BRDA:32,2,0,9
BRDA:32,2,1,9
BRDA:33,3,0,9
BRDA:33,3,1,9
BRDA:34,4,0,9
BRDA:34,4,1,9
BRDA:35,5,0,0
BRDA:35,5,1,9
BRDA:36,6,0,0
BRDA:36,6,1,9
BRDA:37,7,0,9
BRDA:37,7,1,9
BRDA:44,8,0,1
BRDA:44,8,1,0
BRDA:63,9,0,0
BRDA:63,9,1,9
BRDA:64,10,0,0
BRDA:64,10,1,9
BRDA:65,11,0,0
BRDA:65,11,1,9
BRDA:66,12,0,0
BRDA:66,12,1,9
BRDA:66,13,0,9
BRDA:66,13,1,9
BRDA:67,14,0,0
BRDA:67,14,1,9
BRDA:84,15,0,9
BRDA:84,15,1,0
BRDA:88,16,0,0
BRDA:88,16,1,0
BRDA:89,17,0,0
BRDA:89,17,1,0
BRDA:90,18,0,0
BRDA:90,18,1,0
BRDA:91,19,0,0
BRDA:91,19,1,0
BRDA:100,20,0,9
BRDA:100,20,1,1
BRDA:108,21,0,0
BRDA:108,21,1,9
BRDA:108,22,0,9
BRDA:108,22,1,0
BRDA:108,22,2,0
BRDA:119,23,0,9
BRDA:119,23,1,0
BRDA:120,24,0,0
BRDA:120,24,1,0
BRDA:124,25,0,0
BRDA:124,25,1,0
BRDA:132,26,0,0
BRDA:132,26,1,0
BRDA:140,27,0,9
BRDA:140,27,1,9
BRDA:141,28,0,9
BRDA:141,28,1,9
BRDA:147,29,0,0
BRDA:147,29,1,0
BRDA:150,30,0,0
BRDA:150,30,1,0
BRDA:152,31,0,0
BRDA:152,31,1,0
BRDA:162,32,0,3
BRDA:162,32,1,1
BRDA:164,33,0,1
BRDA:164,33,1,0
BRDA:179,34,0,7
BRDA:179,34,1,2
BRDA:195,35,0,9
BRDA:215,36,0,0
BRDA:215,36,1,9
BRDA:215,37,0,9
BRDA:215,37,1,9
BRDA:222,38,0,9
BRDA:253,39,0,0
BRDA:253,39,1,0
BRDA:255,40,0,0
BRDA:255,40,1,45
BRDA:266,41,0,9
BRDA:279,42,0,9
BRDA:288,43,0,0
BRDA:288,43,1,0
BRDA:289,44,0,0
BRDA:289,44,1,0
BRDA:308,45,0,0
BRDA:308,45,1,0
BRDA:309,46,0,0
BRDA:309,46,1,0
BRDA:329,47,0,0
BRDA:329,47,1,0
BRDA:330,48,0,0
BRDA:330,48,1,0
BRDA:345,49,0,0
BRDA:345,49,1,0
BRDA:346,50,0,0
BRDA:346,50,1,0
BRDA:355,51,0,9
BRDA:357,52,0,7
BRDA:357,52,1,1
BRDA:358,53,0,7
BRDA:358,53,1,0
BRDA:364,54,0,9
BRDA:380,55,0,1
BRDA:380,55,1,8
BRDA:393,56,0,9
BRDA:393,56,1,8
BRDA:393,56,2,1
BRDA:398,57,0,0
BRDA:398,57,1,1
BRDA:402,58,0,1
BRDA:415,59,0,9
BRDA:421,60,0,9
BRDA:421,60,1,9
BRDA:421,60,2,7
BRF:117
BRH:61
end_of_record
TN:
SF:app\(public)\products\[id]\page.tsx
FN:35,ImageCarousel
FN:38,(anonymous_3)
FN:38,(anonymous_4)
FN:39,(anonymous_5)
FN:39,(anonymous_6)
FN:84,(anonymous_7)
FN:87,(anonymous_8)
FN:108,(anonymous_9)
FN:111,(anonymous_10)
FN:134,ProductDetailPage
FN:148,(anonymous_12)
FN:155,handleWishlistToggle
FN:164,(anonymous_14)
FN:166,(anonymous_15)
FN:179,(anonymous_16)
FN:180,(anonymous_17)
FN:223,handleShare
FN:239,(anonymous_19)
FN:359,(anonymous_20)
FN:387,(anonymous_21)
FN:516,(anonymous_22)
FN:521,(anonymous_23)
FNF:22
FNH:0
FNDA:0,ImageCarousel
FNDA:0,(anonymous_3)
FNDA:0,(anonymous_4)
FNDA:0,(anonymous_5)
FNDA:0,(anonymous_6)
FNDA:0,(anonymous_7)
FNDA:0,(anonymous_8)
FNDA:0,(anonymous_9)
FNDA:0,(anonymous_10)
FNDA:0,ProductDetailPage
FNDA:0,(anonymous_12)
FNDA:0,handleWishlistToggle
FNDA:0,(anonymous_14)
FNDA:0,(anonymous_15)
FNDA:0,(anonymous_16)
FNDA:0,(anonymous_17)
FNDA:0,handleShare
FNDA:0,(anonymous_19)
FNDA:0,(anonymous_20)
FNDA:0,(anonymous_21)
FNDA:0,(anonymous_22)
FNDA:0,(anonymous_23)
DA:3,0
DA:4,0
DA:5,0
DA:6,0
DA:21,0
DA:23,0
DA:24,0
DA:25,0
DA:26,0
DA:27,0
DA:28,0
DA:29,0
DA:30,0
DA:36,0
DA:38,0
DA:39,0
DA:41,0
DA:85,0
DA:87,0
DA:109,0
DA:111,0
DA:134,0
DA:135,0
DA:136,0
DA:137,0
DA:139,0
DA:140,0
DA:143,0
DA:144,0
DA:145,0
DA:147,0
DA:148,0
DA:156,0
DA:157,0
DA:158,0
DA:160,0
DA:161,0
DA:165,0
DA:166,0
DA:172,0
DA:174,0
DA:178,0
DA:179,0
DA:180,0
DA:184,0
DA:187,0
DA:205,0
DA:207,0
DA:211,0
DA:216,0
DA:217,0
DA:218,0
DA:219,0
DA:220,0
DA:221,0
DA:224,0
DA:225,0
DA:226,0
DA:228,0
DA:229,0
DA:239,0
DA:360,0
DA:361,0
DA:362,0
DA:364,0
DA:387,0
DA:517,0
DA:521,0
LF:68
LH:0
BRDA:38,0,0,0
BRDA:38,0,1,0
BRDA:39,1,0,0
BRDA:39,1,1,0
BRDA:41,2,0,0
BRDA:41,2,1,0
BRDA:63,3,0,0
BRDA:88,4,0,0
BRDA:88,4,1,0
BRDA:98,5,0,0
BRDA:106,6,0,0
BRDA:112,7,0,0
BRDA:112,7,1,0
BRDA:148,8,0,0
BRDA:148,8,1,0
BRDA:148,9,0,0
BRDA:148,9,1,0
BRDA:148,9,2,0
BRDA:156,10,0,0
BRDA:156,10,1,0
BRDA:165,11,0,0
BRDA:165,11,1,0
BRDA:172,12,0,0
BRDA:172,12,1,0
BRDA:175,13,0,0
BRDA:175,13,1,0
BRDA:178,14,0,0
BRDA:178,14,1,0
BRDA:184,15,0,0
BRDA:184,15,1,0
BRDA:187,16,0,0
BRDA:187,16,1,0
BRDA:187,17,0,0
BRDA:187,17,1,0
BRDA:193,18,0,0
BRDA:193,18,1,0
BRDA:207,19,0,0
BRDA:207,19,1,0
BRDA:208,20,0,0
BRDA:208,20,1,0
BRDA:208,21,0,0
BRDA:208,21,1,0
BRDA:211,22,0,0
BRDA:211,22,1,0
BRDA:211,23,0,0
BRDA:211,23,1,0
BRDA:213,24,0,0
BRDA:213,24,1,0
BRDA:213,25,0,0
BRDA:213,25,1,0
BRDA:218,26,0,0
BRDA:218,26,1,0
BRDA:218,26,2,0
BRDA:219,27,0,0
BRDA:219,27,1,0
BRDA:220,28,0,0
BRDA:220,28,1,0
BRDA:224,29,0,0
BRDA:224,29,1,0
BRDA:225,30,0,0
BRDA:225,30,1,0
BRDA:225,31,0,0
BRDA:225,31,1,0
BRDA:250,32,0,0
BRDA:270,33,0,0
BRDA:270,33,1,0
BRDA:277,34,0,0
BRDA:277,34,1,0
BRDA:288,35,0,0
BRDA:293,36,0,0
BRDA:310,37,0,0
BRDA:321,38,0,0
BRDA:321,38,1,0
BRDA:325,39,0,0
BRDA:325,39,1,0
BRDA:333,40,0,0
BRDA:333,40,1,0
BRDA:348,41,0,0
BRDA:356,42,0,0
BRDA:356,43,0,0
BRDA:356,43,1,0
BRDA:356,44,0,0
BRDA:356,44,1,0
BRDA:356,45,0,0
BRDA:356,45,1,0
BRDA:360,46,0,0
BRDA:360,46,1,0
BRDA:364,47,0,0
BRDA:364,47,1,0
BRDA:370,48,0,0
BRDA:370,48,1,0
BRDA:375,49,0,0
BRDA:375,49,1,0
BRDA:376,50,0,0
BRDA:376,50,1,0
BRDA:387,51,0,0
BRDA:387,51,1,0
BRDA:389,52,0,0
BRDA:389,52,1,0
BRDA:396,53,0,0
BRDA:396,53,1,0
BRDA:398,54,0,0
BRDA:398,54,1,0
BRDA:404,55,0,0
BRDA:404,55,1,0
BRDA:414,56,0,0
BRDA:414,56,1,0
BRDA:433,57,0,0
BRDA:456,58,0,0
BRDA:465,59,0,0
BRDA:480,60,0,0
BRDA:483,61,0,0
BRDA:490,62,0,0
BRDA:492,63,0,0
BRDA:492,63,1,0
BRDA:492,64,0,0
BRDA:492,64,1,0
BRDA:504,65,0,0
BRDA:509,66,0,0
BRDA:509,66,1,0
BRF:120
BRH:0
end_of_record
TN:
SF:app\(student)\layout.tsx
FN:12,StudentLayout
FN:16,(anonymous_2)
FNF:2
FNH:0
FNDA:0,StudentLayout
FNDA:0,(anonymous_2)
DA:3,0
DA:4,0
DA:5,0
DA:6,0
DA:12,0
DA:13,0
DA:14,0
DA:16,0
DA:17,0
DA:18,0
DA:22,0
DA:33,0
LF:12
LH:0
BRDA:17,0,0,0
BRDA:17,0,1,0
BRDA:17,1,0,0
BRDA:17,1,1,0
BRDA:22,2,0,0
BRDA:22,2,1,0
BRDA:33,3,0,0
BRDA:33,3,1,0
BRF:8
BRH:0
end_of_record
TN:
SF:app\(student)\cart\page.tsx
FN:15,CartPage
FN:27,(anonymous_3)
FN:31,(anonymous_4)
FN:39,(anonymous_5)
FN:103,(anonymous_6)
FN:120,(anonymous_7)
FN:128,(anonymous_8)
FN:129,(anonymous_9)
FN:165,(anonymous_10)
FN:184,(anonymous_11)
FN:192,(anonymous_12)
FN:258,(anonymous_13)
FNF:12
FNH:0
FNDA:0,CartPage
FNDA:0,(anonymous_3)
FNDA:0,(anonymous_4)
FNDA:0,(anonymous_5)
FNDA:0,(anonymous_6)
FNDA:0,(anonymous_7)
FNDA:0,(anonymous_8)
FNDA:0,(anonymous_9)
FNDA:0,(anonymous_10)
FNDA:0,(anonymous_11)
FNDA:0,(anonymous_12)
FNDA:0,(anonymous_13)
DA:3,0
DA:4,0
DA:5,0
DA:6,0
DA:7,0
DA:8,0
DA:9,0
DA:10,0
DA:11,0
DA:13,0
DA:15,0
DA:16,0
DA:17,0
DA:18,0
DA:19,0
DA:20,0
DA:22,0
DA:23,0
DA:24,0
DA:25,0
DA:27,0
DA:28,0
DA:31,0
DA:33,0
DA:36,0
DA:39,0
DA:40,0
DA:41,0
DA:42,0
DA:45,0
DA:46,0
DA:47,0
DA:48,0
DA:49,0
DA:50,0
DA:52,0
DA:55,0
DA:57,0
DA:61,0
DA:69,0
DA:104,0
DA:120,0
DA:129,0
DA:130,0
DA:131,0
DA:132,0
DA:134,0
DA:165,0
DA:184,0
DA:192,0
DA:259,0
DA:260,0
DA:261,0
LF:53
LH:0
BRDA:22,0,0,0
BRDA:22,0,1,0
BRDA:28,1,0,0
BRDA:28,1,1,0
BRDA:33,2,0,0
BRDA:33,2,1,0
BRDA:35,3,0,0
BRDA:35,3,1,0
BRDA:36,4,0,0
BRDA:36,4,1,0
BRDA:36,4,2,0
BRDA:40,5,0,0
BRDA:40,5,1,0
BRDA:48,6,0,0
BRDA:48,6,1,0
BRDA:55,7,0,0
BRDA:55,7,1,0
BRDA:61,8,0,0
BRDA:61,8,1,0
BRDA:69,9,0,0
BRDA:69,9,1,0
BRDA:93,10,0,0
BRDA:116,11,0,0
BRDA:116,11,1,0
BRDA:130,12,0,0
BRDA:130,12,1,0
BRDA:142,13,0,0
BRDA:176,14,0,0
BRDA:176,14,1,0
BRDA:177,15,0,0
BRDA:177,15,1,0
BRDA:235,16,0,0
BRDA:235,16,1,0
BRDA:235,16,2,0
BRDA:239,17,0,0
BRDA:248,18,0,0
BRDA:255,19,0,0
BRF:37
BRH:0
end_of_record
TN:
SF:app\(student)\chat\page.tsx
FN:5,ChatListPage
FNF:1
FNH:0
FNDA:0,ChatListPage
DA:1,0
DA:2,0
DA:3,0
DA:5,0
LF:4
LH:0
BRF:0
BRH:0
end_of_record
TN:
SF:app\(student)\chat\[chatRoomId]\page.tsx
FN:9,ChatDetailPage
FNF:1
FNH:0
FNDA:0,ChatDetailPage
DA:1,0
DA:2,0
DA:3,0
DA:9,0
DA:10,0
LF:5
LH:0
BRF:0
BRH:0
end_of_record
TN:
SF:app\(student)\checkout\[productId]\page.tsx
FN:26,CheckoutPage
FN:112,handlePay
FN:140,(anonymous_4)
FN:159,(anonymous_5)
FNF:4
FNH:0
FNDA:0,CheckoutPage
FNDA:0,handlePay
FNDA:0,(anonymous_4)
FNDA:0,(anonymous_5)
DA:3,0
DA:4,0
DA:5,0
DA:6,0
DA:7,0
DA:9,0
DA:10,0
DA:11,0
DA:13,0
DA:14,0
DA:26,0
DA:27,0
DA:28,0
DA:31,0
DA:32,0
DA:34,0
DA:35,0
DA:37,0
DA:40,0
DA:49,0
DA:66,0
DA:79,0
DA:80,0
DA:82,0
DA:96,0
DA:113,0
DA:114,0
DA:115,0
DA:116,0
DA:117,0
DA:118,0
DA:119,0
DA:122,0
DA:125,0
DA:130,0
DA:131,0
DA:132,0
DA:141,0
DA:142,0
DA:143,0
DA:160,0
LF:41
LH:0
BRDA:40,0,0,0
BRDA:40,0,1,0
BRDA:40,1,0,0
BRDA:40,1,1,0
BRDA:49,2,0,0
BRDA:49,2,1,0
BRDA:49,3,0,0
BRDA:49,3,1,0
BRDA:66,4,0,0
BRDA:66,4,1,0
BRDA:66,5,0,0
BRDA:66,5,1,0
BRDA:79,6,0,0
BRDA:79,6,1,0
BRDA:80,7,0,0
BRDA:80,7,1,0
BRDA:82,8,0,0
BRDA:82,8,1,0
BRDA:96,9,0,0
BRDA:96,9,1,0
BRDA:122,10,0,0
BRDA:122,10,1,0
BRDA:122,10,2,0
BRDA:137,11,0,0
BRDA:149,12,0,0
BRDA:211,13,0,0
BRDA:239,14,0,0
BRDA:246,15,0,0
BRDA:254,16,0,0
BRDA:320,17,0,0
BRDA:320,17,1,0
BRDA:324,18,0,0
BRDA:324,18,1,0
BRDA:324,19,0,0
BRDA:324,19,1,0
BRDA:330,20,0,0
BRDA:329,21,0,0
BRDA:329,21,1,0
BRDA:350,22,0,0
BRF:39
BRH:0
end_of_record
TN:
SF:app\(student)\messages\page.tsx
FN:7,LegacyMessagesRedirectPage
FN:11,(anonymous_2)
FNF:2
FNH:0
FNDA:0,LegacyMessagesRedirectPage
FNDA:0,(anonymous_2)
DA:3,0
DA:4,0
DA:5,0
DA:7,0
DA:8,0
DA:9,0
DA:11,0
DA:12,0
DA:13,0
DA:14,0
DA:16,0
DA:17,0
DA:18,0
DA:21,0
DA:22,0
DA:23,0
DA:25,0
DA:26,0
LF:18
LH:0
BRDA:16,0,0,0
BRDA:16,0,1,0
BRDA:22,1,0,0
BRDA:22,1,1,0
BRDA:23,2,0,0
BRDA:23,2,1,0
BRDA:26,3,0,0
BRDA:26,3,1,0
BRF:8
BRH:0
end_of_record
TN:
SF:app\(student)\orders\purchases\page.tsx
FN:13,getOrderTotal
FN:21,isCompletedStatus
FN:25,OrderHistoryPage
FN:29,(anonymous_5)
FN:30,(anonymous_6)
FN:33,handleMarkCompleted
FN:54,handleDownloadReceipt
FN:65,(anonymous_9)
FN:172,(anonymous_10)
FN:264,(anonymous_11)
FN:273,(anonymous_12)
FN:305,(anonymous_13)
FN:394,(anonymous_14)
FN:417,StatusBadge
FNF:14
FNH:0
FNDA:0,getOrderTotal
FNDA:0,isCompletedStatus
FNDA:0,OrderHistoryPage
FNDA:0,(anonymous_5)
FNDA:0,(anonymous_6)
FNDA:0,handleMarkCompleted
FNDA:0,handleDownloadReceipt
FNDA:0,(anonymous_9)
FNDA:0,(anonymous_10)
FNDA:0,(anonymous_11)
FNDA:0,(anonymous_12)
FNDA:0,(anonymous_13)
FNDA:0,(anonymous_14)
FNDA:0,StatusBadge
DA:3,0
DA:4,0
DA:5,0
DA:6,0
DA:7,0
DA:8,0
DA:9,0
DA:10,0
DA:11,0
DA:14,0
DA:15,0
DA:16,0
DA:22,0
DA:25,0
DA:26,0
DA:27,0
DA:28,0
DA:29,0
DA:30,0
DA:31,0
DA:34,0
DA:35,0
DA:36,0
DA:37,0
DA:40,0
DA:41,0
DA:42,0
DA:45,0
DA:46,0
DA:47,0
DA:48,0
DA:50,0
DA:55,0
DA:56,0
DA:62,0
DA:63,0
DA:64,0
DA:65,0
DA:71,0
DA:72,0
DA:79,0
DA:80,0
DA:97,0
DA:101,0
DA:173,0
DA:264,0
DA:273,0
DA:306,0
DA:394,0
DA:418,0
LF:50
LH:0
BRDA:14,0,0,0
BRDA:14,0,1,0
BRDA:15,1,0,0
BRDA:15,1,1,0
BRDA:15,1,2,0
BRDA:16,2,0,0
BRDA:16,2,1,0
BRDA:16,3,0,0
BRDA:16,3,1,0
BRDA:22,4,0,0
BRDA:22,4,1,0
BRDA:22,4,2,0
BRDA:28,5,0,0
BRDA:28,5,1,0
BRDA:35,6,0,0
BRDA:35,6,1,0
BRDA:40,7,0,0
BRDA:40,7,1,0
BRDA:40,8,0,0
BRDA:40,8,1,0
BRDA:40,8,2,0
BRDA:50,9,0,0
BRDA:50,9,1,0
BRDA:56,10,0,0
BRDA:56,10,1,0
BRDA:56,11,0,0
BRDA:56,11,1,0
BRDA:58,12,0,0
BRDA:58,12,1,0
BRDA:62,13,0,0
BRDA:62,13,1,0
BRDA:64,14,0,0
BRDA:64,14,1,0
BRDA:66,15,0,0
BRDA:66,15,1,0
BRDA:68,16,0,0
BRDA:68,16,1,0
BRDA:68,16,2,0
BRDA:68,16,3,0
BRDA:71,17,0,0
BRDA:71,17,1,0
BRDA:75,18,0,0
BRDA:75,18,1,0
BRDA:75,18,2,0
BRDA:81,19,0,0
BRDA:81,19,1,0
BRDA:97,20,0,0
BRDA:97,20,1,0
BRDA:101,21,0,0
BRDA:101,21,1,0
BRDA:145,22,0,0
BRDA:163,23,0,0
BRDA:181,24,0,0
BRDA:184,25,0,0
BRDA:184,25,1,0
BRDA:187,26,0,0
BRDA:190,27,0,0
BRDA:190,27,1,0
BRDA:207,28,0,0
BRDA:207,28,1,0
BRDA:210,29,0,0
BRDA:210,29,1,0
BRDA:214,30,0,0
BRDA:214,30,1,0
BRDA:215,31,0,0
BRDA:215,31,1,0
BRDA:215,32,0,0
BRDA:215,32,1,0
BRDA:239,33,0,0
BRDA:239,33,1,0
BRDA:248,34,0,0
BRDA:248,34,1,0
BRDA:253,35,0,0
BRDA:255,36,0,0
BRDA:255,36,1,0
BRDA:255,36,2,0
BRDA:262,37,0,0
BRDA:262,37,1,0
BRDA:262,37,2,0
BRDA:268,38,0,0
BRDA:174,39,0,0
BRDA:174,39,1,0
BRDA:174,39,2,0
BRDA:300,40,0,0
BRDA:313,41,0,0
BRDA:316,42,0,0
BRDA:316,42,1,0
BRDA:319,43,0,0
BRDA:322,44,0,0
BRDA:322,44,1,0
BRDA:338,45,0,0
BRDA:338,45,1,0
BRDA:341,46,0,0
BRDA:341,46,1,0
BRDA:345,47,0,0
BRDA:345,47,1,0
BRDA:346,48,0,0
BRDA:346,48,1,0
BRDA:346,49,0,0
BRDA:346,49,1,0
BRDA:370,50,0,0
BRDA:370,50,1,0
BRDA:379,51,0,0
BRDA:379,51,1,0
BRDA:384,52,0,0
BRDA:386,53,0,0
BRDA:386,53,1,0
BRDA:386,53,2,0
BRDA:307,54,0,0
BRDA:307,54,1,0
BRDA:307,54,2,0
BRDA:418,55,0,0
BRDA:418,55,1,0
BRF:113
BRH:0
end_of_record
TN:
SF:app\(student)\payment\failure\page.tsx
FN:10,PaymentFailurePageContent
FN:47,(anonymous_3)
FN:123,PaymentFailurePage
FNF:3
FNH:0
FNDA:0,PaymentFailurePageContent
FNDA:0,(anonymous_3)
FNDA:0,PaymentFailurePage
DA:3,0
DA:4,0
DA:5,0
DA:6,0
DA:11,0
DA:12,0
DA:13,0
DA:16,0
DA:48,0
DA:123,0
LF:10
LH:0
BRDA:16,0,0,0
BRDA:16,0,1,0
BRDA:16,0,2,0
BRDA:30,1,0,0
BRDA:30,1,1,0
BRDA:59,2,0,0
BRDA:70,3,0,0
BRDA:82,4,0,0
BRF:8
BRH:0
end_of_record
TN:
SF:app\(student)\payment\success\page.tsx
FN:26,PaymentSuccessPageContent
FN:40,(anonymous_3)
FN:81,(anonymous_4)
FN:100,(anonymous_5)
FN:110,copyToClipboard
FN:129,(anonymous_7)
FN:233,(anonymous_8)
FN:252,(anonymous_9)
FN:334,PaymentSuccessPage
FNF:9
FNH:0
FNDA:0,PaymentSuccessPageContent
FNDA:0,(anonymous_3)
FNDA:0,(anonymous_4)
FNDA:0,(anonymous_5)
FNDA:0,copyToClipboard
FNDA:0,(anonymous_7)
FNDA:0,(anonymous_8)
FNDA:0,(anonymous_9)
FNDA:0,PaymentSuccessPage
DA:3,0
DA:4,0
DA:5,0
DA:13,0
DA:14,0
DA:16,0
DA:17,0
DA:18,0
DA:19,0
DA:20,0
DA:27,0
DA:28,0
DA:29,0
DA:30,0
DA:32,0
DA:33,0
DA:34,0
DA:35,0
DA:38,0
DA:40,0
DA:41,0
DA:42,0
DA:44,0
DA:45,0
DA:46,0
DA:48,0
DA:49,0
DA:50,0
DA:51,0
DA:54,0
DA:56,0
DA:57,0
DA:58,0
DA:59,0
DA:62,0
DA:65,0
DA:71,0
DA:73,0
DA:80,0
DA:85,0
DA:87,0
DA:89,0
DA:90,0
DA:93,0
DA:96,0
DA:98,0
DA:102,0
DA:105,0
DA:106,0
DA:111,0
DA:112,0
DA:116,0
DA:130,0
DA:142,0
DA:188,0
DA:233,0
DA:252,0
DA:334,0
LF:58
LH:0
BRDA:41,0,0,0
BRDA:41,0,1,0
BRDA:48,1,0,0
BRDA:48,1,1,0
BRDA:56,2,0,0
BRDA:56,2,1,0
BRDA:67,3,0,0
BRDA:67,3,1,0
BRDA:71,4,0,0
BRDA:71,4,1,0
BRDA:73,5,0,0
BRDA:73,5,1,0
BRDA:75,6,0,0
BRDA:75,6,1,0
BRDA:87,7,0,0
BRDA:87,7,1,0
BRDA:89,8,0,0
BRDA:89,8,1,0
BRDA:102,9,0,0
BRDA:102,9,1,0
BRDA:102,9,2,0
BRDA:116,10,0,0
BRDA:116,10,1,0
BRDA:142,11,0,0
BRDA:142,11,1,0
BRDA:154,12,0,0
BRDA:188,13,0,0
BRDA:188,13,1,0
BRDA:188,13,2,0
BRDA:188,14,0,0
BRDA:188,14,1,0
BRDA:225,15,0,0
BRDA:243,16,0,0
BRF:33
BRH:0
end_of_record
TN:
SF:app\(student)\sell\[id]\edit\page.tsx
FN:24,EditListingPage
FN:43,handleSubmit
FN:58,(anonymous_4)
FN:67,(anonymous_5)
FN:68,(anonymous_6)
FN:69,(anonymous_7)
FN:79,(anonymous_8)
FNF:7
FNH:0
FNDA:0,EditListingPage
FNDA:0,handleSubmit
FNDA:0,(anonymous_4)
FNDA:0,(anonymous_5)
FNDA:0,(anonymous_6)
FNDA:0,(anonymous_7)
FNDA:0,(anonymous_8)
DA:3,0
DA:4,0
DA:5,0
DA:6,0
DA:7,0
DA:9,0
DA:10,0
DA:11,0
DA:12,0
DA:24,0
DA:25,0
DA:26,0
DA:27,0
DA:30,0
DA:31,0
DA:33,0
DA:36,0
DA:38,0
DA:44,0
DA:46,0
DA:47,0
DA:48,0
DA:49,0
DA:50,0
DA:51,0
DA:52,0
DA:53,0
DA:54,0
DA:55,0
DA:58,0
DA:59,0
DA:60,0
DA:66,0
DA:67,0
DA:68,0
DA:69,0
DA:71,0
DA:73,0
DA:79,0
DA:83,0
DA:86,0
DA:89,0
DA:94,0
DA:99,0
DA:111,0
DA:130,0
DA:148,0
DA:152,0
LF:48
LH:0
BRDA:36,0,0,0
BRDA:36,0,1,0
BRDA:38,1,0,0
BRDA:38,1,1,0
BRDA:38,1,2,0
BRDA:40,2,0,0
BRDA:40,2,1,0
BRDA:50,3,0,0
BRDA:50,3,1,0
BRDA:51,4,0,0
BRDA:51,4,1,0
BRDA:59,5,0,0
BRDA:59,5,1,0
BRDA:59,6,0,0
BRDA:59,6,1,0
BRDA:86,7,0,0
BRDA:86,7,1,0
BRDA:86,7,2,0
BRDA:99,8,0,0
BRDA:99,8,1,0
BRDA:111,9,0,0
BRDA:111,9,1,0
BRDA:111,10,0,0
BRDA:111,10,1,0
BRDA:130,11,0,0
BRDA:130,11,1,0
BRDA:148,12,0,0
BRDA:148,12,1,0
BRDA:156,13,0,0
BRDA:156,13,1,0
BRDA:196,14,0,0
BRDA:207,15,0,0
BRDA:261,16,0,0
BRDA:261,16,1,0
BRDA:263,17,0,0
BRDA:263,17,1,0
BRF:36
BRH:0
end_of_record
TN:
SF:app\(student)\sell\new\page.tsx
FN:30,NewListingPage
FN:34,handleSubmit
FN:48,(anonymous_4)
FN:134,(anonymous_5)
FNF:4
FNH:0
FNDA:0,NewListingPage
FNDA:0,handleSubmit
FNDA:0,(anonymous_4)
FNDA:0,(anonymous_5)
DA:3,0
DA:4,0
DA:12,0
DA:13,0
DA:15,0
DA:16,0
DA:21,0
DA:30,0
DA:31,0
DA:32,0
DA:35,0
DA:37,0
DA:38,0
DA:39,0
DA:40,0
DA:41,0
DA:42,0
DA:43,0
DA:44,0
DA:45,0
DA:46,0
DA:48,0
DA:49,0
DA:50,0
DA:54,0
DA:56,0
DA:63,0
DA:66,0
DA:69,0
DA:75,0
DA:135,0
LF:31
LH:0
BRDA:41,0,0,0
BRDA:41,0,1,0
BRDA:42,1,0,0
BRDA:42,1,1,0
BRDA:49,2,0,0
BRDA:49,2,1,0
BRDA:49,3,0,0
BRDA:49,3,1,0
BRDA:66,4,0,0
BRDA:66,4,1,0
BRDA:66,4,2,0
BRF:11
BRH:0
end_of_record
TN:
SF:app\(student)\tutor\layout.tsx
FN:8,TutorLayout
FNF:1
FNH:0
FNDA:0,TutorLayout
DA:3,0
DA:8,0
LF:2
LH:0
BRF:0
BRH:0
end_of_record
TN:
SF:app\(student)\tutor\page.tsx
FN:10,TutorPage
FN:25,(anonymous_2)
FN:31,(anonymous_3)
FN:44,(anonymous_4)
FN:46,(anonymous_5)
FN:49,(anonymous_6)
FN:74,(anonymous_7)
FN:75,(anonymous_8)
FN:227,(anonymous_9)
FN:241,(anonymous_10)
FN:242,(anonymous_11)
FN:286,(anonymous_12)
FNF:12
FNH:12
FNDA:111,TutorPage
FNDA:5,(anonymous_2)
FNDA:7,(anonymous_3)
FNDA:97,(anonymous_4)
FNDA:97,(anonymous_5)
FNDA:2,(anonymous_6)
FNDA:1,(anonymous_7)
FNDA:1,(anonymous_8)
FNDA:15,(anonymous_9)
FNDA:106,(anonymous_10)
FNDA:106,(anonymous_11)
FNDA:1,(anonymous_12)
DA:3,1
DA:4,1
DA:5,1
DA:6,1
DA:7,1
DA:8,1
DA:10,5
DA:11,111
DA:12,111
DA:13,111
DA:14,111
DA:15,111
DA:18,111
DA:25,111
DA:26,5
DA:27,5
DA:31,111
DA:32,7
DA:33,7
DA:34,7
DA:35,7
DA:37,0
DA:38,0
DA:40,7
DA:44,111
DA:45,97
DA:46,97
DA:49,111
DA:50,2
DA:51,2
DA:52,0
DA:53,0
DA:56,2
DA:57,2
DA:58,2
DA:59,1
DA:60,1
DA:66,1
DA:68,1
DA:70,2
DA:74,111
DA:75,1
DA:76,1
DA:78,1
DA:79,0
DA:80,0
DA:83,1
DA:84,1
DA:85,1
DA:86,1
DA:87,1
DA:90,1
DA:91,1
DA:93,0
DA:97,111
DA:228,15
DA:242,106
DA:243,106
DA:244,106
DA:286,1
LF:60
LH:53
BRDA:26,0,0,5
BRDA:26,0,1,0
BRDA:51,1,0,0
BRDA:51,1,1,2
BRDA:76,2,0,1
BRDA:76,2,1,1
BRDA:76,2,2,1
BRDA:78,3,0,0
BRDA:78,3,1,1
BRDA:86,4,0,1
BRDA:86,4,1,0
BRDA:87,5,0,1
BRDA:87,5,1,0
BRDA:93,6,0,0
BRDA:93,6,1,0
BRDA:97,7,0,0
BRDA:97,7,1,111
BRDA:198,8,0,2
BRDA:226,9,0,5
BRDA:232,10,0,0
BRDA:243,11,0,106
BRDA:243,11,1,106
BRDA:243,11,2,106
BRDA:252,12,0,0
BRDA:252,12,1,106
BRDA:261,13,0,106
BRDA:261,13,1,0
BRDA:290,14,0,1
BRDA:290,14,1,105
BRF:29
BRH:18
end_of_record
TN:
SF:app\(student)\wishlist\page.tsx
FN:20,WishlistPage
FN:28,(anonymous_3)
FN:30,(anonymous_4)
FN:31,(anonymous_5)
FN:35,(anonymous_6)
FN:37,(anonymous_7)
FN:38,(anonymous_8)
FN:42,(anonymous_9)
FN:53,(anonymous_10)
FN:57,(anonymous_11)
FN:62,(anonymous_12)
FN:136,(anonymous_13)
FN:162,(anonymous_14)
FN:179,(anonymous_15)
FNF:14
FNH:0
FNDA:0,WishlistPage
FNDA:0,(anonymous_3)
FNDA:0,(anonymous_4)
FNDA:0,(anonymous_5)
FNDA:0,(anonymous_6)
FNDA:0,(anonymous_7)
FNDA:0,(anonymous_8)
FNDA:0,(anonymous_9)
FNDA:0,(anonymous_10)
FNDA:0,(anonymous_11)
FNDA:0,(anonymous_12)
FNDA:0,(anonymous_13)
FNDA:0,(anonymous_14)
FNDA:0,(anonymous_15)
DA:3,0
DA:4,0
DA:5,0
DA:6,0
DA:15,0
DA:16,0
DA:17,0
DA:18,0
DA:20,0
DA:21,0
DA:22,0
DA:23,0
DA:24,0
DA:26,0
DA:28,0
DA:29,0
DA:30,0
DA:31,0
DA:35,0
DA:36,0
DA:37,0
DA:38,0
DA:42,0
DA:43,0
DA:45,0
DA:48,0
DA:50,0
DA:51,0
DA:52,0
DA:53,0
DA:56,0
DA:58,0
DA:62,0
DA:63,0
DA:64,0
DA:66,0
DA:69,0
DA:73,0
DA:81,0
DA:137,0
DA:138,0
DA:140,0
DA:162,0
DA:179,0
LF:44
LH:0
BRDA:26,0,0,0
BRDA:26,0,1,0
BRDA:38,1,0,0
BRDA:38,1,1,0
BRDA:43,2,0,0
BRDA:43,2,1,0
BRDA:48,3,0,0
BRDA:48,3,1,0
BRDA:53,4,0,0
BRDA:53,4,1,0
BRDA:63,5,0,0
BRDA:63,5,1,0
BRDA:73,6,0,0
BRDA:73,6,1,0
BRDA:81,7,0,0
BRDA:81,7,1,0
BRDA:109,8,0,0
BRDA:109,8,1,0
BRDA:122,9,0,0
BRDA:123,10,0,0
BRDA:123,10,1,0
BRDA:138,11,0,0
BRDA:138,11,1,0
BRDA:148,12,0,0
BRDA:172,13,0,0
BRDA:172,13,1,0
BRDA:179,14,0,0
BRDA:179,14,1,0
BRF:28
BRH:0
end_of_record
TN:
SF:app\dashboard\layout.tsx
FN:29,DashboardLayout
FN:43,(anonymous_3)
FN:44,(anonymous_4)
FN:45,(anonymous_5)
FN:46,(anonymous_6)
FN:51,(anonymous_7)
FN:60,(anonymous_8)
FN:63,(anonymous_9)
FN:77,(anonymous_10)
FN:84,(anonymous_11)
FN:89,(anonymous_12)
FN:97,(anonymous_13)
FN:103,(anonymous_14)
FN:108,(anonymous_15)
FN:110,(anonymous_16)
FN:112,(anonymous_17)
FN:130,(anonymous_18)
FN:227,(anonymous_19)
FN:237,(anonymous_20)
FNF:19
FNH:0
FNDA:0,DashboardLayout
FNDA:0,(anonymous_3)
FNDA:0,(anonymous_4)
FNDA:0,(anonymous_5)
FNDA:0,(anonymous_6)
FNDA:0,(anonymous_7)
FNDA:0,(anonymous_8)
FNDA:0,(anonymous_9)
FNDA:0,(anonymous_10)
FNDA:0,(anonymous_11)
FNDA:0,(anonymous_12)
FNDA:0,(anonymous_13)
FNDA:0,(anonymous_14)
FNDA:0,(anonymous_15)
FNDA:0,(anonymous_16)
FNDA:0,(anonymous_17)
FNDA:0,(anonymous_18)
FNDA:0,(anonymous_19)
FNDA:0,(anonymous_20)
DA:3,0
DA:4,0
DA:5,0
DA:6,0
DA:23,0
DA:24,0
DA:25,0
DA:27,0
DA:29,0
DA:41,0
DA:42,0
DA:43,0
DA:44,0
DA:45,0
DA:46,0
DA:47,0
DA:48,0
DA:49,0
DA:50,0
DA:51,0
DA:55,0
DA:56,0
DA:57,0
DA:58,0
DA:60,0
DA:61,0
DA:63,0
DA:64,0
DA:66,0
DA:67,0
DA:68,0
DA:69,0
DA:71,0
DA:75,0
DA:77,0
DA:78,0
DA:81,0
DA:82,0
DA:84,0
DA:85,0
DA:89,0
DA:90,0
DA:91,0
DA:97,0
DA:98,0
DA:99,0
DA:103,0
DA:104,0
DA:105,0
DA:108,0
DA:109,0
DA:110,0
DA:112,0
DA:116,0
DA:130,0
DA:131,0
DA:132,0
DA:133,0
DA:134,0
DA:139,0
DA:147,0
DA:155,0
DA:156,0
DA:228,0
DA:229,0
DA:233,0
DA:237,0
LF:67
LH:0
BRDA:49,0,0,0
BRDA:49,0,1,0
BRDA:50,1,0,0
BRDA:50,1,1,0
BRDA:51,2,0,0
BRDA:51,2,1,0
BRDA:66,3,0,0
BRDA:66,3,1,0
BRDA:90,4,0,0
BRDA:90,4,1,0
BRDA:90,5,0,0
BRDA:90,5,1,0
BRDA:98,6,0,0
BRDA:98,6,1,0
BRDA:98,7,0,0
BRDA:98,7,1,0
BRDA:109,8,0,0
BRDA:109,8,1,0
BRDA:126,9,0,0
BRDA:126,9,1,0
BRDA:126,10,0,0
BRDA:126,10,1,0
BRDA:131,11,0,0
BRDA:131,11,1,0
BRDA:132,12,0,0
BRDA:132,12,1,0
BRDA:133,13,0,0
BRDA:133,13,1,0
BRDA:133,14,0,0
BRDA:133,14,1,0
BRDA:134,15,0,0
BRDA:134,15,1,0
BRDA:147,16,0,0
BRDA:147,16,1,0
BRDA:155,17,0,0
BRDA:155,17,1,0
BRDA:164,18,0,0
BRDA:164,18,1,0
BRDA:168,19,0,0
BRDA:168,19,1,0
BRDA:174,20,0,0
BRDA:174,21,0,0
BRDA:174,21,1,0
BRDA:176,22,0,0
BRDA:181,23,0,0
BRDA:181,23,1,0
BRDA:191,24,0,0
BRDA:191,24,1,0
BRDA:211,25,0,0
BRDA:211,25,1,0
BRDA:215,26,0,0
BRDA:215,26,1,0
BRDA:225,27,0,0
BRDA:225,27,1,0
BRDA:227,28,0,0
BRDA:227,28,1,0
BRDA:227,29,0,0
BRDA:227,29,1,0
BRDA:229,30,0,0
BRDA:229,30,1,0
BRDA:238,31,0,0
BRDA:238,31,1,0
BRDA:243,32,0,0
BRDA:243,32,1,0
BRDA:245,33,0,0
BRDA:245,33,1,0
BRDA:248,34,0,0
BRDA:248,34,1,0
BRDA:275,35,0,0
BRDA:275,35,1,0
BRDA:275,36,0,0
BRDA:275,36,1,0
BRDA:279,37,0,0
BRF:73
BRH:0
end_of_record
TN:
SF:app\dashboard\page.tsx
FN:22,getOrderRefUserId
FN:28,getOrderProductTitle
FN:40,getOrderProductId
FN:51,DashboardPage
FN:90,(anonymous_6)
FN:105,(anonymous_7)
FN:112,(anonymous_8)
FN:168,(anonymous_9)
FN:200,(anonymous_10)
FN:257,(anonymous_11)
FN:285,(anonymous_12)
FNF:11
FNH:0
FNDA:0,getOrderRefUserId
FNDA:0,getOrderProductTitle
FNDA:0,getOrderProductId
FNDA:0,DashboardPage
FNDA:0,(anonymous_6)
FNDA:0,(anonymous_7)
FNDA:0,(anonymous_8)
FNDA:0,(anonymous_9)
FNDA:0,(anonymous_10)
FNDA:0,(anonymous_11)
FNDA:0,(anonymous_12)
DA:13,0
DA:14,0
DA:15,0
DA:16,0
DA:17,0
DA:18,0
DA:19,0
DA:20,0
DA:23,0
DA:24,0
DA:25,0
DA:29,0
DA:30,0
DA:32,0
DA:33,0
DA:37,0
DA:41,0
DA:42,0
DA:44,0
DA:45,0
DA:46,0
DA:48,0
DA:51,0
DA:52,0
DA:60,0
DA:62,0
DA:70,0
DA:82,0
DA:90,0
DA:100,0
DA:101,0
DA:102,0
DA:103,0
DA:105,0
DA:106,0
DA:112,0
DA:118,0
DA:120,0
DA:121,0
DA:128,0
DA:129,0
DA:138,0
DA:139,0
DA:169,0
DA:170,0
DA:201,0
DA:202,0
DA:203,0
DA:204,0
DA:205,0
DA:207,0
DA:258,0
DA:259,0
DA:285,0
LF:54
LH:0
BRDA:23,0,0,0
BRDA:23,0,1,0
BRDA:24,1,0,0
BRDA:24,1,1,0
BRDA:29,2,0,0
BRDA:29,2,1,0
BRDA:29,3,0,0
BRDA:29,3,1,0
BRDA:30,4,0,0
BRDA:30,4,1,0
BRDA:32,5,0,0
BRDA:32,5,1,0
BRDA:32,6,0,0
BRDA:32,6,1,0
BRDA:33,7,0,0
BRDA:33,7,1,0
BRDA:35,8,0,0
BRDA:35,8,1,0
BRDA:41,9,0,0
BRDA:41,9,1,0
BRDA:41,10,0,0
BRDA:41,10,1,0
BRDA:44,11,0,0
BRDA:44,11,1,0
BRDA:45,12,0,0
BRDA:45,12,1,0
BRDA:45,13,0,0
BRDA:45,13,1,0
BRDA:62,14,0,0
BRDA:62,14,1,0
BRDA:62,15,0,0
BRDA:62,15,1,0
BRDA:70,16,0,0
BRDA:70,16,1,0
BRDA:70,17,0,0
BRDA:70,17,1,0
BRDA:82,18,0,0
BRDA:82,18,1,0
BRDA:82,19,0,0
BRDA:82,19,1,0
BRDA:87,20,0,0
BRDA:87,20,1,0
BRDA:102,21,0,0
BRDA:102,21,1,0
BRDA:103,22,0,0
BRDA:103,22,1,0
BRDA:103,22,2,0
BRDA:106,23,0,0
BRDA:106,23,1,0
BRDA:106,23,2,0
BRDA:106,23,3,0
BRDA:106,23,4,0
BRDA:120,24,0,0
BRDA:120,24,1,0
BRDA:120,25,0,0
BRDA:120,25,1,0
BRDA:128,26,0,0
BRDA:128,26,1,0
BRDA:128,27,0,0
BRDA:128,27,1,0
BRDA:148,28,0,0
BRDA:148,28,1,0
BRDA:154,29,0,0
BRDA:200,30,0,0
BRDA:210,31,0,0
BRDA:210,31,1,0
BRDA:221,32,0,0
BRDA:221,32,1,0
BRDA:225,33,0,0
BRDA:225,33,1,0
BRDA:225,34,0,0
BRDA:225,34,1,0
BRDA:243,35,0,0
BRDA:243,35,1,0
BRDA:257,36,0,0
BRDA:268,37,0,0
BRDA:268,37,1,0
BRDA:289,38,0,0
BRDA:289,38,1,0
BRF:79
BRH:0
end_of_record
TN:
SF:app\dashboard\_components\Sidebar.tsx
FN:5,Sidebar
FNF:1
FNH:0
FNDA:0,Sidebar
DA:2,0
DA:5,0
LF:2
LH:0
BRF:0
BRH:0
end_of_record
TN:
SF:app\dashboard\admin\page.tsx
FN:23,AdminDashboardPage
FN:24,(anonymous_2)
FN:30,(anonymous_3)
FN:34,(anonymous_4)
FN:39,(anonymous_5)
FN:40,(anonymous_6)
FN:43,(anonymous_7)
FN:45,(anonymous_8)
FN:52,(anonymous_9)
FN:53,(anonymous_10)
FN:62,(anonymous_11)
FN:63,(anonymous_12)
FN:74,(anonymous_13)
FN:75,(anonymous_14)
FN:89,(anonymous_15)
FN:109,(anonymous_16)
FN:172,(anonymous_17)
FN:214,(anonymous_18)
FN:218,(anonymous_19)
FN:245,(anonymous_20)
FN:287,(anonymous_21)
FN:313,(anonymous_22)
FN:327,(anonymous_23)
FN:342,(anonymous_24)
FNF:24
FNH:21
FNDA:2,AdminDashboardPage
FNDA:2,(anonymous_2)
FNDA:1,(anonymous_3)
FNDA:4,(anonymous_4)
FNDA:4,(anonymous_5)
FNDA:4,(anonymous_6)
FNDA:2,(anonymous_7)
FNDA:12,(anonymous_8)
FNDA:12,(anonymous_9)
FNDA:24,(anonymous_10)
FNDA:12,(anonymous_11)
FNDA:24,(anonymous_12)
FNDA:12,(anonymous_13)
FNDA:24,(anonymous_14)
FNDA:12,(anonymous_15)
FNDA:2,(anonymous_16)
FNDA:4,(anonymous_17)
FNDA:6,(anonymous_18)
FNDA:6,(anonymous_19)
FNDA:6,(anonymous_20)
FNDA:2,(anonymous_21)
FNDA:0,(anonymous_22)
FNDA:0,(anonymous_23)
FNDA:0,(anonymous_24)
DA:3,1
DA:4,1
DA:5,1
DA:6,1
DA:7,1
DA:8,1
DA:21,1
DA:23,1
DA:24,2
DA:25,2
DA:26,2
DA:27,2
DA:28,2
DA:30,2
DA:31,1
DA:34,4
DA:35,2
DA:36,2
DA:38,2
DA:39,4
DA:40,4
DA:41,2
DA:43,2
DA:44,2
DA:45,2
DA:46,12
DA:47,12
DA:48,12
DA:49,12
DA:52,2
DA:53,12
DA:54,24
DA:55,24
DA:56,24
DA:57,24
DA:58,24
DA:62,2
DA:63,12
DA:64,24
DA:65,12
DA:66,12
DA:67,0
DA:68,0
DA:69,0
DA:70,0
DA:74,2
DA:75,12
DA:76,24
DA:77,12
DA:78,12
DA:79,0
DA:80,0
DA:81,0
DA:82,0
DA:83,0
DA:87,2
DA:88,2
DA:90,12
DA:91,12
DA:92,12
DA:96,2
DA:98,2
DA:109,2
DA:110,2
DA:111,0
DA:115,2
DA:116,1
DA:119,1
DA:173,4
DA:174,4
DA:214,6
DA:218,6
DA:246,6
DA:247,6
DA:251,6
DA:288,2
DA:313,0
DA:327,0
DA:342,0
LF:79
LH:66
BRDA:34,0,0,2
BRDA:34,0,1,0
BRDA:38,1,0,2
BRDA:38,1,1,0
BRDA:40,2,0,4
BRDA:40,2,1,2
BRDA:54,3,0,0
BRDA:54,3,1,24
BRDA:56,4,0,0
BRDA:56,4,1,24
BRDA:64,5,0,12
BRDA:64,5,1,12
BRDA:65,6,0,12
BRDA:65,6,1,12
BRDA:65,6,2,12
BRDA:66,7,0,12
BRDA:66,7,1,0
BRDA:68,8,0,0
BRDA:68,8,1,0
BRDA:76,9,0,12
BRDA:76,9,1,12
BRDA:77,10,0,12
BRDA:77,10,1,12
BRDA:77,10,2,12
BRDA:78,11,0,12
BRDA:78,11,1,0
BRDA:80,12,0,0
BRDA:80,12,1,0
BRDA:82,13,0,0
BRDA:82,13,1,0
BRDA:83,14,0,0
BRDA:83,14,1,0
BRDA:96,15,0,2
BRDA:96,15,1,2
BRDA:110,16,0,0
BRDA:110,16,1,2
BRDA:110,17,0,2
BRDA:110,17,1,1
BRDA:115,18,0,1
BRDA:115,18,1,1
BRDA:115,19,0,2
BRDA:115,19,1,1
BRDA:122,20,0,0
BRDA:122,20,1,1
BRDA:131,21,0,0
BRDA:131,21,1,1
BRDA:140,22,0,0
BRDA:140,22,1,1
BRDA:149,23,0,0
BRDA:149,23,1,1
BRDA:246,24,0,6
BRDA:246,24,1,6
BRDA:277,25,0,0
BRDA:277,25,1,1
BRDA:282,26,0,0
BRDA:282,26,1,1
BRDA:290,27,0,1
BRDA:290,27,1,1
BRDA:290,28,0,1
BRDA:290,28,1,1
BRDA:295,29,0,2
BRDA:295,29,1,2
BRDA:296,30,0,0
BRDA:296,30,1,2
BRDA:296,31,0,0
BRDA:296,31,1,0
BRDA:297,32,0,0
BRDA:297,32,1,2
BRDA:301,33,0,2
BRDA:301,33,1,0
BRDA:301,34,0,2
BRDA:301,34,1,0
BRDA:288,35,0,2
BRDA:288,35,1,2
BRF:74
BRH:47
end_of_record
TN:
SF:app\dashboard\admin\panel\page.tsx
FN:9,AdminPanelPage
FN:13,(anonymous_2)
FN:85,(anonymous_3)
FN:120,(anonymous_4)
FNF:4
FNH:0
FNDA:0,AdminPanelPage
FNDA:0,(anonymous_2)
FNDA:0,(anonymous_3)
FNDA:0,(anonymous_4)
DA:3,0
DA:4,0
DA:5,0
DA:6,0
DA:9,0
DA:10,0
DA:11,0
DA:13,0
DA:14,0
DA:15,0
DA:19,0
DA:64,0
DA:65,0
DA:86,0
DA:87,0
DA:121,0
LF:16
LH:0
BRDA:14,0,0,0
BRDA:14,0,1,0
BRDA:64,1,0,0
BRDA:64,1,1,0
BRDA:124,2,0,0
BRDA:124,2,1,0
BRDA:125,3,0,0
BRF:7
BRH:0
end_of_record
TN:
SF:app\dashboard\admin\users\page.tsx
FN:23,UserManagementPage
FN:34,(anonymous_3)
FN:45,(anonymous_4)
FN:50,(anonymous_5)
FN:52,(anonymous_6)
FN:67,(anonymous_7)
FN:69,(anonymous_8)
FN:92,(anonymous_9)
FN:97,(anonymous_10)
FN:101,(anonymous_11)
FN:105,(anonymous_12)
FN:108,(anonymous_13)
FN:113,(anonymous_14)
FN:115,(anonymous_15)
FN:122,(anonymous_16)
FN:166,(anonymous_17)
FN:185,(anonymous_18)
FN:194,(anonymous_19)
FN:207,(anonymous_20)
FN:274,(anonymous_21)
FN:279,(anonymous_22)
FN:284,(anonymous_23)
FN:289,(anonymous_24)
FN:321,(anonymous_25)
FN:370,(anonymous_26)
FN:395,(anonymous_27)
FN:395,(anonymous_28)
FN:405,(anonymous_29)
FN:405,(anonymous_30)
FNF:29
FNH:16
FNDA:14,UserManagementPage
FNDA:9,(anonymous_3)
FNDA:38,(anonymous_4)
FNDA:9,(anonymous_5)
FNDA:18,(anonymous_6)
FNDA:9,(anonymous_7)
FNDA:5,(anonymous_8)
FNDA:9,(anonymous_9)
FNDA:9,(anonymous_10)
FNDA:4,(anonymous_11)
FNDA:28,(anonymous_12)
FNDA:28,(anonymous_13)
FNDA:0,(anonymous_14)
FNDA:0,(anonymous_15)
FNDA:1,(anonymous_16)
FNDA:0,(anonymous_17)
FNDA:5,(anonymous_18)
FNDA:0,(anonymous_19)
FNDA:0,(anonymous_20)
FNDA:0,(anonymous_21)
FNDA:0,(anonymous_22)
FNDA:0,(anonymous_23)
FNDA:0,(anonymous_24)
FNDA:20,(anonymous_25)
FNDA:1,(anonymous_26)
FNDA:0,(anonymous_27)
FNDA:0,(anonymous_28)
FNDA:0,(anonymous_29)
FNDA:0,(anonymous_30)
DA:3,1
DA:4,1
DA:5,1
DA:6,1
DA:18,1
DA:19,1
DA:23,4
DA:24,14
DA:25,14
DA:26,14
DA:27,14
DA:28,14
DA:29,14
DA:30,14
DA:31,14
DA:32,14
DA:34,14
DA:35,9
DA:36,0
DA:40,14
DA:41,14
DA:43,14
DA:45,14
DA:46,38
DA:47,38
DA:50,14
DA:51,9
DA:52,9
DA:54,18
DA:58,18
DA:60,18
DA:61,18
DA:63,18
DA:67,14
DA:68,9
DA:69,9
DA:70,5
DA:71,5
DA:73,5
DA:74,5
DA:75,5
DA:76,0
DA:77,0
DA:78,0
DA:80,0
DA:81,0
DA:84,5
DA:85,5
DA:86,0
DA:88,9
DA:91,14
DA:92,14
DA:93,9
DA:94,9
DA:97,14
DA:98,9
DA:101,14
DA:102,4
DA:105,28
DA:106,14
DA:107,14
DA:108,14
DA:109,28
DA:110,28
DA:113,14
DA:114,0
DA:115,0
DA:116,0
DA:118,0
DA:119,0
DA:122,14
DA:123,1
DA:124,0
DA:125,0
DA:128,1
DA:129,1
DA:130,0
DA:131,0
DA:134,1
DA:137,1
DA:139,1
DA:140,1
DA:141,1
DA:142,1
DA:144,0
DA:150,14
DA:151,0
DA:166,0
DA:185,5
DA:194,0
DA:207,0
DA:274,0
DA:279,0
DA:284,0
DA:289,0
DA:322,20
DA:370,1
DA:395,0
DA:405,0
LF:99
LH:72
BRDA:35,0,0,0
BRDA:35,0,1,9
BRDA:43,1,0,14
BRDA:43,1,1,0
BRDA:46,2,0,38
BRDA:46,2,1,0
BRDA:47,3,0,38
BRDA:47,3,1,0
BRDA:47,4,0,38
BRDA:47,4,1,38
BRDA:54,5,0,18
BRDA:54,5,1,10
BRDA:54,5,2,4
BRDA:58,6,0,18
BRDA:58,6,1,0
BRDA:60,7,0,9
BRDA:60,7,1,9
BRDA:61,8,0,18
BRDA:61,8,1,0
BRDA:63,9,0,18
BRDA:63,9,1,14
BRDA:63,9,2,14
BRDA:73,10,0,5
BRDA:73,10,1,0
BRDA:74,11,0,5
BRDA:74,11,1,0
BRDA:75,12,0,5
BRDA:75,12,1,0
BRDA:76,13,0,0
BRDA:76,13,1,0
BRDA:77,14,0,0
BRDA:77,14,1,0
BRDA:78,15,0,0
BRDA:78,15,1,0
BRDA:80,16,0,0
BRDA:80,16,1,0
BRDA:81,17,0,0
BRDA:81,17,1,0
BRDA:84,18,0,0
BRDA:84,18,1,5
BRDA:84,19,0,0
BRDA:84,19,1,0
BRDA:85,20,0,5
BRDA:85,20,1,0
BRDA:85,21,0,0
BRDA:85,21,1,5
BRDA:102,22,0,0
BRDA:102,22,1,4
BRDA:110,23,0,28
BRDA:110,23,1,28
BRDA:110,23,2,0
BRDA:114,24,0,0
BRDA:114,24,1,0
BRDA:115,25,0,0
BRDA:115,25,1,0
BRDA:119,26,0,0
BRDA:119,26,1,0
BRDA:123,27,0,0
BRDA:123,27,1,1
BRDA:128,28,0,1
BRDA:128,28,1,0
BRDA:128,28,2,0
BRDA:129,29,0,0
BRDA:129,29,1,1
BRDA:137,30,0,0
BRDA:137,30,1,1
BRDA:144,31,0,0
BRDA:144,31,1,0
BRDA:144,31,2,0
BRDA:150,32,0,0
BRDA:150,32,1,14
BRDA:264,33,0,14
BRDA:266,34,0,0
BRDA:266,34,1,0
BRDA:266,34,2,0
BRDA:299,35,0,0
BRDA:299,35,1,14
BRDA:308,36,0,0
BRDA:308,36,1,14
BRDA:343,37,0,0
BRDA:343,37,1,20
BRDA:348,38,0,0
BRDA:348,38,1,20
BRDA:353,39,0,14
BRDA:353,39,1,6
BRDA:358,40,0,14
BRDA:358,40,1,6
BRDA:359,41,0,14
BRDA:359,41,1,6
BRDA:365,42,0,20
BRDA:365,42,1,0
BRDA:371,43,0,20
BRDA:371,43,1,20
BRDA:389,44,0,0
BRDA:389,44,1,14
BRF:95
BRH:45
end_of_record
TN:
SF:app\dashboard\bookings\page.tsx
FN:23,MyBookingsPage
FN:33,handlePay
FN:60,(anonymous_4)
FN:77,(anonymous_5)
FN:86,(anonymous_6)
FN:99,(anonymous_7)
FN:163,(anonymous_8)
FN:206,StatusBadge
FNF:8
FNH:0
FNDA:0,MyBookingsPage
FNDA:0,handlePay
FNDA:0,(anonymous_4)
FNDA:0,(anonymous_5)
FNDA:0,(anonymous_6)
FNDA:0,(anonymous_7)
FNDA:0,(anonymous_8)
FNDA:0,StatusBadge
DA:3,0
DA:4,0
DA:5,0
DA:6,0
DA:17,0
DA:18,0
DA:19,0
DA:20,0
DA:23,0
DA:24,0
DA:25,0
DA:26,0
DA:27,0
DA:29,0
DA:30,0
DA:31,0
DA:34,0
DA:35,0
DA:36,0
DA:37,0
DA:38,0
DA:39,0
DA:41,0
DA:42,0
DA:46,0
DA:61,0
DA:62,0
DA:63,0
DA:77,0
DA:86,0
DA:100,0
DA:163,0
DA:207,0
LF:33
LH:0
BRDA:27,0,0,0
BRDA:27,0,1,0
BRDA:41,1,0,0
BRDA:41,1,1,0
BRDA:46,2,0,0
BRDA:46,2,1,0
BRDA:57,3,0,0
BRDA:78,4,0,0
BRDA:78,4,1,0
BRDA:87,5,0,0
BRDA:87,5,1,0
BRDA:99,6,0,0
BRDA:119,7,0,0
BRDA:119,7,1,0
BRDA:147,8,0,0
BRDA:147,8,1,0
BRDA:150,9,0,0
BRDA:150,9,1,0
BRDA:161,10,0,0
BRDA:161,10,1,0
BRDA:164,11,0,0
BRDA:164,11,1,0
BRDA:168,12,0,0
BRDA:167,13,0,0
BRDA:167,13,1,0
BRDA:176,14,0,0
BRDA:176,14,1,0
BRDA:181,15,0,0
BRDA:181,15,1,0
BRDA:197,16,0,0
BRDA:197,16,1,0
BRDA:207,17,0,0
BRDA:220,18,0,0
BRDA:220,18,1,0
BRF:34
BRH:0
end_of_record
TN:
SF:app\dashboard\my-products\page.tsx
FN:16,MyProductsPage
FN:17,(anonymous_3)
FN:30,(anonymous_4)
FN:39,(anonymous_5)
FN:41,(anonymous_6)
FN:51,(anonymous_7)
FN:64,(anonymous_8)
FN:74,(anonymous_9)
FN:76,(anonymous_10)
FN:94,(anonymous_11)
FN:127,(anonymous_12)
FN:135,(anonymous_13)
FN:160,(anonymous_14)
FN:206,(anonymous_15)
FN:218,(anonymous_16)
FN:241,(anonymous_17)
FN:266,(anonymous_18)
FN:266,(anonymous_19)
FN:273,(anonymous_20)
FN:273,(anonymous_21)
FNF:20
FNH:15
FNDA:14,MyProductsPage
FNDA:14,(anonymous_3)
FNDA:14,(anonymous_4)
FNDA:12,(anonymous_5)
FNDA:12,(anonymous_6)
FNDA:1,(anonymous_7)
FNDA:1,(anonymous_8)
FNDA:1,(anonymous_9)
FNDA:1,(anonymous_10)
FNDA:1,(anonymous_11)
FNDA:7,(anonymous_12)
FNDA:0,(anonymous_13)
FNDA:14,(anonymous_14)
FNDA:1,(anonymous_15)
FNDA:1,(anonymous_16)
FNDA:1,(anonymous_17)
FNDA:0,(anonymous_18)
FNDA:0,(anonymous_19)
FNDA:0,(anonymous_20)
FNDA:0,(anonymous_21)
DA:3,1
DA:4,1
DA:5,1
DA:6,1
DA:7,1
DA:8,1
DA:9,1
DA:11,1
DA:12,1
DA:13,1
DA:14,1
DA:16,5
DA:17,14
DA:18,14
DA:19,14
DA:21,14
DA:22,14
DA:23,14
DA:25,14
DA:26,14
DA:27,14
DA:28,14
DA:30,14
DA:31,14
DA:32,0
DA:36,14
DA:37,14
DA:39,14
DA:40,12
DA:41,12
DA:43,12
DA:46,12
DA:47,12
DA:51,14
DA:52,1
DA:53,1
DA:55,1
DA:56,1
DA:57,1
DA:58,1
DA:60,0
DA:64,14
DA:65,1
DA:66,1
DA:67,1
DA:68,1
DA:70,0
DA:74,14
DA:75,1
DA:76,1
DA:77,1
DA:79,1
DA:80,1
DA:81,1
DA:82,1
DA:84,1
DA:90,1
DA:92,0
DA:94,1
DA:98,14
DA:127,7
DA:135,0
DA:161,14
DA:162,14
DA:163,14
DA:164,14
DA:168,14
DA:206,1
DA:218,1
DA:242,1
DA:243,1
DA:244,1
DA:266,0
DA:273,0
LF:74
LH:67
BRDA:31,0,0,0
BRDA:31,0,1,14
BRDA:36,1,0,14
BRDA:36,1,1,0
BRDA:43,2,0,12
BRDA:43,2,1,7
BRDA:43,2,2,0
BRDA:46,3,0,12
BRDA:46,3,1,0
BRDA:47,4,0,12
BRDA:47,4,1,12
BRDA:53,5,0,0
BRDA:53,5,1,1
BRDA:60,6,0,0
BRDA:60,6,1,0
BRDA:60,6,2,0
BRDA:70,7,0,0
BRDA:70,7,1,0
BRDA:70,7,2,0
BRDA:75,8,0,1
BRDA:75,8,1,0
BRDA:92,9,0,0
BRDA:92,9,1,0
BRDA:92,9,2,0
BRDA:98,10,0,0
BRDA:98,10,1,14
BRDA:149,11,0,0
BRDA:150,12,0,0
BRDA:150,12,1,0
BRDA:150,12,2,0
BRDA:153,13,0,0
BRDA:161,14,0,14
BRDA:161,14,1,0
BRDA:163,15,0,14
BRDA:163,15,1,0
BRDA:164,16,0,14
BRDA:164,16,1,0
BRDA:166,17,0,0
BRDA:166,17,1,0
BRDA:172,18,0,0
BRDA:172,19,0,0
BRDA:172,19,1,0
BRDA:181,20,0,14
BRDA:181,20,1,0
BRDA:183,21,0,14
BRDA:183,21,1,0
BRDA:184,22,0,0
BRDA:184,22,1,0
BRDA:186,23,0,14
BRDA:186,23,1,0
BRDA:190,24,0,14
BRDA:190,24,1,0
BRDA:194,25,0,14
BRDA:194,25,1,0
BRDA:206,26,0,1
BRDA:206,26,1,0
BRDA:217,27,0,14
BRDA:217,27,1,0
BRDA:243,28,0,1
BRDA:243,28,1,0
BRDA:259,29,0,14
BRDA:259,29,1,14
BRF:62
BRH:23
end_of_record
TN:
SF:app\dashboard\payments\page.tsx
FN:12,PaymentsHistoryPage
FN:28,(anonymous_2)
FN:32,(anonymous_3)
FN:37,handleDownloadReceipt
FN:44,(anonymous_5)
FN:108,(anonymous_6)
FN:142,(anonymous_7)
FN:181,(anonymous_8)
FN:215,(anonymous_9)
FN:236,StatusBadge
FNF:10
FNH:0
FNDA:0,PaymentsHistoryPage
FNDA:0,(anonymous_2)
FNDA:0,(anonymous_3)
FNDA:0,handleDownloadReceipt
FNDA:0,(anonymous_5)
FNDA:0,(anonymous_6)
FNDA:0,(anonymous_7)
FNDA:0,(anonymous_8)
FNDA:0,(anonymous_9)
FNDA:0,StatusBadge
DA:3,0
DA:4,0
DA:5,0
DA:6,0
DA:7,0
DA:8,0
DA:10,0
DA:12,0
DA:13,0
DA:14,0
DA:15,0
DA:16,0
DA:17,0
DA:19,0
DA:28,0
DA:29,0
DA:32,0
DA:33,0
DA:38,0
DA:44,0
DA:50,0
DA:51,0
DA:68,0
DA:109,0
DA:142,0
DA:182,0
DA:215,0
DA:237,0
LF:28
LH:0
BRDA:17,0,0,0
BRDA:17,0,1,0
BRDA:19,1,0,0
BRDA:19,1,1,0
BRDA:29,2,0,0
BRDA:29,2,1,0
BRDA:29,2,2,0
BRDA:33,3,0,0
BRDA:33,3,1,0
BRDA:33,3,2,0
BRDA:38,4,0,0
BRDA:38,4,1,0
BRDA:38,5,0,0
BRDA:38,5,1,0
BRDA:40,6,0,0
BRDA:40,6,1,0
BRDA:44,7,0,0
BRDA:44,7,1,0
BRDA:45,8,0,0
BRDA:45,8,1,0
BRDA:47,9,0,0
BRDA:47,9,1,0
BRDA:47,9,2,0
BRDA:52,10,0,0
BRDA:52,10,1,0
BRDA:52,10,2,0
BRDA:52,10,3,0
BRDA:53,11,0,0
BRDA:53,11,1,0
BRDA:64,12,0,0
BRDA:64,12,1,0
BRDA:68,13,0,0
BRDA:68,13,1,0
BRDA:108,14,0,0
BRDA:114,15,0,0
BRDA:116,16,0,0
BRDA:122,17,0,0
BRDA:122,17,1,0
BRDA:123,18,0,0
BRDA:123,18,1,0
BRDA:123,19,0,0
BRDA:123,19,1,0
BRDA:124,20,0,0
BRDA:124,20,1,0
BRDA:129,21,0,0
BRDA:129,21,1,0
BRDA:109,22,0,0
BRDA:109,22,1,0
BRDA:109,22,2,0
BRDA:109,23,0,0
BRDA:109,23,1,0
BRDA:181,24,0,0
BRDA:187,25,0,0
BRDA:189,26,0,0
BRDA:195,27,0,0
BRDA:195,27,1,0
BRDA:196,28,0,0
BRDA:196,28,1,0
BRDA:196,29,0,0
BRDA:196,29,1,0
BRDA:197,30,0,0
BRDA:197,30,1,0
BRDA:202,31,0,0
BRDA:202,31,1,0
BRDA:182,32,0,0
BRDA:182,32,1,0
BRDA:182,32,2,0
BRDA:182,33,0,0
BRDA:182,33,1,0
BRF:69
BRH:0
end_of_record
TN:
SF:app\dashboard\profile\page.tsx
FN:46,(anonymous_2)
FN:55,ProfilePage
FN:87,(anonymous_4)
FN:100,(anonymous_5)
FN:113,(anonymous_6)
FN:117,(anonymous_7)
FN:130,(anonymous_8)
FN:158,(anonymous_9)
FN:172,(anonymous_10)
FN:210,(anonymous_11)
FN:240,(anonymous_12)
FN:394,(anonymous_13)
FN:394,(anonymous_14)
FN:418,(anonymous_15)
FN:418,(anonymous_16)
FN:438,(anonymous_17)
FN:438,(anonymous_18)
FN:457,(anonymous_19)
FN:457,(anonymous_20)
FN:491,FormField
FN:513,fieldCls
FNF:21
FNH:0
FNDA:0,(anonymous_2)
FNDA:0,ProfilePage
FNDA:0,(anonymous_4)
FNDA:0,(anonymous_5)
FNDA:0,(anonymous_6)
FNDA:0,(anonymous_7)
FNDA:0,(anonymous_8)
FNDA:0,(anonymous_9)
FNDA:0,(anonymous_10)
FNDA:0,(anonymous_11)
FNDA:0,(anonymous_12)
FNDA:0,(anonymous_13)
FNDA:0,(anonymous_14)
FNDA:0,(anonymous_15)
FNDA:0,(anonymous_16)
FNDA:0,(anonymous_17)
FNDA:0,(anonymous_18)
FNDA:0,(anonymous_19)
FNDA:0,(anonymous_20)
FNDA:0,FormField
FNDA:0,fieldCls
DA:3,0
DA:4,0
DA:5,0
DA:6,0
DA:7,0
DA:23,0
DA:24,0
DA:29,0
DA:32,0
DA:40,0
DA:46,0
DA:55,0
DA:56,0
DA:57,0
DA:58,0
DA:59,0
DA:61,0
DA:62,0
DA:63,0
DA:64,0
DA:65,0
DA:66,0
DA:67,0
DA:68,0
DA:76,0
DA:84,0
DA:87,0
DA:88,0
DA:89,0
DA:96,0
DA:100,0
DA:101,0
DA:102,0
DA:103,0
DA:104,0
DA:105,0
DA:107,0
DA:108,0
DA:109,0
DA:111,0
DA:112,0
DA:113,0
DA:114,0
DA:117,0
DA:118,0
DA:119,0
DA:120,0
DA:121,0
DA:122,0
DA:123,0
DA:124,0
DA:126,0
DA:130,0
DA:131,0
DA:132,0
DA:139,0
DA:141,0
DA:142,0
DA:150,0
DA:151,0
DA:152,0
DA:154,0
DA:158,0
DA:159,0
DA:160,0
DA:164,0
DA:165,0
DA:166,0
DA:168,0
DA:172,0
DA:173,0
DA:174,0
DA:175,0
DA:176,0
DA:177,0
DA:184,0
DA:188,0
DA:210,0
DA:240,0
DA:394,0
DA:418,0
DA:438,0
DA:457,0
DA:514,0
LF:84
LH:0
BRDA:88,0,0,0
BRDA:88,0,1,0
BRDA:90,1,0,0
BRDA:90,1,1,0
BRDA:91,2,0,0
BRDA:91,2,1,0
BRDA:92,3,0,0
BRDA:92,3,1,0
BRDA:93,4,0,0
BRDA:93,4,1,0
BRDA:94,5,0,0
BRDA:94,5,1,0
BRDA:96,6,0,0
BRDA:96,6,1,0
BRDA:102,7,0,0
BRDA:102,7,1,0
BRDA:103,8,0,0
BRDA:103,8,1,0
BRDA:107,9,0,0
BRDA:107,9,1,0
BRDA:118,10,0,0
BRDA:118,10,1,0
BRDA:126,11,0,0
BRDA:126,11,1,0
BRDA:134,12,0,0
BRDA:134,12,1,0
BRDA:135,13,0,0
BRDA:135,13,1,0
BRDA:136,14,0,0
BRDA:136,14,1,0
BRDA:137,15,0,0
BRDA:137,15,1,0
BRDA:139,16,0,0
BRDA:139,16,1,0
BRDA:148,17,0,0
BRDA:148,17,1,0
BRDA:148,17,2,0
BRDA:154,18,0,0
BRDA:154,18,1,0
BRDA:168,19,0,0
BRDA:168,19,1,0
BRDA:176,20,0,0
BRDA:176,20,1,0
BRDA:178,21,0,0
BRDA:178,21,1,0
BRDA:179,22,0,0
BRDA:179,22,1,0
BRDA:180,23,0,0
BRDA:180,23,1,0
BRDA:181,24,0,0
BRDA:181,24,1,0
BRDA:182,25,0,0
BRDA:182,25,1,0
BRDA:184,26,0,0
BRDA:184,26,1,0
BRDA:188,27,0,0
BRDA:188,27,1,0
BRDA:208,28,0,0
BRDA:227,29,0,0
BRDA:234,30,0,0
BRDA:234,30,1,0
BRDA:237,31,0,0
BRDA:260,32,0,0
BRDA:260,32,1,0
BRDA:262,33,0,0
BRDA:262,33,1,0
BRDA:275,34,0,0
BRDA:360,35,0,0
BRDA:364,36,0,0
BRDA:364,36,1,0
BRDA:368,37,0,0
BRDA:367,38,0,0
BRDA:367,38,1,0
BRDA:397,39,0,0
BRDA:397,39,1,0
BRDA:401,40,0,0
BRDA:410,41,0,0
BRDA:410,41,1,0
BRDA:421,42,0,0
BRDA:430,43,0,0
BRDA:430,43,1,0
BRDA:441,44,0,0
BRDA:449,45,0,0
BRDA:449,45,1,0
BRDA:460,46,0,0
BRDA:472,47,0,0
BRDA:480,48,0,0
BRDA:495,49,0,0
BRDA:508,50,0,0
BRDA:513,51,0,0
BRDA:514,52,0,0
BRDA:514,52,1,0
BRDA:514,53,0,0
BRDA:514,53,1,0
BRDA:516,54,0,0
BRDA:516,54,1,0
BRDA:519,55,0,0
BRDA:519,55,1,0
BRF:98
BRH:0
end_of_record
TN:
SF:app\forgot-password\page.tsx
FN:9,ForgotPasswordPage
FN:15,(anonymous_3)
FN:54,(anonymous_4)
FNF:3
FNH:0
FNDA:0,ForgotPasswordPage
FNDA:0,(anonymous_3)
FNDA:0,(anonymous_4)
DA:3,0
DA:4,0
DA:5,0
DA:6,0
DA:7,0
DA:9,0
DA:10,0
DA:11,0
DA:13,0
DA:15,0
DA:16,0
DA:17,0
DA:19,0
DA:20,0
DA:21,0
DA:22,0
DA:24,0
DA:54,0
LF:18
LH:0
BRDA:24,0,0,0
BRDA:24,0,1,0
BRDA:44,1,0,0
BRDA:67,2,0,0
BRDA:67,2,1,0
BRF:5
BRH:0
end_of_record
TN:
SF:app\login\page.tsx
FN:31,getConfiguredAdminIds
FN:39,(anonymous_3)
FN:44,LoginPageContent
FN:62,(anonymous_5)
FN:145,(anonymous_6)
FN:156,(anonymous_7)
FN:227,(anonymous_8)
FN:282,LoginPage
FNF:8
FNH:5
FNDA:2,getConfiguredAdminIds
FNDA:2,(anonymous_3)
FNDA:18,LoginPageContent
FNDA:3,(anonymous_5)
FNDA:0,(anonymous_6)
FNDA:0,(anonymous_7)
FNDA:0,(anonymous_8)
FNDA:5,LoginPage
DA:3,1
DA:4,1
DA:5,1
DA:6,1
DA:7,1
DA:8,1
DA:9,1
DA:19,1
DA:20,1
DA:21,1
DA:24,1
DA:33,2
DA:37,2
DA:39,2
DA:45,18
DA:46,18
DA:47,18
DA:48,18
DA:49,18
DA:51,18
DA:57,18
DA:62,18
DA:63,3
DA:64,3
DA:65,3
DA:66,2
DA:67,2
DA:68,2
DA:69,2
DA:71,2
DA:72,2
DA:73,2
DA:74,2
DA:77,2
DA:78,0
DA:81,2
DA:82,0
DA:85,2
DA:87,2
DA:88,2
DA:89,2
DA:91,2
DA:98,2
DA:99,2
DA:101,0
DA:104,1
DA:145,0
DA:156,0
DA:227,0
DA:282,5
LF:50
LH:44
BRDA:33,0,0,2
BRDA:33,0,1,0
BRDA:33,0,2,0
BRDA:66,1,0,2
BRDA:66,1,1,2
BRDA:71,2,0,2
BRDA:71,2,1,0
BRDA:71,3,0,2
BRDA:71,3,1,2
BRDA:73,4,0,2
BRDA:73,4,1,0
BRDA:73,4,2,0
BRDA:74,5,0,2
BRDA:74,5,1,2
BRDA:77,6,0,0
BRDA:77,6,1,2
BRDA:77,7,0,2
BRDA:77,7,1,0
BRDA:81,8,0,0
BRDA:81,8,1,2
BRDA:81,9,0,2
BRDA:81,9,1,2
BRDA:85,10,0,2
BRDA:85,10,1,0
BRDA:88,11,0,0
BRDA:88,11,1,2
BRDA:88,12,0,2
BRDA:88,12,1,0
BRDA:89,13,0,2
BRDA:89,13,1,2
BRDA:89,14,0,0
BRDA:89,14,1,2
BRDA:92,15,0,0
BRDA:92,15,1,2
BRDA:105,16,0,1
BRDA:105,16,1,1
BRDA:105,16,2,0
BRDA:146,17,0,18
BRDA:146,17,1,0
BRDA:157,18,0,0
BRDA:157,18,1,18
BRDA:190,19,0,18
BRDA:219,20,0,0
BRDA:219,20,1,18
BRDA:232,21,0,0
BRDA:238,22,0,18
BRDA:247,23,0,18
BRDA:247,23,1,14
BRDA:250,24,0,4
BRDA:250,24,1,14
BRDA:250,25,0,18
BRDA:250,25,1,14
BRDA:261,26,0,18
BRF:53
BRH:35
end_of_record
TN:
SF:app\register\page.tsx
FN:33,(anonymous_2)
FN:55,RegisterPage
FN:69,(anonymous_4)
FN:160,(anonymous_5)
FN:197,(anonymous_6)
FN:197,(anonymous_7)
FN:220,(anonymous_8)
FN:220,(anonymous_9)
FN:269,Field
FN:289,inputCls
FNF:10
FNH:6
FNDA:4,(anonymous_2)
FNDA:18,RegisterPage
FNDA:3,(anonymous_4)
FNDA:180,(anonymous_5)
FNDA:0,(anonymous_6)
FNDA:0,(anonymous_7)
FNDA:0,(anonymous_8)
FNDA:0,(anonymous_9)
FNDA:108,Field
FNDA:90,inputCls
DA:3,1
DA:4,1
DA:5,1
DA:6,1
DA:7,1
DA:8,1
DA:9,1
DA:20,1
DA:21,1
DA:24,1
DA:33,4
DA:41,1
DA:55,5
DA:56,18
DA:57,18
DA:58,18
DA:59,18
DA:65,18
DA:69,18
DA:70,3
DA:71,3
DA:72,3
DA:79,1
DA:80,1
DA:82,2
DA:161,180
DA:197,0
DA:220,0
DA:290,90
DA:294,1
LF:30
LH:28
BRDA:83,0,0,2
BRDA:83,0,1,1
BRDA:188,1,0,0
BRDA:188,1,1,18
BRDA:200,2,0,0
BRDA:211,3,0,0
BRDA:211,3,1,18
BRDA:223,4,0,0
BRDA:235,5,0,18
BRDA:235,5,1,14
BRDA:238,6,0,4
BRDA:238,6,1,14
BRDA:238,7,0,18
BRDA:238,7,1,14
BRDA:282,8,0,108
BRDA:289,9,0,0
BRDA:290,10,0,90
BRDA:290,10,1,0
BRDA:290,11,0,1
BRDA:290,11,1,89
BRF:20
BRH:14
end_of_record
TN:
SF:app\reset-password\page.tsx
FN:10,ResetPasswordPageContent
FN:24,(anonymous_3)
FN:30,(anonymous_4)
FN:55,(anonymous_5)
FN:99,(anonymous_6)
FN:106,(anonymous_7)
FN:123,(anonymous_8)
FN:157,ResetPasswordPage
FNF:8
FNH:0
FNDA:0,ResetPasswordPageContent
FNDA:0,(anonymous_3)
FNDA:0,(anonymous_4)
FNDA:0,(anonymous_5)
FNDA:0,(anonymous_6)
FNDA:0,(anonymous_7)
FNDA:0,(anonymous_8)
FNDA:0,ResetPasswordPage
DA:3,0
DA:4,0
DA:5,0
DA:6,0
DA:7,0
DA:8,0
DA:11,0
DA:12,0
DA:15,0
DA:17,0
DA:19,0
DA:20,0
DA:21,0
DA:24,0
DA:25,0
DA:26,0
DA:30,0
DA:31,0
DA:33,0
DA:34,0
DA:37,0
DA:38,0
DA:41,0
DA:42,0
DA:45,0
DA:47,0
DA:48,0
DA:53,0
DA:55,0
DA:56,0
DA:59,0
DA:60,0
DA:61,0
DA:99,0
DA:106,0
DA:123,0
DA:157,0
LF:37
LH:0
BRDA:25,0,0,0
BRDA:25,0,1,0
BRDA:33,1,0,0
BRDA:33,1,1,0
BRDA:37,2,0,0
BRDA:37,2,1,0
BRDA:41,3,0,0
BRDA:41,3,1,0
BRDA:60,4,0,0
BRDA:60,4,1,0
BRDA:60,4,2,0
BRDA:84,5,0,0
BRDA:97,6,0,0
BRDA:97,6,1,0
BRDA:109,7,0,0
BRDA:136,8,0,0
BRDA:136,8,1,0
BRF:17
BRH:0
end_of_record
TN:
SF:components\booking\BookTutorForm.tsx
FN:16,BookTutorForm
FN:32,(anonymous_3)
FN:59,(anonymous_4)
FN:59,(anonymous_5)
FN:72,(anonymous_6)
FN:72,(anonymous_7)
FN:80,(anonymous_8)
FN:84,(anonymous_9)
FN:84,(anonymous_10)
FN:109,(anonymous_11)
FN:109,(anonymous_12)
FN:120,(anonymous_13)
FN:120,(anonymous_14)
FNF:13
FNH:0
FNDA:0,BookTutorForm
FNDA:0,(anonymous_3)
FNDA:0,(anonymous_4)
FNDA:0,(anonymous_5)
FNDA:0,(anonymous_6)
FNDA:0,(anonymous_7)
FNDA:0,(anonymous_8)
FNDA:0,(anonymous_9)
FNDA:0,(anonymous_10)
FNDA:0,(anonymous_11)
FNDA:0,(anonymous_12)
FNDA:0,(anonymous_13)
FNDA:0,(anonymous_14)
DA:3,0
DA:4,0
DA:5,0
DA:6,0
DA:7,0
DA:16,0
DA:17,0
DA:18,0
DA:20,0
DA:28,0
DA:29,0
DA:30,0
DA:32,0
DA:33,0
DA:34,0
DA:35,0
DA:36,0
DA:38,0
DA:39,0
DA:40,0
DA:41,0
DA:42,0
DA:45,0
DA:59,0
DA:72,0
DA:81,0
DA:84,0
DA:109,0
DA:120,0
LF:29
LH:0
BRDA:16,0,0,0
BRDA:34,1,0,0
BRDA:34,1,1,0
BRDA:35,2,0,0
BRDA:35,2,1,0
BRDA:36,3,0,0
BRDA:36,3,1,0
BRDA:40,4,0,0
BRDA:40,4,1,0
BRDA:45,5,0,0
BRDA:45,5,1,0
BRDA:85,6,0,0
BRDA:85,6,1,0
BRDA:90,7,0,0
BRDA:91,8,0,0
BRDA:91,8,1,0
BRDA:109,9,0,0
BRDA:109,9,1,0
BRDA:120,10,0,0
BRDA:120,10,1,0
BRDA:151,11,0,0
BRF:21
BRH:0
end_of_record
TN:
SF:components\chat\ChatWorkspace.tsx
FN:34,ChatWorkspace
FN:64,(anonymous_3)
FN:73,(anonymous_4)
FN:80,(anonymous_5)
FN:92,(anonymous_6)
FN:98,(anonymous_7)
FN:99,initChat
FN:156,(anonymous_9)
FN:160,(anonymous_10)
FN:171,(anonymous_11)
FN:178,(anonymous_12)
FN:184,(anonymous_13)
FN:186,(anonymous_14)
FN:194,(anonymous_15)
FN:213,(anonymous_16)
FN:217,(anonymous_17)
FN:217,(anonymous_18)
FN:220,(anonymous_19)
FN:221,(anonymous_20)
FN:222,(anonymous_21)
FN:222,(anonymous_22)
FN:237,(anonymous_23)
FN:237,(anonymous_24)
FN:274,(anonymous_25)
FN:277,(anonymous_26)
FN:290,(anonymous_27)
FN:356,(anonymous_28)
FN:363,(anonymous_29)
FN:366,(anonymous_30)
FN:404,(anonymous_31)
FN:451,(anonymous_32)
FN:452,(anonymous_33)
FNF:32
FNH:26
FNDA:45,ChatWorkspace
FNDA:45,(anonymous_3)
FNDA:0,(anonymous_4)
FNDA:45,(anonymous_5)
FNDA:5,(anonymous_6)
FNDA:45,(anonymous_7)
FNDA:45,initChat
FNDA:9,(anonymous_9)
FNDA:7,(anonymous_10)
FNDA:0,(anonymous_11)
FNDA:6,(anonymous_12)
FNDA:43,(anonymous_13)
FNDA:78,(anonymous_14)
FNDA:2,(anonymous_15)
FNDA:2,(anonymous_16)
FNDA:2,(anonymous_17)
FNDA:2,(anonymous_18)
FNDA:2,(anonymous_19)
FNDA:2,(anonymous_20)
FNDA:1,(anonymous_21)
FNDA:1,(anonymous_22)
FNDA:0,(anonymous_23)
FNDA:0,(anonymous_24)
FNDA:43,(anonymous_25)
FNDA:86,(anonymous_26)
FNDA:1,(anonymous_27)
FNDA:0,(anonymous_28)
FNDA:78,(anonymous_29)
FNDA:0,(anonymous_30)
FNDA:5,(anonymous_31)
FNDA:28,(anonymous_32)
FNDA:30,(anonymous_33)
DA:3,1
DA:4,1
DA:12,1
DA:13,1
DA:24,1
DA:25,1
DA:26,1
DA:27,1
DA:34,5
DA:35,45
DA:36,45
DA:37,45
DA:39,45
DA:40,45
DA:41,45
DA:43,45
DA:44,45
DA:46,45
DA:49,45
DA:50,45
DA:51,45
DA:53,45
DA:54,45
DA:55,45
DA:56,45
DA:58,45
DA:59,45
DA:61,45
DA:62,45
DA:64,45
DA:65,45
DA:66,45
DA:68,45
DA:69,5
DA:70,5
DA:73,45
DA:74,0
DA:75,0
DA:76,0
DA:80,45
DA:81,45
DA:82,5
DA:83,5
DA:84,5
DA:85,1
DA:86,1
DA:89,44
DA:92,45
DA:93,5
DA:94,2
DA:98,45
DA:100,45
DA:101,23
DA:104,22
DA:105,0
DA:106,0
DA:109,22
DA:110,0
DA:111,0
DA:112,0
DA:113,0
DA:114,0
DA:115,0
DA:116,0
DA:118,0
DA:119,0
DA:122,0
DA:124,0
DA:127,22
DA:128,0
DA:129,0
DA:130,0
DA:131,0
DA:132,0
DA:133,0
DA:134,0
DA:136,0
DA:137,0
DA:140,0
DA:145,45
DA:156,45
DA:157,9
DA:160,45
DA:161,7
DA:162,6
DA:165,1
DA:166,1
DA:167,0
DA:170,1
DA:171,1
DA:172,0
DA:173,0
DA:178,45
DA:179,6
DA:180,6
DA:183,45
DA:184,43
DA:186,78
DA:188,45
DA:194,45
DA:195,2
DA:196,2
DA:198,2
DA:199,2
DA:200,2
DA:201,2
DA:213,2
DA:215,2
DA:216,2
DA:217,2
DA:219,2
DA:220,2
DA:221,2
DA:222,2
DA:227,0
DA:232,0
DA:236,0
DA:237,0
DA:238,0
DA:242,45
DA:275,43
DA:277,86
DA:278,43
DA:279,43
DA:281,43
DA:287,43
DA:291,1
DA:292,1
DA:293,1
DA:356,0
DA:363,78
DA:366,0
DA:405,5
DA:406,5
DA:451,28
DA:453,30
DA:454,2
DA:455,2
LF:138
LH:102
BRDA:34,0,0,22
BRDA:44,1,0,45
BRDA:44,1,1,0
BRDA:47,2,0,45
BRDA:47,2,1,22
BRDA:58,3,0,45
BRDA:58,3,1,6
BRDA:59,4,0,45
BRDA:59,4,1,0
BRDA:69,5,0,0
BRDA:69,5,1,5
BRDA:74,6,0,0
BRDA:74,6,1,0
BRDA:75,7,0,0
BRDA:75,7,1,0
BRDA:83,8,0,0
BRDA:83,8,1,5
BRDA:84,9,0,4
BRDA:84,9,1,1
BRDA:85,10,0,0
BRDA:85,10,1,1
BRDA:93,11,0,2
BRDA:93,11,1,3
BRDA:100,12,0,23
BRDA:100,12,1,22
BRDA:104,13,0,0
BRDA:104,13,1,22
BRDA:109,14,0,0
BRDA:109,14,1,22
BRDA:112,15,0,0
BRDA:112,15,1,0
BRDA:113,16,0,0
BRDA:113,16,1,0
BRDA:114,17,0,0
BRDA:114,17,1,0
BRDA:122,18,0,0
BRDA:122,18,1,0
BRDA:127,19,0,0
BRDA:127,19,1,22
BRDA:130,20,0,0
BRDA:130,20,1,0
BRDA:131,21,0,0
BRDA:131,21,1,0
BRDA:132,22,0,0
BRDA:132,22,1,0
BRDA:140,23,0,0
BRDA:140,23,1,0
BRDA:161,24,0,6
BRDA:161,24,1,1
BRDA:161,25,0,7
BRDA:161,25,1,4
BRDA:166,26,0,0
BRDA:166,26,1,1
BRDA:172,27,0,0
BRDA:172,27,1,0
BRDA:184,28,0,43
BRDA:184,28,1,4
BRDA:188,29,0,0
BRDA:188,29,1,45
BRDA:189,30,0,0
BRDA:189,30,1,0
BRDA:196,31,0,0
BRDA:196,31,1,2
BRDA:196,32,0,2
BRDA:196,32,1,2
BRDA:196,32,2,2
BRDA:204,33,0,2
BRDA:204,33,1,0
BRDA:219,34,0,2
BRDA:219,34,1,0
BRDA:227,35,0,0
BRDA:227,35,1,0
BRDA:227,36,0,0
BRDA:227,36,1,0
BRDA:227,36,2,0
BRDA:232,37,0,0
BRDA:232,37,1,0
BRDA:232,38,0,0
BRDA:232,38,1,0
BRDA:232,38,2,0
BRDA:233,39,0,0
BRDA:233,39,1,0
BRDA:236,40,0,0
BRDA:236,40,1,0
BRDA:236,40,2,0
BRDA:242,41,0,2
BRDA:242,41,1,43
BRDA:242,42,0,45
BRDA:242,42,1,2
BRDA:257,43,0,43
BRDA:257,43,1,0
BRDA:274,44,0,43
BRDA:275,45,0,43
BRDA:275,45,1,0
BRDA:275,45,2,0
BRDA:277,46,0,43
BRDA:277,46,1,0
BRDA:281,47,0,0
BRDA:281,47,1,43
BRDA:282,48,0,0
BRDA:282,48,1,0
BRDA:293,49,0,0
BRDA:293,49,1,1
BRDA:296,50,0,39
BRDA:296,50,1,4
BRDA:303,51,0,0
BRDA:305,52,0,0
BRDA:305,52,1,0
BRDA:311,53,0,43
BRDA:321,54,0,43
BRDA:321,54,1,0
BRDA:328,55,0,0
BRDA:328,55,1,43
BRDA:330,56,0,43
BRDA:330,56,1,0
BRDA:333,57,0,43
BRDA:333,57,1,0
BRDA:352,58,0,39
BRDA:365,59,0,0
BRDA:375,60,0,39
BRDA:375,60,1,0
BRDA:378,61,0,0
BRDA:378,61,1,39
BRDA:380,62,0,39
BRDA:380,62,1,0
BRDA:386,63,0,39
BRDA:386,63,1,39
BRDA:399,64,0,0
BRDA:398,65,0,39
BRDA:398,65,1,0
BRDA:407,66,0,4
BRDA:407,66,1,1
BRDA:408,67,0,4
BRDA:408,67,1,1
BRDA:411,68,0,4
BRDA:411,68,1,1
BRDA:420,69,0,4
BRDA:420,69,1,1
BRDA:429,70,0,5
BRDA:429,70,1,4
BRDA:430,71,0,0
BRDA:430,71,1,4
BRDA:453,72,0,2
BRDA:453,72,1,28
BRDA:453,73,0,30
BRDA:453,73,1,2
BRDA:463,74,0,39
BRDA:463,74,1,28
BRF:148
BRH:74
end_of_record
TN:
SF:components\layout\MobileBottomNav.tsx
FN:16,MobileBottomNav
FN:37,(anonymous_3)
FNF:2
FNH:0
FNDA:0,MobileBottomNav
FNDA:0,(anonymous_3)
DA:3,0
DA:4,0
DA:5,0
DA:6,0
DA:8,0
DA:16,0
DA:17,0
DA:18,0
DA:22,0
DA:29,0
DA:38,0
DA:39,0
LF:12
LH:0
BRDA:22,0,0,0
BRDA:22,0,1,0
BRDA:22,0,2,0
BRDA:22,0,3,0
BRDA:22,0,4,0
BRDA:22,0,5,0
BRDA:29,1,0,0
BRDA:29,1,1,0
BRDA:29,2,0,0
BRDA:29,2,1,0
BRDA:29,2,2,0
BRDA:38,3,0,0
BRDA:38,3,1,0
BRDA:38,3,2,0
BRDA:48,4,0,0
BRDA:53,5,0,0
BRDA:53,5,1,0
BRDA:56,6,0,0
BRDA:56,6,1,0
BRDA:59,7,0,0
BRDA:61,8,0,0
BRDA:61,8,1,0
BRDA:67,9,0,0
BRF:23
BRH:0
end_of_record
TN:
SF:components\layout\Navbar.tsx
FN:27,Avatar
FN:48,Navbar
FN:52,(anonymous_4)
FN:61,(anonymous_5)
FN:64,(anonymous_6)
FN:65,handler
FN:71,(anonymous_8)
FN:85,(anonymous_9)
FN:92,(anonymous_10)
FN:125,(anonymous_11)
FN:193,(anonymous_12)
FN:226,(anonymous_13)
FN:233,(anonymous_14)
FN:240,(anonymous_15)
FN:246,(anonymous_16)
FN:288,DropItem
FNF:16
FNH:0
FNDA:0,Avatar
FNDA:0,Navbar
FNDA:0,(anonymous_4)
FNDA:0,(anonymous_5)
FNDA:0,(anonymous_6)
FNDA:0,handler
FNDA:0,(anonymous_8)
FNDA:0,(anonymous_9)
FNDA:0,(anonymous_10)
FNDA:0,(anonymous_11)
FNDA:0,(anonymous_12)
FNDA:0,(anonymous_13)
FNDA:0,(anonymous_14)
FNDA:0,(anonymous_15)
FNDA:0,(anonymous_16)
FNDA:0,DropItem
DA:3,0
DA:4,0
DA:5,0
DA:6,0
DA:7,0
DA:23,0
DA:24,0
DA:25,0
DA:28,0
DA:29,0
DA:30,0
DA:48,0
DA:49,0
DA:50,0
DA:51,0
DA:52,0
DA:53,0
DA:54,0
DA:56,0
DA:57,0
DA:58,0
DA:59,0
DA:61,0
DA:64,0
DA:66,0
DA:67,0
DA:70,0
DA:71,0
DA:76,0
DA:83,0
DA:85,0
DA:86,0
DA:87,0
DA:88,0
DA:92,0
DA:93,0
DA:94,0
DA:95,0
DA:125,0
DA:193,0
DA:226,0
DA:233,0
DA:240,0
DA:246,0
LF:44
LH:0
BRDA:27,0,0,0
BRDA:28,1,0,0
BRDA:28,1,1,0
BRDA:30,2,0,0
BRDA:30,2,1,0
BRDA:34,3,0,0
BRDA:34,3,1,0
BRDA:54,4,0,0
BRDA:54,4,1,0
BRDA:66,5,0,0
BRDA:66,5,1,0
BRDA:66,6,0,0
BRDA:66,6,1,0
BRDA:76,7,0,0
BRDA:76,7,1,0
BRDA:76,7,2,0
BRDA:76,7,3,0
BRDA:76,7,4,0
BRDA:76,7,5,0
BRDA:83,8,0,0
BRDA:83,8,1,0
BRDA:83,9,0,0
BRDA:83,9,1,0
BRDA:87,10,0,0
BRDA:87,10,1,0
BRDA:104,11,0,0
BRDA:104,11,1,0
BRDA:144,12,0,0
BRDA:155,13,0,0
BRDA:171,14,0,0
BRDA:188,15,0,0
BRDA:191,16,0,0
BRDA:190,17,0,0
BRDA:190,17,1,0
BRDA:199,18,0,0
BRDA:199,18,1,0
BRDA:204,19,0,0
BRDA:212,20,0,0
BRDA:222,21,0,0
BRF:39
BRH:0
end_of_record
TN:
SF:components\layout\NotificationBell.tsx
FN:15,NotificationBell
FN:30,(anonymous_2)
FN:31,(anonymous_3)
FN:38,(anonymous_4)
FN:42,(anonymous_5)
FN:45,(anonymous_6)
FN:50,(anonymous_7)
FN:55,(anonymous_8)
FN:62,(anonymous_9)
FN:62,(anonymous_10)
FN:100,(anonymous_11)
FN:103,(anonymous_12)
FNF:12
FNH:11
FNDA:8,NotificationBell
FNDA:5,(anonymous_2)
FNDA:5,(anonymous_3)
FNDA:5,(anonymous_4)
FNDA:8,(anonymous_5)
FNDA:0,(anonymous_6)
FNDA:1,(anonymous_7)
FNDA:1,(anonymous_8)
FNDA:3,(anonymous_9)
FNDA:3,(anonymous_10)
FNDA:3,(anonymous_11)
FNDA:1,(anonymous_12)
DA:3,1
DA:4,1
DA:5,1
DA:12,1
DA:13,1
DA:15,5
DA:16,8
DA:17,8
DA:18,8
DA:20,8
DA:21,8
DA:23,8
DA:24,8
DA:25,8
DA:26,8
DA:28,8
DA:30,8
DA:31,5
DA:32,5
DA:33,0
DA:37,5
DA:38,5
DA:41,8
DA:42,8
DA:43,8
DA:44,8
DA:45,0
DA:48,8
DA:50,7
DA:51,1
DA:52,1
DA:55,7
DA:56,1
DA:62,3
DA:101,3
DA:103,1
LF:36
LH:34
BRDA:32,0,0,0
BRDA:32,0,1,5
BRDA:32,1,0,5
BRDA:32,1,1,5
BRDA:41,2,0,8
BRDA:41,2,1,0
BRDA:44,3,0,8
BRDA:44,3,1,0
BRDA:48,4,0,1
BRDA:48,4,1,7
BRDA:51,5,0,0
BRDA:51,5,1,1
BRDA:68,6,0,7
BRDA:70,7,0,0
BRDA:70,7,1,7
BRDA:75,8,0,7
BRDA:81,9,0,3
BRDA:81,9,1,0
BRDA:86,10,0,3
BRDA:86,10,1,3
BRDA:95,11,0,0
BRDA:95,11,1,3
BRDA:97,12,0,0
BRDA:97,12,1,3
BRDA:103,13,0,1
BRDA:103,13,1,0
BRDA:106,14,0,0
BRDA:106,14,1,3
BRDA:110,15,0,0
BRDA:110,15,1,3
BRDA:113,16,0,3
BRDA:115,17,0,0
BRDA:115,17,1,3
BRDA:102,18,0,3
BRDA:102,18,1,0
BRF:35
BRH:22
end_of_record
TN:
SF:components\payment\EsewaCheckoutForm.tsx
FN:24,EsewaCheckoutForm
FN:27,(anonymous_2)
FN:29,(anonymous_3)
FN:33,(anonymous_4)
FN:50,(anonymous_5)
FN:54,(anonymous_6)
FN:82,(anonymous_7)
FNF:7
FNH:7
FNDA:5,EsewaCheckoutForm
FNDA:5,(anonymous_2)
FNDA:4,(anonymous_3)
FNDA:40,(anonymous_4)
FNDA:4,(anonymous_5)
FNDA:5,(anonymous_6)
FNDA:55,(anonymous_7)
DA:3,1
DA:5,1
DA:24,5
DA:25,5
DA:27,5
DA:29,5
DA:31,4
DA:32,4
DA:33,4
DA:34,40
DA:35,40
DA:37,4
DA:38,4
DA:39,4
DA:46,4
DA:50,5
DA:51,4
DA:54,5
DA:55,5
DA:56,5
DA:60,5
DA:83,55
LF:22
LH:22
BRF:0
BRH:0
end_of_record
TN:
SF:components\products\ImageUploader.tsx
FN:30,simulateProgress
FN:35,(anonymous_3)
FN:39,(anonymous_4)
FN:39,(anonymous_5)
FN:42,(anonymous_6)
FN:43,(anonymous_7)
FN:54,ImageUploader
FN:66,(anonymous_9)
FN:71,(anonymous_10)
FN:76,(anonymous_11)
FN:86,(anonymous_12)
FN:107,(anonymous_13)
FN:115,(anonymous_14)
FN:116,(anonymous_15)
FN:120,(anonymous_16)
FN:127,(anonymous_17)
FN:145,(anonymous_18)
FN:164,(anonymous_19)
FN:165,(anonymous_20)
FN:167,(anonymous_21)
FN:168,(anonymous_22)
FN:216,(anonymous_23)
FN:224,(anonymous_24)
FN:227,(anonymous_25)
FN:240,(anonymous_26)
FN:289,(anonymous_27)
FN:311,(anonymous_28)
FNF:27
FNH:0
FNDA:0,simulateProgress
FNDA:0,(anonymous_3)
FNDA:0,(anonymous_4)
FNDA:0,(anonymous_5)
FNDA:0,(anonymous_6)
FNDA:0,(anonymous_7)
FNDA:0,ImageUploader
FNDA:0,(anonymous_9)
FNDA:0,(anonymous_10)
FNDA:0,(anonymous_11)
FNDA:0,(anonymous_12)
FNDA:0,(anonymous_13)
FNDA:0,(anonymous_14)
FNDA:0,(anonymous_15)
FNDA:0,(anonymous_16)
FNDA:0,(anonymous_17)
FNDA:0,(anonymous_18)
FNDA:0,(anonymous_19)
FNDA:0,(anonymous_20)
FNDA:0,(anonymous_21)
FNDA:0,(anonymous_22)
FNDA:0,(anonymous_23)
FNDA:0,(anonymous_24)
FNDA:0,(anonymous_25)
FNDA:0,(anonymous_26)
FNDA:0,(anonymous_27)
FNDA:0,(anonymous_28)
DA:3,0
DA:4,0
DA:5,0
DA:26,0
DA:27,0
DA:34,0
DA:35,0
DA:36,0
DA:37,0
DA:38,0
DA:39,0
DA:40,0
DA:42,0
DA:43,0
DA:44,0
DA:47,0
DA:49,0
DA:54,0
DA:60,0
DA:61,0
DA:62,0
DA:63,0
DA:66,0
DA:67,0
DA:71,0
DA:72,0
DA:75,0
DA:77,0
DA:78,0
DA:79,0
DA:81,0
DA:82,0
DA:84,0
DA:87,0
DA:88,0
DA:89,0
DA:91,0
DA:92,0
DA:93,0
DA:95,0
DA:103,0
DA:104,0
DA:107,0
DA:108,0
DA:114,0
DA:116,0
DA:117,0
DA:118,0
DA:120,0
DA:126,0
DA:128,0
DA:129,0
DA:130,0
DA:132,0
DA:133,0
DA:134,0
DA:136,0
DA:137,0
DA:138,0
DA:139,0
DA:144,0
DA:146,0
DA:147,0
DA:148,0
DA:153,0
DA:164,0
DA:165,0
DA:167,0
DA:168,0
DA:216,0
DA:225,0
DA:227,0
DA:240,0
DA:289,0
DA:311,0
LF:75
LH:0
BRDA:37,0,0,0
BRDA:37,0,1,0
BRDA:39,1,0,0
BRDA:39,1,1,0
BRDA:44,2,0,0
BRDA:44,2,1,0
BRDA:57,3,0,0
BRDA:77,4,0,0
BRDA:77,4,1,0
BRDA:79,5,0,0
BRDA:79,5,1,0
BRDA:87,6,0,0
BRDA:87,6,1,0
BRDA:91,7,0,0
BRDA:91,7,1,0
BRDA:117,8,0,0
BRDA:117,8,1,0
BRDA:117,9,0,0
BRDA:117,9,1,0
BRDA:117,9,2,0
BRDA:128,10,0,0
BRDA:128,10,1,0
BRDA:132,11,0,0
BRDA:132,11,1,0
BRDA:158,12,0,0
BRDA:165,13,0,0
BRDA:165,13,1,0
BRDA:172,14,0,0
BRDA:172,14,1,0
BRDA:174,15,0,0
BRDA:174,15,1,0
BRDA:183,16,0,0
BRDA:183,16,1,0
BRDA:189,17,0,0
BRDA:189,17,1,0
BRDA:189,18,0,0
BRDA:189,18,1,0
BRDA:196,19,0,0
BRDA:196,19,1,0
BRDA:201,20,0,0
BRDA:222,21,0,0
BRDA:231,22,0,0
BRDA:231,22,1,0
BRDA:233,23,0,0
BRDA:233,23,1,0
BRDA:239,24,0,0
BRDA:239,24,1,0
BRDA:240,25,0,0
BRDA:240,25,1,0
BRDA:252,26,0,0
BRDA:252,26,1,0
BRDA:265,27,0,0
BRDA:273,28,0,0
BRDA:296,29,0,0
BRDA:296,29,1,0
BRDA:307,30,0,0
BRDA:307,30,1,0
BRDA:323,31,0,0
BRDA:323,31,1,0
BRDA:330,32,0,0
BRF:60
BRH:0
end_of_record
TN:
SF:components\products\ProductCard.tsx
FN:19,getSellerInfo
FN:29,getCategoryName
FN:39,ProductCard
FN:53,(anonymous_5)
FN:113,(anonymous_6)
FNF:5
FNH:0
FNDA:0,getSellerInfo
FNDA:0,getCategoryName
FNDA:0,ProductCard
FNDA:0,(anonymous_5)
FNDA:0,(anonymous_6)
DA:3,0
DA:4,0
DA:5,0
DA:7,0
DA:8,0
DA:9,0
DA:10,0
DA:11,0
DA:20,0
DA:21,0
DA:23,0
DA:24,0
DA:26,0
DA:30,0
DA:31,0
DA:33,0
DA:34,0
DA:36,0
DA:39,0
DA:44,0
DA:45,0
DA:46,0
DA:47,0
DA:48,0
DA:49,0
DA:50,0
DA:51,0
DA:53,0
DA:54,0
DA:55,0
DA:56,0
DA:57,0
DA:58,0
DA:61,0
DA:62,0
DA:63,0
DA:66,0
DA:67,0
DA:68,0
DA:71,0
DA:74,0
DA:75,0
DA:76,0
DA:77,0
DA:114,0
DA:115,0
DA:116,0
LF:47
LH:0
BRDA:20,0,0,0
BRDA:20,0,1,0
BRDA:20,1,0,0
BRDA:20,1,1,0
BRDA:23,2,0,0
BRDA:23,2,1,0
BRDA:23,3,0,0
BRDA:23,3,1,0
BRDA:30,4,0,0
BRDA:30,4,1,0
BRDA:30,5,0,0
BRDA:30,5,1,0
BRDA:31,6,0,0
BRDA:31,6,1,0
BRDA:33,7,0,0
BRDA:33,7,1,0
BRDA:33,8,0,0
BRDA:33,8,1,0
BRDA:34,9,0,0
BRDA:34,9,1,0
BRDA:41,10,0,0
BRDA:48,11,0,0
BRDA:48,11,1,0
BRDA:48,11,2,0
BRDA:48,12,0,0
BRDA:48,12,1,0
BRDA:49,13,0,0
BRDA:49,13,1,0
BRDA:49,13,2,0
BRDA:50,14,0,0
BRDA:50,14,1,0
BRDA:51,15,0,0
BRDA:51,15,1,0
BRDA:51,16,0,0
BRDA:51,16,1,0
BRDA:56,17,0,0
BRDA:56,17,1,0
BRDA:61,18,0,0
BRDA:61,18,1,0
BRDA:66,19,0,0
BRDA:66,19,1,0
BRDA:74,20,0,0
BRDA:74,20,1,0
BRDA:98,21,0,0
BRDA:118,22,0,0
BRDA:118,22,1,0
BRDA:122,23,0,0
BRDA:122,23,1,0
BRDA:127,24,0,0
BRDA:127,24,1,0
BRDA:132,25,0,0
BRDA:132,25,1,0
BRDA:156,26,0,0
BRDA:156,26,1,0
BRDA:161,27,0,0
BRDA:161,27,1,0
BRDA:163,28,0,0
BRDA:163,28,1,0
BRDA:182,29,0,0
BRDA:182,29,1,0
BRDA:184,30,0,0
BRDA:184,30,1,0
BRDA:184,31,0,0
BRDA:184,31,1,0
BRDA:191,32,0,0
BRDA:195,33,0,0
BRF:66
BRH:0
end_of_record
TN:
SF:components\products\ProductForm.tsx
FN:98,Section
FN:122,Field
FN:197,ProductForm
FN:228,(anonymous_7)
FN:229,(anonymous_8)
FN:252,(anonymous_9)
FN:277,(anonymous_10)
FN:278,(anonymous_11)
FN:288,handleFormSubmit
FN:391,(anonymous_13)
FN:401,(anonymous_14)
FN:465,(anonymous_16)
FN:538,(anonymous_17)
FN:539,(anonymous_18)
FN:544,(anonymous_19)
FN:560,(anonymous_20)
FN:560,(anonymous_21)
FN:561,(anonymous_22)
FN:583,(anonymous_23)
FNF:19
FNH:0
FNDA:0,Section
FNDA:0,Field
FNDA:0,ProductForm
FNDA:0,(anonymous_7)
FNDA:0,(anonymous_8)
FNDA:0,(anonymous_9)
FNDA:0,(anonymous_10)
FNDA:0,(anonymous_11)
FNDA:0,handleFormSubmit
FNDA:0,(anonymous_13)
FNDA:0,(anonymous_14)
FNDA:0,(anonymous_16)
FNDA:0,(anonymous_17)
FNDA:0,(anonymous_18)
FNDA:0,(anonymous_19)
FNDA:0,(anonymous_20)
FNDA:0,(anonymous_21)
FNDA:0,(anonymous_22)
FNDA:0,(anonymous_23)
DA:3,0
DA:4,0
DA:5,0
DA:6,0
DA:17,0
DA:20,0
DA:21,0
DA:22,0
DA:26,0
DA:58,0
DA:176,0
DA:183,0
DA:197,0
DA:212,0
DA:228,0
DA:229,0
DA:236,0
DA:239,0
DA:249,0
DA:251,0
DA:253,0
DA:254,0
DA:256,0
DA:260,0
DA:261,0
DA:263,0
DA:264,0
DA:271,0
DA:277,0
DA:278,0
DA:281,0
DA:282,0
DA:283,0
DA:284,0
DA:285,0
DA:289,0
DA:290,0
DA:291,0
DA:294,0
DA:296,0
DA:392,0
DA:393,0
DA:394,0
DA:401,0
DA:465,0
DA:539,0
DA:540,0
DA:541,0
DA:545,0
DA:552,0
DA:560,0
DA:562,0
DA:584,0
LF:53
LH:0
BRDA:144,0,0,0
BRDA:146,1,0,0
BRDA:148,2,0,0
BRDA:148,2,1,0
BRDA:150,3,0,0
BRDA:150,3,1,0
BRDA:162,4,0,0
BRDA:162,4,1,0
BRDA:167,5,0,0
BRDA:167,5,1,0
BRDA:200,6,0,0
BRDA:201,7,0,0
BRDA:215,8,0,0
BRDA:215,8,1,0
BRDA:216,9,0,0
BRDA:216,9,1,0
BRDA:218,10,0,0
BRDA:218,10,1,0
BRDA:219,11,0,0
BRDA:219,11,1,0
BRDA:221,12,0,0
BRDA:221,12,1,0
BRDA:222,13,0,0
BRDA:222,13,1,0
BRDA:229,14,0,0
BRDA:229,14,1,0
BRDA:249,15,0,0
BRDA:249,15,1,0
BRDA:253,16,0,0
BRDA:253,16,1,0
BRDA:254,17,0,0
BRDA:254,17,1,0
BRDA:256,18,0,0
BRDA:256,18,1,0
BRDA:256,19,0,0
BRDA:256,19,1,0
BRDA:257,20,0,0
BRDA:257,20,1,0
BRDA:260,21,0,0
BRDA:260,21,1,0
BRDA:260,22,0,0
BRDA:260,22,1,0
BRDA:261,23,0,0
BRDA:261,23,1,0
BRDA:263,24,0,0
BRDA:263,24,1,0
BRDA:267,25,0,0
BRDA:267,25,1,0
BRDA:281,26,0,0
BRDA:281,26,1,0
BRDA:282,27,0,0
BRDA:282,27,1,0
BRDA:285,28,0,0
BRDA:285,28,1,0
BRDA:289,29,0,0
BRDA:289,29,1,0
BRDA:289,30,0,0
BRDA:289,30,1,0
BRDA:307,31,0,0
BRDA:331,32,0,0
BRDA:331,32,1,0
BRDA:359,33,0,0
BRDA:359,33,1,0
BRDA:377,34,0,0
BRDA:377,34,1,0
BRDA:404,35,0,0
BRDA:404,35,1,0
BRDA:414,36,0,0
BRDA:448,37,0,0
BRDA:448,37,1,0
BRDA:468,38,0,0
BRDA:468,38,1,0
BRDA:477,39,0,0
BRDA:477,39,1,0
BRDA:483,40,0,0
BRDA:483,40,1,0
BRDA:488,41,0,0
BRDA:488,41,1,0
BRDA:512,42,0,0
BRDA:512,42,1,0
BRDA:531,43,0,0
BRDA:531,43,1,0
BRDA:535,44,0,0
BRDA:535,44,1,0
BRDA:540,45,0,0
BRDA:540,45,1,0
BRDA:579,46,0,0
BRDA:579,46,1,0
BRDA:606,47,0,0
BRDA:606,47,1,0
BRDA:612,48,0,0
BRDA:614,49,0,0
BRDA:614,49,1,0
BRDA:617,50,0,0
BRDA:617,50,1,0
BRF:95
BRH:0
end_of_record
TN:
SF:components\ui\Skeleton.tsx
FN:3,Skeleton
FN:12,ProductCardSkeleton
FN:41,ProductDetailSkeleton
FN:68,FilterBarSkeleton
FN:71,(anonymous_9)
FNF:5
FNH:0
FNDA:0,Skeleton
FNDA:0,ProductCardSkeleton
FNDA:0,ProductDetailSkeleton
FNDA:0,FilterBarSkeleton
FNDA:0,(anonymous_9)
DA:3,0
DA:12,0
DA:41,0
DA:68,0
DA:72,0
LF:5
LH:0
BRDA:3,0,0,0
BRF:1
BRH:0
end_of_record
TN:
SF:hooks\useAuth.ts
FN:8,useAuth
FN:9,(anonymous_2)
FN:10,(anonymous_3)
FN:11,(anonymous_4)
FN:15,(anonymous_5)
FN:17,(anonymous_6)
FN:18,(anonymous_7)
FNF:7
FNH:0
FNDA:0,useAuth
FNDA:0,(anonymous_2)
FNDA:0,(anonymous_3)
FNDA:0,(anonymous_4)
FNDA:0,(anonymous_5)
FNDA:0,(anonymous_6)
FNDA:0,(anonymous_7)
DA:1,0
DA:2,0
DA:8,0
DA:9,0
DA:10,0
DA:11,0
DA:13,0
DA:15,0
DA:17,0
DA:18,0
DA:21,0
LF:11
LH:0
BRF:0
BRH:0
end_of_record
TN:
SF:hooks\useBooking.ts
FN:6,(anonymous_8)
FN:9,(anonymous_9)
FN:10,(anonymous_10)
FN:14,(anonymous_11)
FN:17,(anonymous_12)
FN:20,(anonymous_13)
FN:23,(anonymous_14)
FN:27,(anonymous_15)
FN:29,(anonymous_16)
FN:32,(anonymous_17)
FN:35,(anonymous_18)
FN:39,(anonymous_19)
FN:43,(anonymous_20)
FN:46,(anonymous_21)
FN:47,(anonymous_22)
FN:51,(anonymous_23)
FN:54,(anonymous_24)
FNF:17
FNH:0
FNDA:0,(anonymous_8)
FNDA:0,(anonymous_9)
FNDA:0,(anonymous_10)
FNDA:0,(anonymous_11)
FNDA:0,(anonymous_12)
FNDA:0,(anonymous_13)
FNDA:0,(anonymous_14)
FNDA:0,(anonymous_15)
FNDA:0,(anonymous_16)
FNDA:0,(anonymous_17)
FNDA:0,(anonymous_18)
FNDA:0,(anonymous_19)
FNDA:0,(anonymous_20)
FNDA:0,(anonymous_21)
FNDA:0,(anonymous_22)
FNDA:0,(anonymous_23)
FNDA:0,(anonymous_24)
DA:3,0
DA:4,0
DA:6,0
DA:7,0
DA:8,0
DA:9,0
DA:10,0
DA:14,0
DA:15,0
DA:17,0
DA:20,0
DA:21,0
DA:23,0
DA:27,0
DA:28,0
DA:29,0
DA:32,0
DA:33,0
DA:34,0
DA:38,0
DA:39,0
DA:43,0
DA:44,0
DA:45,0
DA:46,0
DA:47,0
DA:51,0
DA:52,0
DA:54,0
LF:29
LH:0
BRDA:14,0,0,0
BRF:1
BRH:0
end_of_record
TN:
SF:hooks\useCart.ts
FN:10,(anonymous_8)
FN:13,useCart
FN:21,useAddToCart
FN:24,(anonymous_11)
FN:26,(anonymous_12)
FN:31,(anonymous_13)
FN:37,useUpdateCartQuantity
FN:40,(anonymous_15)
FN:42,(anonymous_16)
FN:46,(anonymous_17)
FN:50,useRemoveFromCart
FN:53,(anonymous_19)
FN:54,(anonymous_20)
FN:59,(anonymous_21)
FN:63,useClearCart
FN:67,(anonymous_23)
FNF:16
FNH:0
FNDA:0,(anonymous_8)
FNDA:0,useCart
FNDA:0,useAddToCart
FNDA:0,(anonymous_11)
FNDA:0,(anonymous_12)
FNDA:0,(anonymous_13)
FNDA:0,useUpdateCartQuantity
FNDA:0,(anonymous_15)
FNDA:0,(anonymous_16)
FNDA:0,(anonymous_17)
FNDA:0,useRemoveFromCart
FNDA:0,(anonymous_19)
FNDA:0,(anonymous_20)
FNDA:0,(anonymous_21)
FNDA:0,useClearCart
FNDA:0,(anonymous_23)
DA:3,0
DA:4,0
DA:5,0
DA:6,0
DA:8,0
DA:10,0
DA:13,0
DA:14,0
DA:21,0
DA:22,0
DA:23,0
DA:25,0
DA:27,0
DA:28,0
DA:29,0
DA:32,0
DA:37,0
DA:38,0
DA:39,0
DA:41,0
DA:43,0
DA:44,0
DA:46,0
DA:50,0
DA:51,0
DA:52,0
DA:53,0
DA:55,0
DA:56,0
DA:57,0
DA:59,0
DA:63,0
DA:64,0
DA:65,0
DA:68,0
DA:69,0
LF:36
LH:0
BRDA:32,0,0,0
BRDA:32,0,1,0
BRDA:46,1,0,0
BRDA:46,1,1,0
BRF:4
BRH:0
end_of_record
TN:
SF:hooks\useChat.ts
FN:8,(anonymous_8)
FN:11,useGetConversations
FN:19,useStartConversation
FN:22,(anonymous_11)
FN:23,(anonymous_12)
FN:27,useStartTutorConversation
FN:30,(anonymous_14)
FN:31,(anonymous_15)
FN:35,useGetMessages
FN:38,(anonymous_17)
FN:44,useSendMessage
FN:47,(anonymous_19)
FN:49,(anonymous_20)
FN:56,useMarkRead
FN:59,(anonymous_22)
FN:60,(anonymous_23)
FN:63,(anonymous_24)
FN:68,(anonymous_25)
FNF:18
FNH:0
FNDA:0,(anonymous_8)
FNDA:0,useGetConversations
FNDA:0,useStartConversation
FNDA:0,(anonymous_11)
FNDA:0,(anonymous_12)
FNDA:0,useStartTutorConversation
FNDA:0,(anonymous_14)
FNDA:0,(anonymous_15)
FNDA:0,useGetMessages
FNDA:0,(anonymous_17)
FNDA:0,useSendMessage
FNDA:0,(anonymous_19)
FNDA:0,(anonymous_20)
FNDA:0,useMarkRead
FNDA:0,(anonymous_22)
FNDA:0,(anonymous_23)
FNDA:0,(anonymous_24)
FNDA:0,(anonymous_25)
DA:3,0
DA:4,0
DA:6,0
DA:8,0
DA:11,0
DA:12,0
DA:19,0
DA:20,0
DA:21,0
DA:22,0
DA:23,0
DA:27,0
DA:28,0
DA:29,0
DA:30,0
DA:31,0
DA:35,0
DA:36,0
DA:38,0
DA:44,0
DA:45,0
DA:46,0
DA:48,0
DA:50,0
DA:51,0
DA:56,0
DA:57,0
DA:58,0
DA:59,0
DA:61,0
DA:64,0
DA:66,0
DA:70,0
DA:72,0
DA:73,0
LF:35
LH:0
BRDA:64,0,0,0
BRDA:64,0,1,0
BRDA:70,1,0,0
BRDA:70,1,1,0
BRDA:72,2,0,0
BRDA:72,2,1,0
BRF:6
BRH:0
end_of_record
TN:
SF:hooks\useDashboard.ts
FN:8,(anonymous_3)
FN:11,useDashboardData
FNF:2
FNH:0
FNDA:0,(anonymous_3)
FNDA:0,useDashboardData
DA:3,0
DA:4,0
DA:6,0
DA:8,0
DA:11,0
DA:12,0
LF:6
LH:0
BRF:0
BRH:0
end_of_record
TN:
SF:hooks\useNotifications.ts
FN:11,(anonymous_7)
FN:12,(anonymous_8)
FN:15,getSocketBaseUrl
FN:20,useNotifications
FN:23,(anonymous_11)
FN:29,useUnreadNotificationCount
FN:38,useMarkNotificationRead
FN:42,(anonymous_14)
FN:43,(anonymous_15)
FN:50,useMarkAllNotificationsRead
FN:55,(anonymous_17)
FN:62,useNotificationRealtime
FN:64,(anonymous_19)
FN:66,(anonymous_20)
FN:75,(anonymous_21)
FN:81,(anonymous_22)
FNF:16
FNH:0
FNDA:0,(anonymous_7)
FNDA:0,(anonymous_8)
FNDA:0,getSocketBaseUrl
FNDA:0,useNotifications
FNDA:0,(anonymous_11)
FNDA:0,useUnreadNotificationCount
FNDA:0,useMarkNotificationRead
FNDA:0,(anonymous_14)
FNDA:0,(anonymous_15)
FNDA:0,useMarkAllNotificationsRead
FNDA:0,(anonymous_17)
FNDA:0,useNotificationRealtime
FNDA:0,(anonymous_19)
FNDA:0,(anonymous_20)
FNDA:0,(anonymous_21)
FNDA:0,(anonymous_22)
DA:3,0
DA:4,0
DA:5,0
DA:6,0
DA:7,0
DA:9,0
DA:11,0
DA:12,0
DA:16,0
DA:17,0
DA:20,0
DA:21,0
DA:23,0
DA:29,0
DA:30,0
DA:38,0
DA:39,0
DA:41,0
DA:42,0
DA:44,0
DA:45,0
DA:50,0
DA:51,0
DA:53,0
DA:56,0
DA:57,0
DA:62,0
DA:63,0
DA:64,0
DA:66,0
DA:67,0
DA:69,0
DA:75,0
DA:76,0
DA:79,0
DA:81,0
DA:82,0
DA:83,0
LF:38
LH:0
BRDA:11,0,0,0
BRDA:11,1,0,0
BRDA:16,2,0,0
BRDA:16,2,1,0
BRDA:20,3,0,0
BRDA:20,4,0,0
BRDA:38,5,0,0
BRDA:38,6,0,0
BRDA:50,7,0,0
BRDA:50,8,0,0
BRDA:67,9,0,0
BRDA:67,9,1,0
BRDA:67,10,0,0
BRDA:67,10,1,0
BRF:14
BRH:0
end_of_record
TN:
SF:hooks\useOrders.ts
FN:10,(anonymous_5)
FN:11,(anonymous_6)
FN:14,useMyPurchases
FN:23,useMySales
FN:32,useCompleteOrder
FN:36,(anonymous_10)
FN:37,(anonymous_11)
FNF:7
FNH:0
FNDA:0,(anonymous_5)
FNDA:0,(anonymous_6)
FNDA:0,useMyPurchases
FNDA:0,useMySales
FNDA:0,useCompleteOrder
FNDA:0,(anonymous_10)
FNDA:0,(anonymous_11)
DA:3,0
DA:4,0
DA:5,0
DA:6,0
DA:8,0
DA:10,0
DA:11,0
DA:14,0
DA:15,0
DA:23,0
DA:24,0
DA:32,0
DA:33,0
DA:35,0
DA:36,0
DA:38,0
LF:16
LH:0
BRF:0
BRH:0
end_of_record
TN:
SF:hooks\usePayment.ts
FN:10,(anonymous_6)
FN:13,usePaymentHistory
FN:21,useVerifyPayment
FN:24,(anonymous_9)
FN:25,(anonymous_10)
FN:32,useInitPayment
FN:34,(anonymous_12)
FN:38,useInitCartPayment
FN:40,(anonymous_14)
FNF:9
FNH:0
FNDA:0,(anonymous_6)
FNDA:0,usePaymentHistory
FNDA:0,useVerifyPayment
FNDA:0,(anonymous_9)
FNDA:0,(anonymous_10)
FNDA:0,useInitPayment
FNDA:0,(anonymous_12)
FNDA:0,useInitCartPayment
FNDA:0,(anonymous_14)
DA:3,0
DA:4,0
DA:5,0
DA:8,0
DA:10,0
DA:13,0
DA:14,0
DA:21,0
DA:22,0
DA:23,0
DA:24,0
DA:26,0
DA:27,0
DA:32,0
DA:33,0
DA:34,0
DA:38,0
DA:39,0
DA:40,0
LF:19
LH:0
BRF:0
BRH:0
end_of_record
TN:
SF:hooks\useProducts.ts
FN:18,(anonymous_13)
FN:19,(anonymous_14)
FN:21,(anonymous_15)
FN:22,(anonymous_16)
FN:23,(anonymous_17)
FN:24,(anonymous_18)
FN:25,(anonymous_19)
FN:34,useGetProducts
FN:43,(anonymous_21)
FN:46,(anonymous_22)
FN:56,useGetProductById
FN:59,(anonymous_24)
FN:67,useGetMyListings
FN:70,(anonymous_26)
FN:77,useCreateProduct
FN:80,(anonymous_28)
FN:81,(anonymous_29)
FN:92,useUpdateProduct
FN:95,(anonymous_31)
FN:96,(anonymous_32)
FN:108,useDeleteProduct
FN:111,(anonymous_34)
FN:112,(anonymous_35)
FN:123,useChangeProductStatus
FN:126,(anonymous_37)
FN:128,(anonymous_38)
FN:139,useCategories
FN:147,useCreateCategory
FN:150,(anonymous_41)
FN:151,(anonymous_42)
FN:159,useWishlist
FN:169,useToggleWishlist
FN:173,(anonymous_45)
FN:186,(anonymous_46)
FN:191,(anonymous_47)
FN:197,(anonymous_48)
FN:205,(anonymous_49)
FN:210,(anonymous_50)
FNF:38
FNH:0
FNDA:0,(anonymous_13)
FNDA:0,(anonymous_14)
FNDA:0,(anonymous_15)
FNDA:0,(anonymous_16)
FNDA:0,(anonymous_17)
FNDA:0,(anonymous_18)
FNDA:0,(anonymous_19)
FNDA:0,useGetProducts
FNDA:0,(anonymous_21)
FNDA:0,(anonymous_22)
FNDA:0,useGetProductById
FNDA:0,(anonymous_24)
FNDA:0,useGetMyListings
FNDA:0,(anonymous_26)
FNDA:0,useCreateProduct
FNDA:0,(anonymous_28)
FNDA:0,(anonymous_29)
FNDA:0,useUpdateProduct
FNDA:0,(anonymous_31)
FNDA:0,(anonymous_32)
FNDA:0,useDeleteProduct
FNDA:0,(anonymous_34)
FNDA:0,(anonymous_35)
FNDA:0,useChangeProductStatus
FNDA:0,(anonymous_37)
FNDA:0,(anonymous_38)
FNDA:0,useCategories
FNDA:0,useCreateCategory
FNDA:0,(anonymous_41)
FNDA:0,(anonymous_42)
FNDA:0,useWishlist
FNDA:0,useToggleWishlist
FNDA:0,(anonymous_45)
FNDA:0,(anonymous_46)
FNDA:0,(anonymous_47)
FNDA:0,(anonymous_48)
FNDA:0,(anonymous_49)
FNDA:0,(anonymous_50)
DA:9,0
DA:10,0
DA:11,0
DA:16,0
DA:18,0
DA:20,0
DA:21,0
DA:22,0
DA:23,0
DA:24,0
DA:25,0
DA:34,0
DA:35,0
DA:44,0
DA:47,0
DA:48,0
DA:56,0
DA:57,0
DA:59,0
DA:67,0
DA:68,0
DA:70,0
DA:77,0
DA:78,0
DA:79,0
DA:80,0
DA:83,0
DA:84,0
DA:85,0
DA:92,0
DA:93,0
DA:94,0
DA:95,0
DA:98,0
DA:99,0
DA:100,0
DA:101,0
DA:108,0
DA:109,0
DA:110,0
DA:111,0
DA:113,0
DA:114,0
DA:115,0
DA:116,0
DA:123,0
DA:124,0
DA:125,0
DA:127,0
DA:129,0
DA:130,0
DA:131,0
DA:132,0
DA:139,0
DA:140,0
DA:147,0
DA:148,0
DA:149,0
DA:150,0
DA:152,0
DA:159,0
DA:160,0
DA:169,0
DA:170,0
DA:172,0
DA:180,0
DA:181,0
DA:183,0
DA:187,0
DA:188,0
DA:191,0
DA:192,0
DA:193,0
DA:197,0
DA:203,0
DA:206,0
DA:207,0
DA:211,0
DA:212,0
LF:79
LH:0
BRDA:48,0,0,0
BRDA:48,0,1,0
BRDA:67,1,0,0
BRDA:67,2,0,0
BRDA:180,3,0,0
BRDA:180,3,1,0
BRDA:192,4,0,0
BRDA:192,4,1,0
BRDA:195,5,0,0
BRDA:195,5,1,0
BRDA:197,6,0,0
BRDA:197,6,1,0
BRDA:197,6,2,0
BRDA:199,7,0,0
BRDA:199,7,1,0
BRDA:206,8,0,0
BRDA:206,8,1,0
BRF:17
BRH:0
end_of_record
TN:
SF:lib\api.ts
FN:11,getTokenFromPersistedAuth
FN:28,(anonymous_3)
FN:39,(anonymous_4)
FN:40,(anonymous_5)
FNF:4
FNH:0
FNDA:0,getTokenFromPersistedAuth
FNDA:0,(anonymous_3)
FNDA:0,(anonymous_4)
FNDA:0,(anonymous_5)
DA:1,1
DA:2,1
DA:4,1
DA:9,1
DA:12,0
DA:14,0
DA:15,0
DA:16,0
DA:18,0
DA:22,0
DA:24,0
DA:28,1
DA:29,0
DA:30,0
DA:31,0
DA:32,0
DA:35,0
DA:38,1
DA:39,0
DA:41,0
DA:43,0
DA:44,0
DA:45,0
DA:47,0
DA:48,0
DA:49,0
DA:50,0
DA:54,0
DA:58,1
LF:29
LH:7
BRDA:4,0,0,1
BRDA:4,0,1,0
BRDA:12,1,0,0
BRDA:12,1,1,0
BRDA:16,2,0,0
BRDA:16,2,1,0
BRDA:22,3,0,0
BRDA:22,3,1,0
BRDA:29,4,0,0
BRDA:29,4,1,0
BRDA:30,5,0,0
BRDA:30,5,1,0
BRDA:31,6,0,0
BRDA:31,6,1,0
BRDA:43,7,0,0
BRDA:43,7,1,0
BRDA:43,8,0,0
BRDA:43,8,1,0
BRDA:48,9,0,0
BRDA:48,9,1,0
BRF:20
BRH:1
end_of_record
TN:
SF:lib\bookingApi.ts
FN:60,(anonymous_2)
FN:65,(anonymous_3)
FN:70,(anonymous_4)
FN:75,(anonymous_5)
FN:80,(anonymous_6)
FN:89,(anonymous_7)
FN:94,(anonymous_8)
FNF:7
FNH:0
FNDA:0,(anonymous_2)
FNDA:0,(anonymous_3)
FNDA:0,(anonymous_4)
FNDA:0,(anonymous_5)
FNDA:0,(anonymous_6)
FNDA:0,(anonymous_7)
FNDA:0,(anonymous_8)
DA:1,0
DA:59,0
DA:61,0
DA:62,0
DA:66,0
DA:67,0
DA:71,0
DA:72,0
DA:76,0
DA:77,0
DA:85,0
DA:86,0
DA:90,0
DA:91,0
DA:95,0
DA:96,0
LF:16
LH:0
BRDA:65,0,0,0
BRF:1
BRH:0
end_of_record
TN:
SF:lib\cartApi.ts
FN:21,(anonymous_2)
FN:25,(anonymous_3)
FN:29,(anonymous_4)
FN:33,(anonymous_5)
FN:37,(anonymous_6)
FNF:5
FNH:0
FNDA:0,(anonymous_2)
FNDA:0,(anonymous_3)
FNDA:0,(anonymous_4)
FNDA:0,(anonymous_5)
FNDA:0,(anonymous_6)
DA:1,0
DA:20,0
DA:22,0
DA:23,0
DA:26,0
DA:27,0
DA:30,0
DA:31,0
DA:34,0
DA:35,0
DA:38,0
DA:39,0
LF:12
LH:0
BRDA:25,0,0,0
BRF:1
BRH:0
end_of_record
TN:
SF:lib\chatApi.ts
FN:42,isRecord
FN:46,extractStatus
FN:54,isTransientError
FN:72,generateMessageId
FN:87,getWithFallback
FN:102,postWithFallback
FN:117,patchWithFallback
FN:132,normalizeMessage
FN:150,(anonymous_10)
FN:155,(anonymous_11)
FN:160,(anonymous_12)
FN:175,(anonymous_13)
FN:184,(anonymous_14)
FN:191,(anonymous_15)
FN:195,(anonymous_16)
FN:243,(anonymous_17)
FNF:16
FNH:8
FNDA:5,isRecord
FNDA:2,extractStatus
FNDA:1,isTransientError
FNDA:0,generateMessageId
FNDA:1,getWithFallback
FNDA:0,postWithFallback
FNDA:0,patchWithFallback
FNDA:2,normalizeMessage
FNDA:0,(anonymous_10)
FNDA:0,(anonymous_11)
FNDA:0,(anonymous_12)
FNDA:1,(anonymous_13)
FNDA:0,(anonymous_14)
FNDA:1,(anonymous_15)
FNDA:1,(anonymous_16)
FNDA:0,(anonymous_17)
DA:1,1
DA:43,5
DA:47,2
DA:48,2
DA:49,2
DA:50,2
DA:51,2
DA:55,1
DA:56,1
DA:57,0
DA:60,1
DA:61,1
DA:62,1
DA:64,0
DA:73,0
DA:74,0
DA:79,0
DA:84,0
DA:88,1
DA:89,1
DA:90,0
DA:92,1
DA:93,1
DA:94,0
DA:97,1
DA:98,1
DA:103,0
DA:104,0
DA:105,0
DA:107,0
DA:108,0
DA:109,0
DA:112,0
DA:113,0
DA:118,0
DA:119,0
DA:120,0
DA:122,0
DA:123,0
DA:124,0
DA:127,0
DA:128,0
DA:133,2
DA:135,2
DA:149,2
DA:151,0
DA:152,0
DA:156,0
DA:157,0
DA:161,0
DA:162,0
DA:163,0
DA:165,0
DA:166,0
DA:167,0
DA:170,0
DA:171,0
DA:176,1
DA:181,1
DA:182,0
DA:184,0
DA:188,1
DA:189,1
DA:191,1
DA:196,1
DA:208,1
DA:209,2
DA:211,2
DA:212,2
DA:213,2
DA:214,1
DA:216,1
DA:221,1
DA:223,1
DA:224,0
DA:225,0
DA:228,1
DA:229,1
DA:231,1
DA:232,0
DA:235,1
DA:240,0
DA:244,0
DA:245,0
DA:250,0
DA:252,0
DA:255,0
DA:256,0
DA:257,0
DA:261,0
DA:268,0
LF:91
LH:40
BRDA:43,0,0,5
BRDA:43,0,1,5
BRDA:47,1,0,0
BRDA:47,1,1,2
BRDA:49,2,0,0
BRDA:49,2,1,2
BRDA:51,3,0,2
BRDA:51,3,1,0
BRDA:56,4,0,0
BRDA:56,4,1,1
BRDA:56,5,0,1
BRDA:56,5,1,1
BRDA:56,5,2,1
BRDA:56,5,3,1
BRDA:56,5,4,1
BRDA:60,6,0,0
BRDA:60,6,1,1
BRDA:62,7,0,1
BRDA:62,7,1,0
BRDA:65,8,0,0
BRDA:65,8,1,0
BRDA:65,8,2,0
BRDA:65,8,3,0
BRDA:73,9,0,0
BRDA:73,9,1,0
BRDA:74,10,0,0
BRDA:74,10,1,0
BRDA:76,11,0,0
BRDA:76,11,1,0
BRDA:79,12,0,0
BRDA:79,12,1,0
BRDA:81,13,0,0
BRDA:81,13,1,0
BRDA:93,14,0,0
BRDA:93,14,1,1
BRDA:93,15,0,1
BRDA:93,15,1,1
BRDA:93,15,2,0
BRDA:108,16,0,0
BRDA:108,16,1,0
BRDA:108,17,0,0
BRDA:108,17,1,0
BRDA:108,17,2,0
BRDA:123,18,0,0
BRDA:123,18,1,0
BRDA:123,19,0,0
BRDA:123,19,1,0
BRDA:123,19,2,0
BRDA:133,20,0,2
BRDA:133,20,1,0
BRDA:133,20,2,0
BRDA:133,21,0,0
BRDA:133,21,1,0
BRDA:137,22,0,2
BRDA:137,22,1,0
BRDA:141,23,0,2
BRDA:141,23,1,0
BRDA:141,23,2,0
BRDA:144,24,0,2
BRDA:144,24,1,0
BRDA:166,25,0,0
BRDA:166,25,1,0
BRDA:166,26,0,0
BRDA:166,26,1,0
BRDA:175,27,0,1
BRDA:181,28,0,0
BRDA:181,28,1,1
BRDA:188,29,0,1
BRDA:188,29,1,0
BRDA:214,30,0,1
BRDA:214,30,1,0
BRDA:214,30,2,0
BRDA:217,31,0,1
BRDA:217,31,1,0
BRDA:223,32,0,0
BRDA:223,32,1,1
BRDA:223,33,0,1
BRDA:223,33,1,0
BRDA:229,34,0,1
BRDA:229,34,1,0
BRDA:229,34,2,0
BRDA:229,34,3,0
BRDA:231,35,0,0
BRDA:231,35,1,1
BRDA:255,36,0,0
BRDA:255,36,1,0
BRDA:255,37,0,0
BRDA:255,37,1,0
BRF:88
BRH:29
end_of_record
TN:
SF:lib\dashboardApi.ts
FN:18,extractArray
FN:29,extractObject
FN:44,getWithFallback
FN:62,(anonymous_5)
FN:69,(anonymous_6)
FN:74,(anonymous_7)
FN:79,(anonymous_8)
FN:84,(anonymous_9)
FN:89,(anonymous_10)
FN:94,(anonymous_11)
FN:96,(anonymous_12)
FN:97,(anonymous_13)
FN:98,(anonymous_14)
FN:99,(anonymous_15)
FN:100,(anonymous_16)
FN:101,(anonymous_17)
FN:106,(anonymous_18)
FN:107,(anonymous_19)
FN:109,(anonymous_20)
FN:117,(anonymous_21)
FN:119,(anonymous_22)
FN:140,(anonymous_23)
FN:148,(anonymous_24)
FNF:23
FNH:0
FNDA:0,extractArray
FNDA:0,extractObject
FNDA:0,getWithFallback
FNDA:0,(anonymous_5)
FNDA:0,(anonymous_6)
FNDA:0,(anonymous_7)
FNDA:0,(anonymous_8)
FNDA:0,(anonymous_9)
FNDA:0,(anonymous_10)
FNDA:0,(anonymous_11)
FNDA:0,(anonymous_12)
FNDA:0,(anonymous_13)
FNDA:0,(anonymous_14)
FNDA:0,(anonymous_15)
FNDA:0,(anonymous_16)
FNDA:0,(anonymous_17)
FNDA:0,(anonymous_18)
FNDA:0,(anonymous_19)
FNDA:0,(anonymous_20)
FNDA:0,(anonymous_21)
FNDA:0,(anonymous_22)
FNDA:0,(anonymous_23)
FNDA:0,(anonymous_24)
DA:1,0
DA:9,0
DA:10,0
DA:19,0
DA:21,0
DA:22,0
DA:23,0
DA:26,0
DA:30,0
DA:32,0
DA:33,0
DA:34,0
DA:37,0
DA:38,0
DA:41,0
DA:45,0
DA:46,0
DA:47,0
DA:49,0
DA:50,0
DA:52,0
DA:53,0
DA:56,0
DA:57,0
DA:61,0
DA:63,0
DA:64,0
DA:65,0
DA:66,0
DA:70,0
DA:71,0
DA:75,0
DA:76,0
DA:80,0
DA:81,0
DA:85,0
DA:86,0
DA:90,0
DA:91,0
DA:95,0
DA:96,0
DA:97,0
DA:98,0
DA:99,0
DA:100,0
DA:101,0
DA:104,0
DA:105,0
DA:106,0
DA:107,0
DA:109,0
DA:110,0
DA:117,0
DA:119,0
DA:120,0
DA:121,0
DA:124,0
DA:139,0
DA:141,0
DA:142,0
DA:143,0
DA:147,0
DA:149,0
DA:150,0
DA:151,0
DA:155,0
LF:66
LH:0
BRDA:19,0,0,0
BRDA:19,0,1,0
BRDA:21,1,0,0
BRDA:21,1,1,0
BRDA:21,2,0,0
BRDA:21,2,1,0
BRDA:23,3,0,0
BRDA:23,3,1,0
BRDA:30,4,0,0
BRDA:30,4,1,0
BRDA:30,5,0,0
BRDA:30,5,1,0
BRDA:33,6,0,0
BRDA:33,6,1,0
BRDA:33,7,0,0
BRDA:33,7,1,0
BRDA:33,7,2,0
BRDA:37,8,0,0
BRDA:37,8,1,0
BRDA:50,9,0,0
BRDA:50,9,1,0
BRDA:50,9,2,0
BRDA:52,10,0,0
BRDA:52,10,1,0
BRDA:52,11,0,0
BRDA:52,11,1,0
BRDA:65,12,0,0
BRDA:65,12,1,0
BRDA:110,13,0,0
BRDA:110,13,1,0
BRDA:110,13,2,0
BRDA:110,13,3,0
BRDA:110,13,4,0
BRDA:120,14,0,0
BRDA:120,14,1,0
BRDA:126,15,0,0
BRDA:126,15,1,0
BRDA:134,16,0,0
BRDA:134,16,1,0
BRDA:141,17,0,0
BRDA:141,17,1,0
BRDA:142,18,0,0
BRDA:142,18,1,0
BRDA:149,19,0,0
BRDA:149,19,1,0
BRDA:150,20,0,0
BRDA:150,20,1,0
BRF:47
BRH:0
end_of_record
TN:
SF:lib\esewaApi.ts
FN:18,(anonymous_6)
FN:25,(anonymous_7)
FN:37,(anonymous_8)
FN:46,(anonymous_9)
FN:53,(anonymous_10)
FN:84,decodeEsewaResponse
FN:101,formatAmountForEsewa
FNF:7
FNH:1
FNDA:1,(anonymous_6)
FNDA:0,(anonymous_7)
FNDA:0,(anonymous_8)
FNDA:0,(anonymous_9)
FNDA:0,(anonymous_10)
FNDA:0,decodeEsewaResponse
FNDA:0,formatAmountForEsewa
DA:1,2
DA:11,2
DA:19,1
DA:22,1
DA:26,0
DA:29,0
DA:38,0
DA:39,0
DA:47,0
DA:50,0
DA:54,0
DA:55,0
DA:65,9
DA:84,0
DA:85,0
DA:86,0
DA:89,0
DA:90,0
DA:91,0
DA:93,0
DA:94,0
DA:101,0
DA:102,0
LF:23
LH:5
BRDA:68,0,0,2
BRDA:68,0,1,2
BRDA:72,1,0,2
BRDA:72,1,1,2
BRDA:85,2,0,0
BRDA:85,2,1,0
BRF:6
BRH:4
end_of_record
TN:
SF:lib\formatters.ts
FN:7,formatPrice
FN:14,timeAgo
FN:36,truncate
FN:44,titleCase
FN:47,(anonymous_10)
FN:54,formatDate
FNF:6
FNH:2
FNDA:17,formatPrice
FNDA:46,timeAgo
FNDA:0,truncate
FNDA:0,titleCase
FNDA:0,(anonymous_10)
FNDA:0,formatDate
DA:7,17
DA:8,17
DA:14,46
DA:15,46
DA:16,46
DA:17,46
DA:18,46
DA:19,46
DA:20,46
DA:21,46
DA:22,46
DA:23,46
DA:25,46
DA:26,46
DA:27,46
DA:28,46
DA:29,46
DA:30,46
DA:36,0
DA:37,0
DA:38,0
DA:44,0
DA:45,0
DA:47,0
DA:54,0
DA:55,0
DA:56,0
LF:27
LH:18
BRDA:25,0,0,0
BRDA:25,0,1,46
BRDA:25,1,0,0
BRDA:25,1,1,0
BRDA:26,2,0,0
BRDA:26,2,1,46
BRDA:26,3,0,0
BRDA:26,3,1,0
BRDA:27,4,0,0
BRDA:27,4,1,46
BRDA:27,5,0,0
BRDA:27,5,1,0
BRDA:28,6,0,0
BRDA:28,6,1,46
BRDA:28,7,0,0
BRDA:28,7,1,0
BRDA:29,8,0,0
BRDA:29,8,1,46
BRDA:29,9,0,0
BRDA:29,9,1,0
BRDA:36,10,0,0
BRDA:37,11,0,0
BRDA:37,11,1,0
BRDA:55,12,0,0
BRDA:55,12,1,0
BRF:25
BRH:5
end_of_record
TN:
SF:lib\notificationApi.ts
FN:40,normalizeNotification
FN:56,(anonymous_3)
FN:61,(anonymous_4)
FN:79,(anonymous_5)
FN:89,(anonymous_6)
FN:97,(anonymous_7)
FNF:6
FNH:3
FNDA:1,normalizeNotification
FNDA:1,(anonymous_3)
FNDA:1,(anonymous_4)
FNDA:0,(anonymous_5)
FNDA:0,(anonymous_6)
FNDA:0,(anonymous_7)
DA:1,1
DA:41,1
DA:55,1
DA:57,1
DA:59,1
DA:60,1
DA:61,1
DA:64,1
DA:80,0
DA:81,0
DA:90,0
DA:91,0
DA:98,0
DA:99,0
LF:14
LH:8
BRDA:42,0,0,1
BRDA:42,0,1,1
BRDA:43,1,0,1
BRDA:43,1,1,0
BRDA:44,2,0,1
BRDA:44,2,1,0
BRDA:45,3,0,1
BRDA:45,3,1,0
BRDA:46,4,0,1
BRDA:46,4,1,0
BRDA:47,5,0,1
BRDA:47,5,1,0
BRDA:48,6,0,0
BRDA:48,6,1,1
BRDA:50,7,0,1
BRDA:50,7,1,0
BRDA:56,8,0,1
BRDA:56,9,0,1
BRDA:59,10,0,1
BRDA:59,10,1,0
BRDA:60,11,0,1
BRDA:60,11,1,0
BRDA:68,12,0,1
BRDA:68,12,1,0
BRDA:70,13,0,1
BRDA:70,13,1,0
BRDA:71,14,0,1
BRDA:71,14,1,0
BRDA:72,15,0,1
BRDA:72,15,1,0
BRDA:73,16,0,1
BRDA:73,16,1,0
BRDA:84,17,0,0
BRDA:84,17,1,0
BRDA:102,18,0,0
BRDA:102,18,1,0
BRF:36
BRH:18
end_of_record
TN:
SF:lib\orderApi.ts
FN:15,normalizeOrderList
FN:17,(anonymous_3)
FN:17,(anonymous_4)
FN:20,normalizeOrderItem
FN:25,(anonymous_6)
FN:33,(anonymous_7)
FN:41,(anonymous_8)
FN:53,(anonymous_9)
FNF:8
FNH:0
FNDA:0,normalizeOrderList
FNDA:0,(anonymous_3)
FNDA:0,(anonymous_4)
FNDA:0,normalizeOrderItem
FNDA:0,(anonymous_6)
FNDA:0,(anonymous_7)
FNDA:0,(anonymous_8)
FNDA:0,(anonymous_9)
DA:1,0
DA:2,0
DA:16,0
DA:17,0
DA:21,0
DA:24,0
DA:26,0
DA:27,0
DA:34,0
DA:35,0
DA:42,0
DA:43,0
DA:44,0
DA:45,0
DA:47,0
DA:54,0
DA:55,0
DA:56,0
DA:57,0
DA:59,0
LF:20
LH:0
BRDA:16,0,0,0
BRDA:16,0,1,0
BRDA:44,1,0,0
BRDA:44,1,1,0
BRDA:56,2,0,0
BRDA:56,2,1,0
BRF:6
BRH:0
end_of_record
TN:
SF:lib\productApi.ts
FN:9,buildEmptyProductsResponse
FN:22,getWithFallback
FN:50,(anonymous_7)
FN:85,(anonymous_8)
FN:86,(anonymous_9)
FN:94,(anonymous_10)
FN:113,(anonymous_11)
FN:123,(anonymous_12)
FN:133,(anonymous_13)
FN:141,(anonymous_14)
FN:142,(anonymous_15)
FN:150,(anonymous_16)
FN:161,(anonymous_17)
FN:170,(anonymous_18)
FN:175,(anonymous_19)
FN:180,(anonymous_20)
FN:189,(anonymous_21)
FN:208,(anonymous_22)
FNF:18
FNH:4
FNDA:0,buildEmptyProductsResponse
FNDA:1,getWithFallback
FNDA:1,(anonymous_7)
FNDA:1,(anonymous_8)
FNDA:1,(anonymous_9)
FNDA:0,(anonymous_10)
FNDA:0,(anonymous_11)
FNDA:0,(anonymous_12)
FNDA:0,(anonymous_13)
FNDA:0,(anonymous_14)
FNDA:0,(anonymous_15)
FNDA:0,(anonymous_16)
FNDA:0,(anonymous_17)
FNDA:0,(anonymous_18)
FNDA:0,(anonymous_19)
FNDA:0,(anonymous_20)
FNDA:0,(anonymous_21)
FNDA:0,(anonymous_22)
DA:1,1
DA:7,1
DA:10,0
DA:25,1
DA:26,1
DA:27,1
DA:28,1
DA:30,0
DA:31,0
DA:33,0
DA:34,0
DA:37,0
DA:41,0
DA:46,1
DA:51,1
DA:53,1
DA:54,1
DA:55,1
DA:56,1
DA:57,1
DA:58,1
DA:59,1
DA:60,1
DA:61,1
DA:63,1
DA:64,1
DA:67,1
DA:68,1
DA:74,0
DA:75,0
DA:76,0
DA:78,0
DA:81,1
DA:85,1
DA:86,1
DA:95,0
DA:96,0
DA:97,0
DA:103,0
DA:106,0
DA:114,0
DA:117,0
DA:124,0
DA:127,0
DA:134,0
DA:137,0
DA:141,0
DA:142,0
DA:151,0
DA:152,0
DA:162,0
DA:163,0
DA:169,1
DA:171,0
DA:172,0
DA:176,0
DA:177,0
DA:181,0
DA:182,0
DA:188,1
DA:190,0
DA:193,0
DA:194,0
DA:195,0
DA:196,0
DA:198,0
DA:199,0
DA:200,0
DA:201,0
DA:206,0
DA:209,0
DA:210,0
DA:211,0
DA:214,0
DA:215,0
DA:219,0
DA:220,0
DA:221,0
DA:222,0
DA:223,0
DA:225,0
DA:226,0
DA:228,0
DA:229,0
DA:232,0
DA:238,0
DA:244,0
LF:87
LH:26
BRDA:9,0,0,0
BRDA:9,1,0,0
BRDA:31,2,0,0
BRDA:31,2,1,0
BRDA:33,3,0,0
BRDA:33,3,1,0
BRDA:41,4,0,0
BRDA:41,4,1,0
BRDA:53,5,0,1
BRDA:53,5,1,0
BRDA:54,6,0,0
BRDA:54,6,1,1
BRDA:55,7,0,0
BRDA:55,7,1,1
BRDA:56,8,0,0
BRDA:56,8,1,1
BRDA:57,9,0,0
BRDA:57,9,1,1
BRDA:58,10,0,0
BRDA:58,10,1,1
BRDA:59,11,0,0
BRDA:59,11,1,1
BRDA:60,12,0,1
BRDA:60,12,1,0
BRDA:61,13,0,1
BRDA:61,13,1,0
BRDA:64,14,0,1
BRDA:64,14,1,0
BRDA:70,15,0,1
BRDA:70,15,1,0
BRDA:71,16,0,1
BRDA:71,16,1,0
BRDA:75,17,0,0
BRDA:75,17,1,0
BRDA:75,18,0,0
BRDA:75,18,1,0
BRDA:76,19,0,0
BRDA:76,19,1,0
BRDA:76,20,0,0
BRDA:76,20,1,0
BRDA:83,21,0,1
BRDA:83,21,1,0
BRDA:103,22,0,0
BRDA:103,22,1,0
BRDA:103,22,2,0
BRDA:133,23,0,0
BRDA:133,24,0,0
BRDA:139,25,0,0
BRDA:139,25,1,0
BRDA:199,26,0,0
BRDA:199,26,1,0
BRDA:200,27,0,0
BRDA:200,27,1,0
BRDA:210,28,0,0
BRDA:210,28,1,0
BRDA:226,29,0,0
BRDA:226,29,1,0
BRDA:226,29,2,0
BRDA:228,30,0,0
BRDA:228,30,1,0
BRDA:238,31,0,0
BRDA:238,31,1,0
BRDA:238,32,0,0
BRDA:238,32,1,0
BRDA:240,33,0,0
BRDA:240,33,1,0
BRDA:240,33,2,0
BRF:67
BRH:13
end_of_record
TN:
SF:lib\receipt.ts
FN:25,safeText
FN:30,downloadReceiptPdf
FN:35,(anonymous_6)
FN:75,(anonymous_7)
FNF:4
FNH:0
FNDA:0,safeText
FNDA:0,downloadReceiptPdf
FNDA:0,(anonymous_6)
FNDA:0,(anonymous_7)
DA:1,0
DA:26,0
DA:27,0
DA:30,0
DA:31,0
DA:32,0
DA:35,0
DA:36,0
DA:38,0
DA:39,0
DA:41,0
DA:42,0
DA:43,0
DA:45,0
DA:46,0
DA:47,0
DA:48,0
DA:49,0
DA:51,0
DA:52,0
DA:54,0
DA:55,0
DA:56,0
DA:58,0
DA:59,0
DA:60,0
DA:61,0
DA:62,0
DA:64,0
DA:66,0
DA:67,0
DA:68,0
DA:69,0
DA:70,0
DA:72,0
DA:74,0
DA:75,0
DA:76,0
DA:77,0
DA:79,0
DA:80,0
DA:81,0
DA:82,0
DA:84,0
DA:87,0
DA:88,0
DA:90,0
DA:91,0
DA:92,0
DA:93,0
DA:95,0
DA:96,0
DA:97,0
DA:98,0
DA:99,0
DA:100,0
DA:103,0
LF:57
LH:0
BRDA:25,0,0,0
BRDA:26,1,0,0
BRDA:26,1,1,0
BRDA:26,2,0,0
BRDA:26,2,1,0
BRDA:31,3,0,0
BRDA:31,3,1,0
BRDA:31,4,0,0
BRDA:31,4,1,0
BRDA:39,5,0,0
BRDA:39,5,1,0
BRDA:77,6,0,0
BRDA:77,6,1,0
BRDA:95,7,0,0
BRDA:95,7,1,0
BRDA:103,8,0,0
BRDA:103,8,1,0
BRDA:103,8,2,0
BRF:18
BRH:0
end_of_record
TN:
SF:lib\tutorApi.ts
FN:21,(anonymous_6)
FN:31,(anonymous_7)
FN:36,(anonymous_8)
FN:41,(anonymous_9)
FNF:4
FNH:2
FNDA:1,(anonymous_6)
FNDA:0,(anonymous_7)
FNDA:0,(anonymous_8)
FNDA:1,(anonymous_9)
DA:1,1
DA:21,1
DA:27,1
DA:28,1
DA:31,1
DA:32,0
DA:33,0
DA:36,1
DA:37,0
DA:38,0
DA:41,1
DA:42,1
DA:43,1
LF:13
LH:9
BRF:0
BRH:0
end_of_record
